20 21 29.236695 36.475517 1330.463337 27.070557 30.439877 926.586114
20 21 29.236695 36.475517 1330.463337 27.070557 30.439877 926.586114
21 22 27.964544 35.318985 1247.430725 25.995089 29.638851 878.461496
22 23 26.423678 33.553841 1125.860279 24.747575 28.520726 813.431838
23 24 24.683935 31.230211 975.326084 23.363666 27.083774 733.530835
24 25 23.117882 29.080847 845.695638 22.086736 25.688188 659.883001
25 26 21.714995 27.127389 735.895217 20.914590 24.364155 593.612058
26 27 20.469784 25.326176 641.415168 19.858430 23.115953 534.347302
27 28 19.401776 23.795170 566.210123 18.929224 21.996425 483.842698
28 29 18.400685 22.298601 497.227601 18.053866 20.919104 437.608930
29 30 17.499141 20.876519 435.829045 17.260048 19.891561 395.674216
30 31 16.671959 19.683703 387.448156 16.509437 18.968658 359.809981
31 32 16.009277 18.678556 348.888450 15.900000 18.146237 329.285911
32 33 15.415167 17.773937 315.912824 15.346269 17.378960 302.028255
33 34 14.888850 16.999523 288.983767 14.851471 16.709448 279.205648
34 35 14.353540 16.291618 265.416819 14.341717 16.086455 258.774041
35 36 13.910765 15.710754 246.827785 13.918885 15.572916 242.515712
36 37 13.457523 15.100166 228.015027 13.481901 15.017676 225.530590
37 38 13.106783 14.575658 212.449818 13.144111 14.541737 211.462122
38 39 12.939969 14.108769 199.057366 12.984128 14.119138 199.350046
39 40 12.761409 13.671702 186.915434 12.810143 13.715077 188.103334
1 3 62.122893 47.426651 2249.287223 60.283353 nan nan
2 4 49.257351 43.837942 1921.765124 48.650864 nan nan
3 5 40.699876 40.127801 1610.240408 40.736987 16.306119 265.889508
4 6 34.490534 36.712478 1347.806029 34.911227 19.933758 397.354716
5 7 29.827946 33.731489 1137.813376 30.474683 20.710882 428.940619
6 8 26.257463 31.226910 975.119899 27.027039 20.586334 423.797141
7 9 23.495330 29.212712 853.382560 24.316651 20.187231 407.524310
8 10 21.385899 27.767614 771.040368 22.199944 19.834443 393.405112
9 11 19.681506 26.592078 707.138633 20.473088 19.472106 379.162893
10 12 18.342052 25.799919 665.635846 19.086256 19.235839 370.017519
11 13 17.254473 25.233524 636.730743 17.944295 19.074983 363.854994
12 14 16.296713 24.661526 608.190862 16.945004 18.866269 355.936091
13 15 15.531632 24.349937 592.919429 16.124228 18.779048 352.652645
14 16 14.837420 23.991175 575.576490 15.388243 18.647014 347.711128
15 17 14.131411 23.386670 546.936327 14.668405 18.346321 336.587510
16 18 13.505530 22.859661 522.564122 14.025079 18.061334 326.211793
17 19 12.957351 22.429244 503.070986 13.455509 17.818097 317.484594
18 20 12.256259 21.331838 455.047300 12.789404 17.176560 295.034225
19 21 11.533989 20.008920 400.356895 12.113366 16.363167 267.753243
20 22 10.951783 19.066368 363.526393 11.544276 15.730178 247.438488
21 23 10.421400 18.205571 331.442804 11.022463 15.143694 229.331475
22 24 9.963888 17.464138 304.996117 10.564048 14.617418 213.668906
23 25 9.507763 16.682075 278.291639 10.111966 14.075038 198.106705
24 26 9.117493 15.829880 250.585108 9.726349 13.484911 181.842819
25 27 8.730568 15.236178 232.141110 9.330628 13.027618 169.718824
26 28 8.407022 14.409981 207.647552 9.012638 12.472957 155.574653
27 29 7.991381 13.280713 176.377329 8.611701 11.726981 137.522088
28 30 7.753049 12.420755 154.275146 8.382014 11.155587 124.447122
29 31 7.455481 11.645970 135.628615 8.077592 10.569455 111.713385
30 32 7.271271 11.181293 125.021308 7.891371 10.245751 104.975408
31 33 7.065524 10.641413 113.239670 7.671416 9.803366 96.105986
32 34 6.897673 10.305420 106.201680 7.495885 9.549253 91.188237
33 35 6.747126 9.914977 98.306761 7.332763 9.222079 85.046748
34 36 6.703315 9.770531 95.463276 7.281618 9.138237 83.507376
35 37 6.626843 9.504434 90.334260 7.191869 8.920358 79.572785
36 38 6.531859 9.395708 88.279330 7.087320 8.855466 78.419273
37 39 6.472991 9.158685 83.881520 7.015665 8.653011 74.874598
38 40 6.402437 8.992951 80.873169 6.932032 8.520451 72.598083
1 4 81.208858 52.013011 2705.353343 77.943001 nan nan
2 5 76.559798 52.333489 2738.794064 72.605187 nan nan
3 6 73.091993 52.244276 2729.464347 68.689872 nan nan
4 7 69.985498 51.946629 2698.452232 65.366333 19.409894 376.743993
5 8 67.021760 51.487688 2650.981984 62.355051 25.637858 657.299776
6 9 64.005635 50.810991 2581.756810 59.447393 28.737966 825.870677
7 10 61.115262 50.064760 2506.480209 56.723761 30.508238 930.752563
8 11 58.202385 49.139056 2414.646832 54.060806 31.481540 991.087386
9 12 55.424516 48.169799 2320.329545 51.546761 31.997294 1023.826813
10 13 52.751185 47.127374 2220.989422 49.153959 32.189269 1036.149021
11 14 50.193239 46.031704 2118.917745 46.880917 32.151766 1033.736087
12 15 47.897576 45.045309 2029.079889 44.821940 32.023732 1025.519415
13 16 45.742645 44.041521 1939.655583 42.897546 31.785318 1010.306426
14 17 43.845294 43.187912 1865.195717 41.178262 31.544636 995.064050
15 18 41.972191 42.214256 1782.043375 39.508963 31.188623 972.730179
16 19 40.140976 41.145017 1692.912397 37.894309 30.729816 944.321594
17 20 38.494329 40.200669 1616.093752 36.423212 30.289033 917.425546
18 21 36.965657 39.307619 1545.088937 35.051187 29.844753 890.709281
19 22 35.507226 38.383794 1473.315646 33.747991 29.359809 861.998411
20 23 33.999267 37.240991 1386.891408 32.434903 28.744061 826.221021
21 24 32.155876 35.416969 1254.361718 30.907867 27.748810 769.996451
22 25 30.070822 32.979308 1087.634779 29.217451 26.384390 696.136037
23 26 28.161339 30.690410 941.901240 27.626129 25.015859 625.793222
24 27 26.493377 28.648384 820.729900 26.204593 23.742021 563.683559
25 28 24.923884 26.687163 712.204676 24.840044 22.469881 504.895531
26 29 23.605715 25.078419 628.927100 23.665640 21.377777 457.009346
27 30 22.434504 23.457135 550.237192 22.619473 20.282599 411.383819
28 31 21.326374 21.933403 481.074168 21.617720 19.251841 370.633398
29 32 20.381507 20.644140 426.180503 20.741030 18.313141 335.371127
30 33 19.456003 19.533259 381.548217 19.862564 17.451249 304.546083
31 34 18.783466 18.589146 345.556348 19.217204 16.697849 278.818171
32 35 18.054458 17.717008 313.892385 18.509337 15.981715 255.415225
33 36 17.525691 17.023591 289.802644 17.989748 15.419708 237.767392
34 37 16.895771 16.332691 266.756800 17.367281 14.843208 220.320815
35 38 16.470497 15.760263 248.385890 16.942845 14.365131 206.356992
36 39 15.959560 15.093034 227.799685 16.431099 13.786786 190.075465
37 40 15.817910 14.664625 215.051213 16.273466 13.440755 180.653889
1 5 71.211357 49.747559 2474.819665 70.303588 nan nan
2 6 59.976699 47.390968 2245.903884 60.093750 nan nan
3 7 51.588232 44.537239 1983.565670 52.328098 nan nan
4 8 45.108760 41.774617 1745.118650 46.238229 nan nan
5 9 40.051342 39.314651 1545.641820 41.407698 nan nan
6 10 36.106900 37.279410 1389.754389 37.569817 nan nan
7 11 33.121093 35.847710 1285.058324 34.583246 7.936959 62.995324
8 12 30.698129 34.659721 1201.296251 32.132650 12.320266 151.788946
9 13 28.831646 33.914606 1150.200482 30.188524 14.856249 220.708146
10 14 27.332616 33.407623 1116.069276 28.597402 16.590072 275.230501
11 15 25.988683 32.842381 1078.621971 27.185450 17.711038 313.680882
12 16 24.951072 32.598671 1062.673355 26.049276 18.697223 349.586141
13 17 23.986526 32.254181 1040.332213 25.012661 19.374309 375.363850
14 18 22.938640 31.545974 995.148494 23.948489 19.630307 385.348943
15 19 22.010064 30.933414 956.876091 22.993920 19.799453 392.018328
16 20 21.203342 30.438949 926.529607 22.151246 19.941999 397.683330
17 21 20.042879 28.991461 840.504809 21.071341 19.416123 376.985843
18 22 18.801799 27.208298 740.291499 19.931215 18.570053 344.846882
19 23 17.841727 25.987415 675.345748 19.002350 17.983341 323.400553
20 24 16.962879 24.821598 616.111722 18.143074 17.387345 302.319782
21 25 16.183587 23.865204 569.547962 17.368856 16.892686 285.362849
22 26 15.403860 22.703669 515.456589 16.598100 16.228058 263.349879
23 27 14.651385 21.609170 466.956230 15.864588 15.615690 243.849777
24 28 14.107419 20.762411 431.077707 15.298417 15.090739 227.730398
25 29 13.397428 19.557659 382.502012 14.599616 14.365617 206.370941
26 30 12.818375 17.936106 321.703910 14.042970 13.370646 178.774168
27 31 12.128723 16.533745 273.364710 13.356892 12.435132 154.632519
28 32 11.864267 15.642974 244.702635 13.088822 11.882208 141.186874
29 33 11.405834 14.684824 215.644045 12.597997 11.169083 124.748414
30 34 11.077206 14.116339 199.271016 12.258424 10.808044 116.813806
31 35 10.787254 13.454298 181.018125 11.927928 10.309084 106.277216
32 36 10.696082 13.106090 171.769601 11.819716 10.123099 102.477132
33 37 10.415781 12.539247 157.232723 11.505410 9.673541 93.577400
34 38 10.363762 12.420959 154.280225 11.441484 9.711864 94.320302
35 39 10.297077 12.069098 145.663135 11.341369 9.469318 89.667982
36 40 10.023060 11.739436 137.814361 11.042251 9.241414 85.403736
18 19 31.745030 38.374940 1472.636033 29.240285 31.838534 1013.692274
19 20 30.459752 37.432228 1401.171656 28.126748 31.140848 969.752421
20 21 29.236695 36.475517 1330.463337 27.070557 30.439877 926.586114
21 22 27.964544 35.318985 1247.430725 25.995089 29.638851 878.461496
18 20 12.256259 21.331838 455.047300 12.789404 17.176560 295.034225
19 21 11.533989 20.008920 400.356895 12.113366 16.363167 267.753243
20 22 10.951783 19.066368 363.526393 11.544276 15.730178 247.438488
18 21 36.965657 39.307619 1545.088937 35.051187 29.844753 890.709281
19 22 35.507226 38.383794 1473.315646 33.747991 29.359809 861.998411
18 22 18.801799 27.208298 740.291499 19.931215 18.570053 344.846882
18 19 31.745030 38.374940 1472.636033 29.240285 31.838534 1013.692274
19 20 30.459752 37.432228 1401.171656 28.126748 31.140848 969.752421
20 21 29.236695 36.475517 1330.463337 27.070557 30.439877 926.586114
21 22 27.964544 35.318985 1247.430725 25.995089 29.638851 878.461496
18 20 12.256259 21.331838 455.047300 12.789404 17.176560 295.034225
19 21 11.533989 20.008920 400.356895 12.113366 16.363167 267.753243
20 22 10.951783 19.066368 363.526393 11.544276 15.730178 247.438488
18 21 36.965657 39.307619 1545.088937 35.051187 29.844753 890.709281
19 22 35.507226 38.383794 1473.315646 33.747991 29.359809 861.998411
18 22 18.801799 27.208298 740.291499 19.931215 18.570053 344.846882
18 19 31.745030 38.374940 1472.636033 29.240285 31.838534 1013.692274
19 20 30.459752 37.432228 1401.171656 28.126748 31.140848 969.752421
20 21 29.236695 36.475517 1330.463337 27.070557 30.439877 926.586114
21 22 27.964544 35.318985 1247.430725 25.995089 29.638851 878.461496
18 20 12.256259 21.331838 455.047300 12.789404 17.176560 295.034225
19 21 11.533989 20.008920 400.356895 12.113366 16.363167 267.753243
20 22 10.951783 19.066368 363.526393 11.544276 15.730178 247.438488
18 21 36.965657 39.307619 1545.088937 35.051187 29.844753 890.709281
19 22 35.507226 38.383794 1473.315646 33.747991 29.359809 861.998411
18 22 18.801799 27.208298 740.291499 19.931215 18.570053 344.846882
18 19 31.745030 38.374940 1472.636033 29.240285 31.838534 1013.692274
19 20 30.459752 37.432228 1401.171656 28.126748 31.140848 969.752421
20 21 29.236695 36.475517 1330.463337 27.070557 30.439877 926.586114
21 22 27.964544 35.318985 1247.430725 25.995089 29.638851 878.461496
18 20 12.256259 21.331838 455.047300 12.789404 17.176560 295.034225
19 21 11.533989 20.008920 400.356895 12.113366 16.363167 267.753243
20 22 10.951783 19.066368 363.526393 11.544276 15.730178 247.438488
18 21 36.965657 39.307619 1545.088937 35.051187 29.844753 890.709281
19 22 35.507226 38.383794 1473.315646 33.747991 29.359809 861.998411
18 22 18.801799 27.208298 740.291499 19.931215 18.570053 344.846882
18 19 31.745030 38.374940 1472.636033 29.240285 31.838534 1013.692274
19 20 30.459752 37.432228 1401.171656 28.126748 31.140848 969.752421
20 21 29.236695 36.475517 1330.463337 27.070557 30.439877 926.586114
21 22 27.964544 35.318985 1247.430725 25.995089 29.638851 878.461496
18 20 12.256259 21.331838 455.047300 12.789404 17.176560 295.034225
19 21 11.533989 20.008920 400.356895 12.113366 16.363167 267.753243
20 22 10.951783 19.066368 363.526393 11.544276 15.730178 247.438488
18 21 36.965657 39.307619 1545.088937 35.051187 29.844753 890.709281
19 22 35.507226 38.383794 1473.315646 33.747991 29.359809 861.998411
18 22 18.801799 27.208298 740.291499 19.931215 18.570053 344.846882
