1 2 51.120258 43.140203 1861.077111 48.056047 18.772492 352.406464
2 3 36.617025 36.703438 1347.142365 35.474512 25.792988 665.278240
3 4 29.669313 33.708900 1136.289968 29.062739 26.351045 694.377557
4 5 25.929579 32.568936 1060.735613 25.453220 26.547953 704.793810
5 6 23.420423 31.790862 1010.658895 22.986680 26.435316 698.825913
6 7 21.904697 31.873397 1015.913437 21.396613 26.656083 710.546749
7 8 20.840393 31.840663 1013.827831 20.281847 26.779462 717.139585
8 9 19.821373 31.618114 999.705149 19.233095 26.664317 710.985823
9 10 19.184411 31.750523 1008.095716 18.526836 26.771390 716.707299
10 11 18.695290 31.925876 1019.261541 17.966006 26.895848 723.386654
11 12 18.233917 32.022039 1025.410980 17.447915 26.956925 726.675817
12 13 17.903318 32.054599 1027.497314 17.078620 27.032288 730.744575
13 14 17.294714 31.609411 999.154836 16.489966 26.721640 714.046026
14 15 16.973888 31.677497 1003.463791 16.121217 26.714659 713.673021
15 16 16.651465 31.482465 991.145619 15.794928 26.593504 707.214464
16 17 16.178721 31.241426 976.026698 15.313386 26.325182 693.015219
17 18 16.032769 31.257925 977.057878 15.137963 26.330462 693.293225
18 19 15.897083 31.267517 977.657604 14.976813 26.338640 693.723974
19 20 15.775025 31.277046 978.253627 14.823217 26.293660 691.356538
20 21 15.570734 31.095887 966.954188 14.620943 26.178558 685.316905
21 22 15.499362 31.010299 961.638654 14.544074 26.156950 684.186008
22 23 15.175425 30.762348 946.322082 14.226446 25.927593 672.240058
23 24 14.870600 30.642918 938.988446 13.917659 25.803516 665.821414
24 25 14.845745 30.425372 925.703237 13.911424 25.734116 662.244714
25 26 14.595019 30.246156 914.829947 13.667940 25.618302 656.297415
26 27 14.537116 30.388821 923.480441 13.579005 25.730402 662.053592
27 28 14.556570 30.159293 909.582928 13.617212 25.638474 657.331354
28 29 14.364678 29.837052 890.249678 13.442231 25.331456 641.682681
29 30 14.290779 29.779539 886.820935 13.371984 25.373004 643.789347
30 31 14.458996 29.825080 889.535420 13.542735 25.598468 655.281579
31 32 14.954403 30.161772 909.732481 13.997261 25.998071 675.899694
32 33 14.724360 29.872832 892.386071 13.779897 25.704902 660.741980
33 34 14.862773 29.676325 880.684269 13.935046 25.660051 658.438199
34 35 16.423604 31.290180 979.075357 15.332547 27.202854 739.995242
35 36 15.953488 30.566066 934.284392 14.939542 26.677807 711.705378
36 37 15.764146 29.373480 862.801321 14.870939 25.872535 669.388059
37 38 16.842431 29.463931 868.123206 15.964739 26.379945 695.901522
38 39 21.390192 31.593851 998.171426 20.248764 28.557482 815.529777
39 40 22.167049 32.621813 1064.182714 20.898100 29.427926 866.002839
1 3 52.332129 41.016591 1682.360734 51.844863 nan nan
2 4 39.330959 36.435485 1327.544558 40.129189 nan nan
3 5 33.035436 34.652673 1200.807776 34.031097 8.121879 65.964912
4 6 29.320419 33.899585 1149.181867 30.270159 17.082036 291.795965
5 7 26.989731 33.492178 1121.725987 27.853422 20.550452 422.321069
6 8 25.059555 33.084075 1094.556031 25.820961 22.198274 492.763380
7 9 23.864195 32.958740 1086.278529 24.517878 23.446029 549.716299
8 10 22.653474 32.615929 1063.798850 23.218576 23.992464 575.638308
9 11 22.092062 32.614744 1063.721553 22.557393 24.704811 610.327698
10 12 21.517834 32.880773 1081.145202 21.848255 25.317656 640.983713
11 13 20.939251 32.627526 1064.555440 21.201349 25.490556 649.768423
12 14 20.337787 32.697011 1069.094533 20.491095 25.695488 660.258088
13 15 19.959475 32.587542 1061.947890 20.034579 25.794664 665.364691
14 16 19.371938 32.267900 1041.217373 19.412220 25.724390 661.744216
15 17 19.136553 32.481600 1055.054313 19.065062 25.918036 671.744596
16 18 18.852791 32.300958 1043.351913 18.752227 25.985871 675.265483
17 19 18.709796 32.702603 1069.460219 18.484189 26.273606 690.302361
18 20 18.599201 32.912026 1083.201464 18.296594 26.514300 703.008122
19 21 18.387014 32.682677 1068.157369 18.060330 26.460358 700.150539
20 22 18.598002 33.262373 1106.385480 18.155592 26.982917 728.077814
21 23 18.180627 32.571298 1060.889472 17.770531 26.527431 703.704578
22 24 18.680025 33.787360 1141.585665 18.054843 27.353205 748.197837
23 25 18.200999 32.661649 1066.783296 17.695387 26.773913 716.842418
24 26 19.310479 34.440722 1186.163309 18.529149 28.122374 790.867909
25 27 18.527674 32.863335 1079.998793 17.919799 27.092348 733.995301
26 28 18.857054 33.830109 1144.476307 18.089534 27.794631 772.541529
27 29 18.767635 33.104396 1095.901005 18.069975 27.489181 755.655086
28 30 19.746337 34.454454 1187.109417 18.843283 28.625459 819.416917
29 31 18.935270 33.116236 1096.685061 18.164621 27.568160 760.003424
30 32 19.817785 34.092419 1162.293025 18.913495 28.583428 817.012351
31 33 19.489751 34.108380 1163.381596 18.558671 28.551579 815.192653
32 34 19.988225 33.693744 1135.268367 19.104585 28.565324 815.977760
33 35 19.394904 32.955864 1086.088941 18.554363 27.871590 776.825530
34 36 20.339313 32.740428 1071.935604 19.518857 28.122022 790.848105
35 37 22.177427 34.584490 1196.086915 21.055894 29.545830 872.956060
36 38 23.435951 33.114997 1096.602999 22.484095 28.997317 840.844398
37 39 26.882866 35.365725 1250.734490 25.557915 31.001056 961.065446
38 40 26.973048 35.116674 1233.180820 25.639130 30.810164 949.266207
1 4 65.264063 47.501929 2256.433221 64.426144 nan nan
2 5 55.612233 45.916106 2108.288773 55.515547 nan nan
3 6 50.582244 45.492029 2069.524742 50.451491 nan nan
4 7 47.154752 44.854959 2011.967319 46.899067 11.945751 142.700971
5 8 45.357186 45.364534 2057.940906 44.759514 21.171495 448.232213
6 9 43.730489 45.037143 2028.344262 42.929005 24.991377 624.568906
7 10 42.637902 45.179197 2041.159799 41.615014 27.619416 762.832127
8 11 41.288821 44.848467 2011.384992 40.130556 29.021278 842.234559
9 12 41.125390 45.501788 2070.412718 39.652625 30.717678 943.575736
10 13 40.228662 45.433514 2064.204231 38.611482 31.543286 994.978862
11 14 39.499046 45.198296 2042.885954 37.826890 32.162181 1034.405860
12 15 38.276654 44.637134 1992.473694 36.627990 32.356562 1046.947078
13 16 37.358023 44.234737 1956.711997 35.706133 32.533559 1058.432492
14 17 36.864738 44.140063 1948.345136 35.128174 32.831636 1077.916325
15 18 36.471804 44.266760 1959.546006 34.599981 33.160544 1099.621711
16 19 36.195138 44.317485 1964.039500 34.212741 33.424170 1117.175155
17 20 35.762625 44.038731 1939.409837 33.758138 33.476680 1120.688085
18 21 34.867340 43.629788 1903.558373 32.886012 33.321466 1110.320130
19 22 34.569100 43.413889 1884.765765 32.557099 33.353541 1112.458711
20 23 34.320095 43.175706 1864.141557 32.293160 33.365692 1113.269372
21 24 33.983890 42.962491 1845.775659 31.941801 33.376956 1114.021225
22 25 32.944729 42.375133 1795.651866 30.985613 33.009879 1089.652084
23 26 33.429191 42.425869 1799.954384 31.386186 33.282457 1107.721945
24 27 33.125415 42.193801 1780.316855 31.091816 33.300368 1108.914527
25 28 32.508638 41.949845 1759.789488 30.503204 33.253612 1105.802685
26 29 32.223874 41.573943 1728.392722 30.219876 32.914678 1083.376007
27 30 32.061371 41.048172 1684.952445 30.135215 32.863241 1079.992577
28 31 31.978178 40.762637 1661.592579 30.071562 32.808218 1076.379191
29 32 31.933490 40.493233 1639.701920 30.038386 32.800647 1075.882473
30 33 32.477090 40.891069 1672.079533 30.433817 33.065473 1093.325496
31 34 32.284646 39.721219 1577.775255 30.417070 32.543127 1059.055106
32 35 32.824592 40.021661 1601.733311 30.863996 32.812398 1076.653486
33 36 32.166812 39.058940 1525.600795 30.350736 32.201018 1036.905533
34 37 32.330905 38.457782 1479.001016 30.584969 32.011022 1024.705551
35 38 31.080873 37.432405 1401.184938 29.523583 31.375220 984.404453
36 39 34.459510 35.739978 1277.346042 32.956449 30.634167 938.452164
37 40 36.519372 38.270618 1464.640223 34.536942 32.405646 1050.125879
1 5 68.384380 47.447017 2251.219417 68.025712 nan nan
2 6 61.009318 47.027228 2211.560176 61.072612 nan nan
3 7 56.768202 46.865115 2196.338983 56.699468 nan nan
4 8 53.638515 46.518785 2163.997335 53.418278 nan nan
5 9 51.307508 46.102661 2125.455376 50.913643 nan nan
6 10 49.362607 45.719317 2090.255960 48.819821 16.077880 258.498235
7 11 47.360164 45.034866 2028.139161 46.765285 20.724506 429.505132
8 12 46.676406 45.411809 2062.232378 45.773029 24.231839 587.182027
9 13 45.948301 44.939201 2019.531820 44.935379 26.145401 683.581972
10 14 45.049126 45.217047 2044.581349 43.821844 27.880549 777.324986
11 15 43.863140 44.847534 2011.301299 42.562625 28.760137 827.145480
12 16 42.920020 44.639744 1992.706779 41.562320 29.569210 874.338199
13 17 42.030382 44.651797 1993.782943 40.521018 30.225111 913.557356
14 18 41.464989 44.521358 1982.151303 39.882499 30.777542 947.257087
15 19 40.865951 44.639851 1992.716339 39.133354 31.316500 980.723168
16 20 40.393970 44.690926 1997.278834 38.581961 31.792578 1010.767986
17 21 40.236974 44.636810 1992.444814 38.308269 32.143149 1033.182050
18 22 40.135272 44.951753 2020.660124 38.066925 32.691094 1068.707618
19 23 38.766103 43.785018 1917.127769 36.892838 32.202974 1037.031520
20 24 39.383485 44.809028 2007.848966 37.185414 33.096392 1095.371135
21 25 38.563979 43.721412 1911.561854 36.525366 32.651932 1066.148649
22 26 39.799043 45.317723 2053.695992 37.322147 33.926164 1150.984625
23 27 37.612043 42.898757 1840.303327 35.615211 32.476501 1054.723097
24 28 39.009607 44.391201 1970.578691 36.627285 33.738220 1138.267519
25 29 37.431257 42.485413 1805.010282 35.385179 32.578493 1061.358176
26 30 38.533500 43.881424 1925.579344 36.128460 33.699324 1135.644471
27 31 37.334591 42.948826 1844.601686 35.118805 33.181493 1101.011494
28 32 38.589577 43.398044 1883.390255 36.186930 33.777422 1140.914217
29 33 36.874076 42.011369 1764.955126 34.770317 32.858780 1079.699408
30 34 37.262420 41.792417 1746.606092 35.188584 33.073121 1093.831362
31 35 36.911676 41.758375 1743.761892 34.800121 33.103915 1095.869165
32 36 35.330690 39.985824 1598.866096 33.594009 32.118604 1031.604728
33 37 36.916911 40.362451 1629.127430 34.938202 32.468697 1054.216280
34 38 37.952363 38.509366 1482.971272 36.227758 31.676049 1003.372098
35 39 41.288370 39.798788 1583.943514 39.084455 32.702580 1069.458711
36 40 37.645398 38.067678 1449.148146 35.921346 31.614366 999.468119
1 6 77.396057 50.006075 2500.607536 76.248246 nan nan
2 7 70.605329 49.417047 2442.044523 69.693151 nan nan
3 8 67.312469 49.335456 2433.987222 66.134505 nan nan
4 9 63.905339 48.943872 2395.502586 62.575950 nan nan
5 10 62.610347 49.048142 2405.720279 60.894751 nan nan
6 11 60.415738 48.659945 2367.790282 58.588168 nan nan
7 12 59.466839 48.902305 2391.435481 57.322698 14.160846 200.529570
8 13 58.668653 49.219085 2422.518280 56.222953 20.257925 410.383532
9 14 57.451106 48.830381 2384.406150 54.951164 23.500064 552.252987
10 15 56.122490 48.676106 2369.363280 53.546623 25.840675 667.740486
11 16 55.058648 48.285439 2331.483608 52.472510 27.437395 752.810655
12 17 53.830132 48.139376 2317.399549 51.167666 28.701188 823.758167
13 18 52.685263 47.835991 2288.282035 50.024932 29.595085 875.869046
14 19 51.852020 47.954853 2299.667889 49.046527 30.536401 932.471778
15 20 51.208019 47.769911 2281.964353 48.349922 31.160188 970.957337
16 21 50.049093 47.370095 2243.925882 47.218912 31.488508 991.526112
17 22 49.756975 47.210763 2228.856127 46.852522 31.939112 1020.106881
18 23 49.092819 46.855856 2195.471278 46.185881 32.179112 1035.495263
19 24 48.566124 46.782065 2188.561628 45.613588 32.532234 1058.346219
20 25 47.299707 46.216953 2136.006790 44.448290 32.511025 1056.966731
21 26 46.691836 46.048531 2120.467187 43.857137 32.790239 1075.199785
22 27 46.114697 45.316928 2053.624006 43.380013 32.613035 1063.610055
23 28 45.881377 45.649579 2083.884062 43.029016 33.136692 1098.040365
24 29 45.898288 46.201243 2134.554816 42.837403 33.600140 1128.969392
25 30 44.920079 44.454723 1976.222428 42.244252 32.921111 1083.799566
26 31 44.376924 43.910923 1928.169130 41.775166 32.703661 1069.529427
27 32 43.982428 43.464395 1889.153643 41.437629 32.684718 1068.290805
28 33 44.590696 44.502136 1980.440066 41.757609 33.493165 1121.792103
29 34 43.420423 42.648029 1818.854407 40.945347 32.567410 1060.636189
30 35 43.780575 43.185817 1865.014771 41.121455 32.990077 1088.345186
31 36 41.346472 40.645084 1652.022874 39.231857 31.339205 982.145749
32 37 43.573661 41.148534 1693.201876 41.236313 31.996934 1023.803810
33 38 39.663822 39.193083 1536.097731 37.904435 30.966224 958.907053
34 39 42.554133 39.653357 1572.388684 40.446297 31.466837 990.161848
35 40 44.603792 41.746350 1742.757724 41.919392 32.783862 1074.781593
1 7 80.357667 49.168001 2417.492356 79.272296 nan nan
2 8 73.975336 49.079934 2408.839954 73.062507 nan nan
3 9 71.165077 48.318258 2334.654053 70.024392 nan nan
4 10 67.518660 47.988516 2302.897699 66.305072 nan nan
5 11 65.884851 47.497383 2256.001347 64.449717 nan nan
6 12 63.293810 47.381511 2245.007545 61.779059 nan nan
7 13 62.463178 46.810562 2191.228737 60.729982 nan nan
8 14 60.966395 47.115500 2219.870300 59.073364 4.931072 24.315471
9 15 59.796707 46.679498 2178.975531 57.773912 14.056785 197.593215
10 16 58.905150 47.311438 2238.372160 56.605973 19.087103 364.317518
11 17 57.266774 46.862533 2196.096972 54.958959 21.593781 466.291380
12 18 56.235640 46.888314 2198.514028 53.842687 23.803717 566.616925
13 19 56.211439 47.504760 2256.702256 53.451194 25.816180 666.475152
14 20 54.650374 46.932395 2202.649698 52.004132 26.738934 714.970589
15 21 54.128885 47.108446 2219.205730 51.345237 27.977774 782.755853
16 22 53.696726 47.407781 2247.497712 50.774424 29.082666 845.801465
17 23 52.214181 46.815662 2191.706241 49.418640 29.421317 865.613881
18 24 53.065779 47.608854 2266.603027 49.901667 30.599745 936.344413
19 25 51.760335 46.598549 2171.424731 48.834728 30.597241 936.191146
20 26 52.524270 47.723193 2277.503154 49.166218 31.742951 1007.614949
21 27 49.518576 45.692372 2087.792829 46.769990 30.923200 956.244268
22 28 51.050949 47.158842 2223.956365 47.820581 32.290782 1042.694619
23 29 49.436640 45.370091 2058.445168 46.593794 31.475985 990.737610
24 30 49.993468 46.267370 2140.669568 46.856701 32.391881 1049.233947
25 31 49.070277 45.792825 2096.982795 46.035742 32.383238 1048.674109
26 32 49.830326 45.974514 2113.655924 46.619564 32.810667 1076.539870
27 33 46.949765 44.009201 1936.809783 44.275510 31.621578 999.924206
28 34 47.014899 44.377828 1969.391648 44.290507 32.270602 1041.391731
29 35 47.355503 44.686773 1996.907712 44.572427 32.911250 1083.150363
30 36 45.346890 42.902283 1840.605871 43.009863 31.901243 1017.689303
31 37 44.016025 42.195138 1780.429630 41.704672 31.407673 986.441904
32 38 44.187310 41.108602 1689.917180 42.126435 31.274370 978.086195
33 39 47.220299 40.308643 1624.786717 44.901229 30.922644 956.209900
34 40 43.975050 40.473263 1638.085018 41.937467 31.391088 985.400392
1 8 81.265314 49.593861 2459.551066 80.321384 nan nan
2 9 77.737773 49.236203 2424.203684 76.565203 nan nan
3 10 75.255166 49.849790 2485.001582 73.691191 nan nan
4 11 73.108260 49.246293 2425.197399 71.262753 nan nan
5 12 71.379852 49.148795 2415.604047 69.306509 nan nan
6 13 69.226541 48.878467 2389.104530 66.995718 nan nan
7 14 68.572908 49.028008 2403.745534 66.069435 nan nan
8 15 66.983003 48.802208 2381.655460 64.348033 nan nan
9 16 65.898243 48.750434 2376.604796 63.138844 nan nan
10 17 64.697684 48.618936 2363.800904 61.846923 12.275395 150.685327
11 18 62.948712 48.261717 2329.193324 60.125255 16.864552 284.413120
12 19 61.934989 48.411900 2343.712057 58.967696 20.245267 409.870847
13 20 61.145732 48.295446 2332.450136 58.076373 22.504052 506.432371
14 21 59.537684 47.863166 2290.882618 56.544708 24.000750 576.035991
15 22 59.136502 47.904804 2294.870239 55.988765 25.477864 649.121554
16 23 58.065941 47.577825 2263.649421 54.962580 26.495407 702.006595
17 24 57.686418 47.919806 2296.307826 54.383821 27.720482 768.425096
18 25 56.245022 47.083237 2216.831243 53.121046 28.027570 785.544694
19 26 55.225396 46.862158 2196.061844 52.143830 28.692440 823.256093
20 27 53.793398 46.107013 2125.856659 50.853742 28.755426 826.874542
21 28 53.948906 46.328946 2146.371217 50.862962 29.585024 875.273671
22 29 53.964124 47.037547 2212.530809 50.659550 30.554954 933.605223
23 30 52.279103 45.893397 2106.203918 49.252851 30.286525 917.273584
24 31 51.863077 45.158620 2039.300930 48.903695 30.053941 903.239385
25 32 50.070995 44.121009 1946.663462 47.455777 30.006773 900.406446
26 33 51.519907 45.839018 2101.215569 48.411574 31.450915 989.160060
27 34 49.793943 43.966034 1933.012115 47.075692 30.592672 935.911557
28 35 50.562057 45.040584 2028.654228 47.530590 31.568552 996.573484
29 36 46.588580 41.925084 1757.712646 44.369989 29.552117 873.327614
30 37 49.577321 43.519320 1893.931213 46.826949 31.004673 961.289761
31 38 45.390857 41.080071 1687.572201 43.410911 29.782869 887.019310
32 39 49.196328 42.561179 1811.453960 46.579172 31.240752 975.984604
33 40 48.527794 42.566899 1811.940923 45.846225 31.197201 973.265375
1 9 83.028264 48.587418 2360.737161 82.129482 nan nan
2 10 79.097485 48.299376 2332.829770 78.127462 nan nan
3 11 76.023749 47.835328 2288.218576 74.866474 nan nan
4 12 73.769941 47.582686 2264.112048 72.419411 nan nan
5 13 70.908782 47.041235 2212.877828 69.524933 nan nan
6 14 69.583020 47.377232 2244.602120 67.919390 nan nan
7 15 68.554759 46.805393 2190.744831 66.722940 nan nan
8 16 67.568703 47.376329 2244.516531 65.420774 nan nan
9 17 66.147212 47.171305 2225.132027 63.885285 nan nan
10 18 64.543543 47.458440 2252.303573 62.192431 nan nan
11 19 63.887595 47.779231 2282.854913 61.264465 5.458996 29.800640
12 20 62.335235 47.546712 2260.689812 59.726744 12.793097 163.663323
13 21 61.730580 47.891084 2293.555928 58.901919 17.117329 293.002950
14 22 61.355313 48.214034 2324.593075 58.353332 20.112922 404.529620
15 23 60.133893 47.725197 2277.694449 57.206045 21.839084 476.945586
16 24 60.043465 48.249007 2327.966680 56.872002 23.878199 570.168394
17 25 58.421780 47.369177 2243.838901 55.503826 24.648167 607.532157
18 26 58.804070 48.261778 2329.199261 55.452295 26.266981 689.954286
19 27 57.289276 47.073121 2215.878749 54.291316 26.565486 705.725067
20 28 58.054909 48.229011 2326.037489 54.628054 28.168105 793.442113
21 29 56.352868 46.115575 2126.646228 53.404731 27.455318 753.794505
22 30 56.441325 47.166445 2224.673559 53.199750 28.855027 832.612611
23 31 55.730388 46.942160 2203.566369 52.544541 29.325163 859.965164
24 32 55.877469 47.138441 2222.032621 52.529345 29.997171 899.830269
25 33 53.684114 45.774685 2095.321831 50.715182 29.394769 864.052437
26 34 52.799582 45.866479 2103.733906 49.874342 29.938280 896.300608
27 35 52.441775 45.391408 2060.379914 49.656525 30.238826 914.386610
28 36 51.912874 45.181837 2041.398411 49.172266 30.385467 923.276590
29 37 48.243349 43.021879 1850.882080 46.008741 29.228817 854.323738
30 38 46.260490 42.539013 1809.567593 44.333488 29.419476 865.505566
31 39 50.057040 41.408399 1714.655518 47.779408 28.985815 840.177477
32 40 49.218114 42.157657 1777.268062 47.032531 30.196839 911.849074
1 10 85.363931 49.467297 2447.013456 84.260999 nan nan
2 11 81.162659 49.243149 2424.887739 80.014698 nan nan
3 12 79.372080 48.751086 2376.668427 77.834705 nan nan
4 13 76.656631 48.508618 2353.086037 74.987311 nan nan
5 14 76.600725 48.891179 2390.347423 74.383208 nan nan
6 15 74.548679 48.776862 2379.182247 72.210553 nan nan
7 16 73.660773 48.481837 2350.488478 71.112543 nan nan
8 17 72.105735 48.740681 2375.654029 69.405039 nan nan
9 18 69.818254 47.850755 2289.694795 67.293011 nan nan
10 19 68.113000 48.088255 2312.480291 65.497958 nan nan
11 20 67.173528 48.075579 2311.261310 64.416255 nan nan
12 21 65.840826 47.787592 2283.653939 63.058794 nan nan
13 22 65.783971 48.063571 2310.106867 62.702234 10.063065 101.265269
14 23 64.298559 47.680463 2273.426572 61.289630 14.276306 203.812919
15 24 63.685825 47.742512 2279.347484 60.540912 17.509897 306.596496
16 25 62.082359 47.137060 2221.902388 59.039191 19.274398 371.502424
17 26 61.218958 47.306836 2237.936727 58.125788 21.363283 456.389854
18 27 59.405550 46.290417 2142.802750 56.539864 22.047321 486.084368
19 28 59.143277 46.766228 2187.080061 56.107947 23.799377 566.410339
20 29 58.701462 46.986289 2207.711333 55.534563 24.955763 622.790090
21 30 57.151220 46.491472 2161.457013 54.156727 25.577534 654.210225
22 31 57.225405 46.308310 2144.459547 54.122779 26.131273 682.843415
23 32 54.287957 44.800262 2007.063443 51.737942 25.997006 675.844321
24 33 56.498096 46.751542 2185.706635 53.291964 27.940423 780.667253
25 34 54.151172 44.876717 2013.919741 51.413632 27.361274 748.639290
26 35 55.452079 46.281929 2142.016923 52.273978 28.840159 831.754757
27 36 50.591647 43.447303 1887.668173 48.333235 27.128644 735.963330
28 37 53.601108 45.093821 2033.452657 50.725915 28.835401 831.480360
29 38 50.566816 43.309451 1875.708582 48.295445 28.187172 794.516681
30 39 53.419860 44.333893 1965.494081 50.593966 29.395351 864.086664
31 40 50.139815 43.639131 1904.373739 47.555893 28.872563 833.624895
1 11 85.169978 48.056103 2309.389034 84.322516 nan nan
2 12 81.470751 47.975663 2301.664245 80.516138 nan nan
3 13 78.982006 47.441325 2250.679339 77.915182 nan nan
4 14 76.081510 47.411680 2247.867401 74.895242 nan nan
5 15 74.432811 46.864742 2196.304059 73.112242 nan nan
6 16 73.493439 47.346192 2241.661856 71.815447 nan nan
7 17 71.915280 47.030587 2211.876110 70.142576 nan nan
8 18 70.642261 47.790269 2283.909792 68.575975 nan nan
9 19 69.658561 47.810651 2285.858305 67.394978 nan nan
10 20 67.671664 47.845737 2289.214542 65.434839 nan nan
11 21 67.053097 47.833772 2288.069732 64.590254 nan nan
12 22 66.480550 48.208971 2324.104853 63.819732 nan nan
13 23 65.898387 48.150629 2318.483070 63.103368 nan nan
14 24 64.917420 48.675101 2369.265424 61.986325 7.119616 50.688932
15 25 64.277872 48.091699 2312.811530 61.387104 12.187535 148.536019
16 26 63.963331 48.823181 2383.702962 60.727669 16.300721 265.713506
17 27 62.706809 47.202002 2228.028988 59.856256 17.482980 305.654604
18 28 62.872184 48.393319 2341.913312 59.625987 20.502096 420.335923
19 29 61.958938 46.892753 2198.930286 58.988221 20.878134 435.896483
20 30 61.352437 47.840420 2288.705801 58.169644 23.074502 532.432640
21 31 60.012682 47.319526 2239.137558 56.992189 23.888214 570.646769
22 32 60.262806 47.642295 2269.788265 56.996793 25.085116 629.263068
23 33 58.639454 46.602671 2171.808989 55.652234 25.181817 634.123895
24 34 56.504507 46.348945 2148.224731 53.729091 25.772623 664.228080
25 35 55.384312 45.706836 2089.114889 52.768683 26.065742 679.422902
26 36 56.386926 46.364772 2149.692100 53.516819 27.187723 739.172290
27 37 52.980309 44.746520 2002.251076 50.583141 26.649462 710.193834
28 38 48.842126 43.853608 1923.138907 47.032929 26.633054 709.319561
29 39 53.131137 42.969353 1846.365336 50.891693 26.824894 719.574924
30 40 53.953881 44.275569 1960.326025 51.433243 28.252482 798.202719
1 12 86.828963 48.812939 2382.702999 85.827226 nan nan
2 13 83.821846 48.563539 2358.417328 82.590490 nan nan
3 14 81.672628 48.383617 2340.974434 80.235438 nan nan
4 15 80.140816 48.334446 2336.218676 78.369445 nan nan
5 16 78.091034 47.985590 2302.616872 76.303198 nan nan
6 17 77.626771 48.163188 2319.692660 75.414705 nan nan
7 18 75.759443 47.787143 2283.611023 73.548292 nan nan
8 19 73.966921 47.765888 2281.580022 71.670920 nan nan
9 20 72.273541 47.589812 2264.790216 69.967381 nan nan
10 21 71.413962 47.635547 2269.145295 68.893485 nan nan
11 22 70.485053 47.694235 2274.740063 67.765065 nan nan
12 23 68.986909 47.590882 2264.892097 66.277691 nan nan
13 24 68.012260 47.502887 2256.524300 65.198080 nan nan
14 25 66.416556 47.029158 2211.741735 63.683112 nan nan
15 26 65.640528 47.541866 2260.228994 62.745169 nan nan
16 27 63.723477 46.506104 2162.817690 61.059327 5.856983 34.304255
17 28 62.471626 46.615359 2172.991728 59.778642 11.694978 136.772507
18 29 62.544883 47.166311 2224.660900 59.579894 15.332537 235.086698
19 30 60.985989 46.871863 2196.971526 58.157126 17.421012 303.491662
20 31 61.174393 46.962737 2205.498698 58.162322 19.236560 370.045260
21 32 58.131717 45.928975 2109.470704 55.633447 20.001077 400.043076
22 33 60.154441 47.283568 2235.735832 57.083777 22.412306 502.311466
23 34 58.495246 46.226535 2136.892549 55.624306 22.711535 515.813822
24 35 59.942931 47.561654 2262.110914 56.602266 24.663948 608.310330
25 36 54.367830 45.115260 2035.386680 52.140736 23.726316 562.938052
26 37 56.714125 45.814048 2098.927039 53.950279 24.961068 623.054907
27 38 54.247859 44.873909 2013.667753 51.934728 25.252288 637.678062
28 39 56.208502 45.547640 2074.587515 53.368230 26.230549 688.041685
29 40 52.482038 44.479373 1978.414644 50.043918 25.717214 661.375088
1 13 85.721958 47.663335 2271.793511 85.042693 nan nan
2 14 83.104116 47.478030 2254.163288 82.289720 nan nan
3 15 79.714501 47.159505 2224.018906 78.884019 nan nan
4 16 78.353223 47.294627 2236.781738 77.259286 nan nan
5 17 77.315232 46.812426 2191.403243 75.960086 nan nan
6 18 76.003659 47.585170 2264.348405 74.366736 nan nan
7 19 74.789407 47.323294 2239.494167 72.961803 nan nan
8 20 73.231753 47.937636 2298.016946 71.285445 nan nan
9 21 72.149585 47.830686 2287.774486 70.008283 nan nan
10 22 71.263057 48.334334 2336.207872 68.914672 nan nan
11 23 71.580319 48.333257 2336.103738 68.899054 nan nan
12 24 69.941868 48.990063 2400.026269 67.165103 nan nan
13 25 68.474264 47.826711 2287.394303 65.948416 nan nan
14 26 67.687268 48.497463 2352.003948 64.908913 nan nan
15 27 67.543307 47.706446 2275.904946 64.761803 nan nan
16 28 67.212691 48.835031 2384.860215 64.112382 nan nan
17 29 66.048638 47.538852 2259.942448 63.215974 3.463366 11.994907
18 30 65.268867 48.083218 2311.995890 62.300842 11.206681 125.589694
19 31 64.156631 47.799547 2284.796656 61.238983 14.121726 199.423156
20 32 63.702964 47.782019 2283.121322 60.651969 16.526842 273.136504
21 33 62.601933 47.186432 2226.559343 59.659816 17.924003 321.269875
22 34 59.924664 46.677391 2178.778802 57.294519 19.038144 362.450926
23 35 57.941074 45.856016 2102.774232 55.552652 19.767479 390.753240
24 36 59.600626 46.758888 2186.393583 56.860445 21.843896 477.155781
25 37 58.306289 46.235767 2137.746191 55.690355 22.591588 510.379848
26 38 52.238603 44.998186 2024.836730 50.455369 22.451733 504.080294
27 39 56.666975 44.981942 2023.375128 54.302702 23.699047 561.644850
28 40 58.238311 46.006719 2116.618216 55.387380 25.043070 627.155378
1 14 86.142145 47.982671 2302.336743 85.479490 nan nan
2 15 83.862939 47.956755 2299.850321 82.988374 nan nan
3 16 83.163960 48.243986 2327.482197 81.866180 nan nan
4 17 81.497956 47.866285 2291.181201 80.024334 nan nan
5 18 80.570208 47.552868 2261.275229 78.812309 nan nan
6 19 78.872376 47.654072 2270.910559 76.927240 nan nan
7 20 76.486958 47.176989 2225.668245 74.643879 nan nan
8 21 75.837586 47.382445 2245.096134 73.672128 nan nan
9 22 74.172135 47.691810 2274.508734 71.887046 nan nan
10 23 72.630029 47.238913 2231.514914 70.360775 nan nan
11 24 71.687851 47.400491 2246.806510 69.241946 nan nan
12 25 70.085165 46.944631 2203.798354 67.703767 nan nan
13 26 68.945742 47.542480 2260.287428 66.426983 nan nan
14 27 67.439327 47.073894 2215.951498 65.005466 nan nan
15 28 65.746225 46.844853 2194.440261 63.353658 nan nan
16 29 65.210729 47.183716 2226.303030 62.639350 nan nan
17 30 64.593784 47.416713 2248.344647 61.906375 nan nan
18 31 65.140724 47.700040 2275.293814 62.199541 nan nan
19 32 62.076250 47.064203 2215.039242 59.610365 6.166230 38.022387
20 33 63.472865 47.740944 2279.197712 60.588573 11.939297 142.546822
21 34 62.389773 47.320887 2239.266366 59.533996 14.369964 206.495870
22 35 64.480786 48.371377 2339.790070 61.032282 17.409262 303.082414
23 36 58.543468 46.556391 2167.497524 56.260158 17.597013 309.654874
24 37 59.723626 46.615711 2173.024526 57.075624 19.054815 363.085976
25 38 57.127495 45.956005 2111.954423 54.902437 20.150839 406.056294
26 39 58.289273 46.092205 2124.491360 55.685923 21.193049 449.145328
27 40 53.919048 45.260898 2048.548889 51.827264 21.340763 455.428147
1 15 86.301463 47.275605 2234.982791 85.720871 nan nan
2 16 83.407782 47.332845 2240.398210 82.755189 nan nan
3 17 82.001789 46.713573 2182.157872 81.092047 nan nan
4 18 80.787070 47.310880 2238.319368 79.590663 nan nan
5 19 79.556265 47.025222 2211.371501 78.182466 nan nan
6 20 78.451575 47.919142 2296.244128 76.765728 nan nan
7 21 76.590019 47.455191 2251.995155 74.895608 nan nan
8 22 75.494045 48.350596 2337.780141 73.522977 nan nan
9 23 75.154151 47.941528 2298.390087 72.967846 nan nan
10 24 73.924773 48.877982 2389.057102 71.521086 nan nan
11 25 72.376989 48.078184 2311.511768 70.112627 nan nan
12 26 71.976867 48.872053 2388.477563 69.420416 nan nan
13 27 71.403390 48.025401 2306.439117 68.850653 nan nan
14 28 71.004409 48.754211 2376.973118 68.195710 nan nan
15 29 70.262754 48.172773 2320.616052 67.472485 nan nan
16 30 68.928174 48.255218 2328.566036 66.139289 nan nan
17 31 67.720514 48.071333 2310.853069 64.958128 nan nan
18 32 66.456904 47.934335 2297.700470 63.697446 nan nan
19 33 65.995820 47.712230 2276.456884 63.181375 nan nan
20 34 62.744720 47.117555 2220.063995 60.282995 nan nan
21 35 60.642637 46.345829 2147.935867 58.454116 6.987521 48.825454
22 36 62.639517 47.802208 2285.051094 59.913668 12.956140 167.861567
23 37 62.505306 46.967082 2205.906751 59.925800 14.947319 223.422358
24 38 55.007289 45.720048 2090.322765 53.402427 15.304281 234.221027
25 39 60.413014 46.656784 2176.855521 57.901431 18.277507 334.067278
26 40 61.259874 47.097345 2218.159881 58.357741 19.848910 393.979243
1 16 87.645189 47.876827 2292.190531 86.912403 nan nan
2 17 86.021890 47.649321 2270.457793 84.982417 nan nan
3 18 84.002150 47.111174 2219.462743 82.916989 nan nan
4 19 82.923802 47.135544 2221.759515 81.518280 nan nan
5 20 80.578803 46.897965 2199.419143 79.197466 nan nan
6 21 79.909953 47.391598 2245.963529 78.137409 nan nan
7 22 76.763698 47.310396 2238.273600 75.150785 nan nan
8 23 76.086667 47.406566 2247.382478 74.238965 nan nan
9 24 74.356302 47.388179 2245.639475 72.428778 nan nan
10 25 73.813706 47.310391 2238.273111 71.700858 nan nan
11 26 71.880172 47.522685 2258.405608 69.796223 nan nan
12 27 70.748703 47.235472 2231.189858 68.653474 nan nan
13 28 69.010973 47.234260 2231.075292 66.889644 nan nan
14 29 68.096528 47.353456 2242.349801 65.854347 nan nan
15 30 67.370658 47.475709 2253.942946 65.044594 nan nan
16 31 68.220481 48.111402 2314.707040 65.524694 nan nan
17 32 65.657530 47.903854 2294.779197 63.338963 nan nan
18 33 67.363937 48.553878 2357.479034 64.507511 nan nan
19 34 65.890536 48.147405 2318.172636 63.125363 nan nan
20 35 67.764305 48.556095 2357.694346 64.510476 nan nan
21 36 62.727054 47.904249 2294.817079 60.332884 nan nan
22 37 62.842737 47.557226 2261.689723 60.290387 6.514128 42.433867
23 38 59.725051 47.003606 2209.338941 57.654574 10.516305 110.592667
24 39 60.061060 46.526109 2164.678779 57.753998 12.311568 151.574710
25 40 55.897367 45.601661 2079.511493 54.145102 13.380854 179.047248
1 17 86.324100 46.525866 2164.656194 85.893922 nan nan
2 18 84.815819 47.184627 2226.389060 84.131394 nan nan
3 19 83.991582 46.513638 2163.518494 83.033870 nan nan
4 20 83.119265 47.790025 2283.886464 81.783858 nan nan
5 21 80.804882 47.098737 2218.291032 79.503513 nan nan
6 22 79.470426 48.219002 2325.072193 77.943370 nan nan
7 23 79.252236 47.819811 2286.734371 77.375913 nan nan
8 24 77.689651 48.765149 2378.039790 75.685263 nan nan
9 25 76.183143 48.007227 2304.693890 74.231701 nan nan
10 26 75.628848 48.618039 2363.713673 73.459184 nan nan
11 27 75.712411 48.499037 2352.156568 73.217578 nan nan
12 28 73.720495 48.508254 2353.050742 71.320783 nan nan
13 29 74.122012 48.403548 2342.903448 71.461996 nan nan
14 30 71.008595 47.946431 2298.860276 68.701182 nan nan
15 31 71.363536 48.394967 2342.072786 68.719410 nan nan
16 32 68.760101 48.262138 2329.233975 66.295429 nan nan
17 33 68.745077 48.050296 2308.830921 66.191815 nan nan
18 34 65.520065 47.724411 2277.619380 63.254090 nan nan
19 35 63.305108 46.873818 2197.154853 61.323434 nan nan
20 36 65.365492 48.582180 2360.228228 62.756077 nan nan
21 37 66.504342 47.895361 2293.965568 63.834989 nan nan
22 38 57.959368 46.363367 2149.561834 56.500366 nan nan
23 39 63.484517 47.660363 2271.510154 61.034037 4.898270 23.993048
24 40 63.326091 47.756160 2280.650806 60.563533 9.318759 86.839268
1 18 87.050057 47.591243 2264.926378 86.532836 nan nan
2 19 86.762481 47.326864 2239.832016 85.934031 nan nan
3 20 85.198411 47.050026 2213.704940 84.112366 nan nan
4 21 83.729303 47.467021 2253.118088 82.371180 nan nan
5 22 80.354922 47.048629 2213.573497 79.172008 nan nan
6 23 78.658243 47.202456 2228.071841 77.355652 nan nan
7 24 77.364775 47.201040 2227.938201 75.905202 nan nan
8 25 76.169292 47.273918 2234.823312 74.577834 nan nan
9 26 75.151222 47.683334 2273.700366 73.373015 nan nan
10 27 73.199322 47.545161 2260.542337 71.540306 nan nan
11 28 71.919648 47.431876 2249.782866 70.163593 nan nan
12 29 69.867231 47.340438 2241.117053 68.179451 nan nan
13 30 70.034657 47.852752 2289.885857 68.061327 nan nan
14 31 71.188655 48.701073 2371.794474 68.707284 nan nan
15 32 68.985838 48.837689 2385.119842 66.807150 nan nan
16 33 69.960837 48.759439 2377.482902 67.465412 nan nan
17 34 69.351557 49.229342 2423.528066 66.620034 nan nan
18 35 71.278886 49.075808 2408.434906 68.097352 nan nan
19 36 66.189960 48.815578 2382.960676 63.837111 nan nan
20 37 65.636074 48.312611 2334.108380 63.234899 nan nan
21 38 61.940576 47.834828 2288.170781 60.088453 nan nan
22 39 62.223635 47.294658 2236.784647 60.123691 nan nan
23 40 58.686650 46.693758 2180.307082 57.051154 nan nan
1 19 88.555004 46.056004 2121.155541 87.904367 nan nan
2 20 86.918318 47.521596 2258.302091 86.014964 nan nan
3 21 85.282603 46.893415 2198.992354 84.286478 nan nan
4 22 83.503239 48.054861 2309.269703 82.315645 nan nan
5 23 82.419726 47.716276 2276.843019 81.023423 nan nan
6 24 81.408331 48.544441 2356.562793 79.767000 nan nan
7 25 79.939982 48.153612 2318.770369 78.215681 nan nan
8 26 79.424161 48.449156 2347.320728 77.490733 nan nan
9 27 79.054031 48.566280 2358.683527 76.837964 nan nan
10 28 76.344186 48.421883 2344.678726 74.325474 nan nan
11 29 76.914889 48.397750 2342.342249 74.574271 nan nan
12 30 73.871869 48.102433 2313.844085 71.810939 nan nan
13 31 74.926794 48.521138 2354.300858 72.428694 nan nan
14 32 71.254268 48.749499 2376.513667 69.061419 nan nan
15 33 71.692775 48.429580 2345.424223 69.362318 nan nan
16 34 68.234260 48.457227 2348.102824 66.165161 nan nan
17 35 65.920142 47.408634 2247.578586 64.141144 nan nan
18 36 68.195773 48.913815 2392.561273 65.789821 nan nan
19 37 70.233109 48.671032 2368.869309 67.499872 nan nan
20 38 61.332056 47.547541 2260.768627 59.907455 nan nan
21 39 66.120793 48.590373 2361.024371 63.763591 nan nan
22 40 65.318269 48.374908 2340.131711 62.727893 nan nan
1 20 88.849041 46.057988 2121.338282 88.196508 nan nan
2 21 86.111730 46.714946 2182.286192 85.394181 nan nan
3 22 82.975127 46.676048 2178.653431 82.384566 nan nan
4 23 81.113325 47.243891 2231.985252 80.338010 nan nan
5 24 79.793344 47.162096 2224.263261 78.853714 nan nan
6 25 79.316170 47.702548 2275.533060 78.046626 nan nan
7 26 77.463201 47.912974 2295.653106 76.184041 nan nan
8 27 76.944036 47.948131 2299.023304 75.489750 nan nan
9 28 74.659209 48.099861 2313.596634 73.272714 nan nan
10 29 73.082813 47.854917 2290.093043 71.676385 nan nan
11 30 73.076885 48.464579 2348.815438 71.383836 nan nan
12 31 73.769718 49.123730 2413.140800 71.708555 nan nan
13 32 71.915148 49.656455 2465.763544 69.952090 nan nan
14 33 72.379442 49.220652 2422.672545 70.191282 nan nan
15 34 71.598964 49.644724 2464.598656 69.211107 nan nan
16 35 74.146186 49.623423 2462.484129 71.122316 nan nan
17 36 68.791909 49.504589 2450.704308 66.621306 nan nan
18 37 68.461690 49.113174 2412.103836 66.214610 nan nan
19 38 63.436351 48.104385 2314.031841 61.935854 nan nan
20 39 64.476908 48.029054 2306.789986 62.603883 nan nan
21 40 61.405636 47.549378 2260.943304 59.910665 nan nan
1 21 88.397995 46.941056 2203.462785 87.829359 nan nan
2 22 87.187852 47.929159 2297.204317 86.385525 nan nan
3 23 84.918430 47.867245 2291.273163 84.060696 nan nan
4 24 84.686884 48.286058 2331.543405 83.441817 nan nan
5 25 82.146361 48.051952 2308.990133 80.977202 nan nan
6 26 82.484970 48.279844 2330.943289 80.900278 nan nan
7 27 81.562371 48.623082 2364.204108 79.737460 nan nan
8 28 78.791282 48.622804 2364.177044 77.150965 nan nan
9 29 79.234001 48.448744 2347.280806 77.282203 nan nan
10 30 76.562162 48.499325 2352.184477 74.761889 nan nan
11 31 77.951832 48.695962 2371.296704 75.657636 nan nan
12 32 73.258413 48.918455 2393.015215 71.478837 nan nan
13 33 74.542248 48.857308 2387.036515 72.430408 nan nan
14 34 70.832871 48.957251 2396.812467 69.003594 nan nan
15 35 68.883367 48.033714 2307.237693 67.255932 nan nan
16 36 70.737178 49.078952 2408.743517 68.577815 nan nan
17 37 73.113408 48.928496 2393.997673 70.523460 nan nan
18 38 64.169067 48.064610 2310.206725 62.890755 nan nan
19 39 68.947201 49.491275 2449.386268 66.592498 nan nan
20 40 67.160393 48.844850 2385.819403 64.853252 nan nan
1 22 87.168801 46.956124 2204.877627 86.820590 nan nan
2 23 85.257292 47.709783 2276.223426 84.731923 nan nan
3 24 82.609950 47.436384 2250.210574 82.130387 nan nan
4 25 83.086456 48.211104 2324.310538 82.081527 nan nan
5 26 80.400078 48.316075 2334.443076 79.518430 nan nan
6 27 80.681571 48.578081 2359.830000 79.429678 nan nan
7 28 78.039972 48.876544 2388.916520 76.903945 nan nan
8 29 76.345185 48.419065 2344.405849 75.244109 nan nan
9 30 76.075809 49.061599 2407.040498 74.668560 nan nan
10 31 76.595763 49.287277 2429.235702 74.846805 nan nan
11 32 74.640834 50.010655 2501.065653 72.982281 nan nan
12 33 74.840546 49.633137 2463.448248 72.934103 nan nan
13 34 73.841807 49.783221 2478.369054 71.816499 nan nan
14 35 76.445453 49.892878 2489.299292 73.713919 nan nan
15 36 71.979061 50.111465 2511.158896 69.860847 nan nan
16 37 70.464252 49.587559 2458.926028 68.524996 nan nan
17 38 65.435126 48.572859 2359.322648 64.208739 nan nan
18 39 66.096840 48.271489 2330.136633 64.590243 nan nan
19 40 63.997839 48.125258 2316.040473 62.652611 nan nan
1 23 87.041434 47.804827 2285.301462 86.725329 nan nan
2 24 86.494022 48.607669 2362.705485 85.871218 nan nan
3 25 84.784157 48.304660 2333.340173 84.066783 nan nan
4 26 84.715080 48.764275 2377.954544 83.577560 nan nan
5 27 83.871716 49.137684 2414.512010 82.498679 nan nan
6 28 81.294173 48.976690 2398.716142 80.015122 nan nan
7 29 81.261968 48.739999 2375.587548 79.752941 nan nan
8 30 78.991166 48.628769 2364.757214 77.549156 nan nan
9 31 80.670324 49.171063 2417.793390 78.605811 nan nan
10 32 76.104938 49.429963 2443.321260 74.524888 nan nan
11 33 77.401301 49.083216 2409.162128 75.513063 nan nan
12 34 73.541160 49.216141 2422.228556 71.973556 nan nan
13 35 71.626295 48.483998 2350.698100 70.244799 nan nan
14 36 73.297982 49.240789 2424.655298 71.333947 nan nan
15 37 75.850297 49.058048 2406.692068 73.417374 nan nan
16 38 67.554192 48.619826 2363.887468 66.322172 nan nan
17 39 71.588907 49.946099 2494.612794 69.362896 nan nan
18 40 68.672033 48.724003 2374.028512 66.767529 nan nan
1 24 86.395602 48.277217 2330.689683 86.196636 nan nan
2 25 86.189092 48.574371 2359.469562 85.616104 nan nan
3 26 84.135370 49.069363 2407.802395 83.495353 nan nan
4 27 84.420521 48.860811 2387.378867 83.384744 nan nan
5 28 81.619180 49.365591 2436.961543 80.698800 nan nan
6 29 79.738320 48.816012 2383.003061 78.921834 nan nan
7 30 79.338459 49.514464 2451.682118 78.160999 nan nan
8 31 79.611816 49.659138 2466.029996 78.113971 nan nan
9 32 77.011171 49.971995 2497.200311 75.742584 nan nan
10 33 76.807958 49.614320 2461.580743 75.316863 nan nan
11 34 75.755969 49.756382 2475.697592 74.119187 nan nan
12 35 79.152645 50.093462 2509.354967 76.599717 nan nan
13 36 74.717376 50.599079 2560.266804 72.741659 nan nan
14 37 73.318103 49.966786 2496.679691 71.540739 nan nan
15 38 67.451956 49.001344 2401.131715 66.501929 nan nan
16 39 68.144393 48.740708 2375.656574 66.929070 nan nan
17 40 66.817537 48.842154 2385.556041 65.564890 nan nan
1 25 88.447216 48.616056 2363.520908 87.961625 nan nan
2 26 87.626874 49.256575 2426.210177 86.859379 nan nan
3 27 86.518067 49.152631 2415.981181 85.539418 nan nan
4 28 83.322759 49.093131 2410.135517 82.570822 nan nan
5 29 83.830860 49.081013 2408.945829 82.625457 nan nan
6 30 81.520690 49.181229 2418.793333 80.396539 nan nan
7 31 82.811834 49.528081 2453.030775 81.111602 nan nan
8 32 78.381376 49.518064 2452.038630 77.173115 nan nan
9 33 80.210770 49.356717 2436.085528 78.523989 nan nan
10 34 76.123004 49.454881 2445.785303 74.828429 nan nan
11 35 74.074894 48.993443 2400.357441 72.967316 nan nan
12 36 76.156953 49.539701 2454.181942 74.339393 nan nan
13 37 78.287028 49.455256 2445.822348 76.003362 nan nan
14 38 70.861988 48.867869 2388.068585 69.702669 nan nan
15 39 73.371125 49.902709 2490.280351 71.490488 nan nan
16 40 70.408853 48.839769 2385.323075 68.901879 nan nan
1 26 87.877140 49.185185 2419.182424 87.492279 nan nan
2 27 86.933465 49.259260 2426.474657 86.328658 nan nan
3 28 84.692865 49.575032 2457.683843 84.095957 nan nan
4 29 83.672568 49.252409 2425.799810 82.938574 nan nan
5 30 82.221975 49.518031 2452.035364 81.405762 nan nan
6 31 82.824171 49.665317 2466.643696 81.503415 nan nan
7 32 80.241068 50.154492 2515.473087 79.120585 nan nan
8 33 78.898309 49.547399 2454.944728 77.757396 nan nan
9 34 78.085052 49.944602 2494.463294 76.753805 nan nan
10 35 81.129308 50.064597 2506.463916 78.880335 nan nan
11 36 76.934213 50.511260 2551.387385 75.219972 nan nan
12 37 75.883300 50.201300 2520.170567 74.300349 nan nan
13 38 69.173024 49.231018 2423.693109 68.593507 nan nan
14 39 70.895231 49.252055 2425.764908 69.816403 nan nan
15 40 69.415591 49.278433 2428.363986 68.301562 nan nan
1 27 88.404489 49.367141 2437.114572 87.962025 nan nan
2 28 86.842194 49.421957 2442.529828 86.280128 nan nan
3 29 85.971960 49.329691 2433.418431 85.210436 nan nan
4 30 84.476636 49.601862 2460.344709 83.594247 nan nan
5 31 84.869234 49.816919 2481.725419 83.587916 nan nan
6 32 80.745801 49.624369 2462.577991 79.900492 nan nan
7 33 83.063950 49.569648 2457.149989 81.570491 nan nan
8 34 78.422480 50.101334 2510.143682 77.399656 nan nan
9 35 77.617734 49.728024 2472.876392 76.528881 nan nan
10 36 77.605654 49.839424 2483.968203 76.234079 nan nan
11 37 80.351519 50.001229 2500.122932 78.292886 nan nan
12 38 73.125729 49.098084 2410.621823 72.206839 nan nan
13 39 75.095552 50.246015 2524.662061 73.509733 nan nan
14 40 72.726478 49.100186 2410.828304 71.425677 nan nan
1 28 88.127289 49.705804 2470.666922 87.743618 nan nan
2 29 87.237799 49.540126 2454.224106 86.650801 nan nan
3 30 85.924222 49.764683 2476.523628 85.203108 nan nan
4 31 84.871758 49.589794 2459.147666 83.989904 nan nan
5 32 83.647409 50.326570 2532.763663 82.611628 nan nan
6 33 80.702765 49.646026 2464.727914 79.970288 nan nan
7 34 80.795243 49.937957 2493.799566 79.684612 nan nan
8 35 82.059355 50.186906 2518.725562 80.367207 nan nan
9 36 78.838322 50.234741 2523.529167 77.518479 nan nan
10 37 78.376623 50.251633 2525.226611 76.980906 nan nan
11 38 72.068433 49.494687 2449.724039 71.613560 nan nan
12 39 73.149372 49.635446 2463.677474 72.309476 nan nan
13 40 71.371076 49.631426 2463.278416 70.573467 nan nan
1 29 88.249814 49.668991 2467.008680 87.871105 nan nan
2 30 86.648585 49.997975 2499.797457 86.188596 nan nan
3 31 87.021876 49.917221 2491.728935 86.137484 nan nan
4 32 83.578582 50.046720 2504.674155 82.961426 nan nan
5 33 85.692983 49.851145 2485.136661 84.425417 nan nan
6 34 81.126741 50.236713 2523.727287 80.356828 nan nan
7 35 81.087072 50.276223 2527.698579 80.024011 nan nan
8 36 79.939995 50.144643 2514.485185 78.824788 nan nan
9 37 82.404064 50.262077 2526.276383 80.614419 nan nan
10 38 75.641951 49.443617 2444.671250 74.937112 nan nan
11 39 77.762061 50.672638 2567.716248 76.255851 nan nan
12 40 74.679514 49.555114 2455.709309 73.644096 nan nan
1 30 88.854458 50.017356 2501.735930 88.399057 nan nan
2 31 87.435059 49.581281 2458.303383 86.867264 nan nan
3 32 85.342451 50.263603 2526.429792 84.800831 nan nan
4 33 83.257496 49.666167 2466.728126 82.792703 nan nan
5 34 82.570301 49.925583 2492.563829 81.897239 nan nan
6 35 83.662277 50.121848 2512.199684 82.378899 nan nan
7 36 80.922800 49.920271 2492.033478 79.937093 nan nan
8 37 80.411723 50.205711 2520.613450 79.331637 nan nan
9 38 74.962081 49.531147 2453.334476 74.640536 nan nan
10 39 75.888326 49.790843 2479.128013 75.200793 nan nan
11 40 74.244656 49.819271 2481.959804 73.552080 nan nan
1 31 88.995506 50.262100 2526.278734 88.534193 nan nan
2 32 86.476802 50.079504 2507.956724 86.101507 nan nan
3 33 87.858418 49.932696 2493.274111 86.914108 nan nan
4 34 83.830772 50.349195 2535.041465 83.278768 nan nan
5 35 83.399995 50.398253 2539.983905 82.639996 nan nan
6 36 82.242636 50.268922 2526.964560 81.416228 nan nan
7 37 84.173920 50.447192 2544.919147 82.702880 nan nan
8 38 78.700961 49.631596 2463.295326 78.049144 nan nan
9 39 79.681694 50.809199 2581.574689 78.454077 nan nan
10 40 76.941864 49.790307 2479.074655 76.130312 nan nan
