copy ../Henew10/Blams/Blam_01_02_dj01.dat
copy ../Henew10/Bthetas/Btheta_01_02_dj01.dat
copy ../He5i5015/Blams/Blam_01_02_dj01.dat
copy ../He5i5015/Bthetas/Btheta_01_02_dj01.dat
copy ../Arnew/Blams/Blam_01_02_dj01.dat
copy ../Arnew/Bthetas/Btheta_01_02_dj01.dat
copy ../Henew10/Blams/Blam_02_03_dj01.dat
copy ../Henew10/Bthetas/Btheta_02_03_dj01.dat
copy ../He5i5015/Blams/Blam_02_03_dj01.dat
copy ../He5i5015/Bthetas/Btheta_02_03_dj01.dat
copy ../Arnew/Blams/Blam_02_03_dj01.dat
copy ../Arnew/Bthetas/Btheta_02_03_dj01.dat
copy ../Henew10/Blams/Blam_03_04_dj01.dat
copy ../Henew10/Bthetas/Btheta_03_04_dj01.dat
copy ../He5i5015/Blams/Blam_03_04_dj01.dat
copy ../He5i5015/Bthetas/Btheta_03_04_dj01.dat
copy ../Arnew/Blams/Blam_03_04_dj01.dat
copy ../Arnew/Bthetas/Btheta_03_04_dj01.dat
copy ../Henew10/Blams/Blam_04_05_dj01.dat
copy ../Henew10/Bthetas/Btheta_04_05_dj01.dat
copy ../He5i5015/Blams/Blam_04_05_dj01.dat
copy ../He5i5015/Bthetas/Btheta_04_05_dj01.dat
copy ../Arnew/Blams/Blam_04_05_dj01.dat
copy ../Arnew/Bthetas/Btheta_04_05_dj01.dat
copy ../Henew10/Blams/Blam_05_06_dj01.dat
copy ../Henew10/Bthetas/Btheta_05_06_dj01.dat
copy ../He5i5015/Blams/Blam_05_06_dj01.dat
copy ../He5i5015/Bthetas/Btheta_05_06_dj01.dat
copy ../Arnew/Blams/Blam_05_06_dj01.dat
copy ../Arnew/Bthetas/Btheta_05_06_dj01.dat
copy ../Henew10/Blams/Blam_06_07_dj01.dat
copy ../Henew10/Bthetas/Btheta_06_07_dj01.dat
copy ../He5i5015/Blams/Blam_06_07_dj01.dat
copy ../He5i5015/Bthetas/Btheta_06_07_dj01.dat
copy ../Arnew/Blams/Blam_06_07_dj01.dat
copy ../Arnew/Bthetas/Btheta_06_07_dj01.dat
copy ../Henew10/Blams/Blam_07_08_dj01.dat
copy ../Henew10/Bthetas/Btheta_07_08_dj01.dat
copy ../He5i5015/Blams/Blam_07_08_dj01.dat
copy ../He5i5015/Bthetas/Btheta_07_08_dj01.dat
copy ../Arnew/Blams/Blam_07_08_dj01.dat
copy ../Arnew/Bthetas/Btheta_07_08_dj01.dat
copy ../Henew10/Blams/Blam_08_09_dj01.dat
copy ../Henew10/Bthetas/Btheta_08_09_dj01.dat
copy ../He5i5015/Blams/Blam_08_09_dj01.dat
copy ../He5i5015/Bthetas/Btheta_08_09_dj01.dat
copy ../Arnew/Blams/Blam_08_09_dj01.dat
copy ../Arnew/Bthetas/Btheta_08_09_dj01.dat
copy ../Henew10/Blams/Blam_09_10_dj01.dat
copy ../Henew10/Bthetas/Btheta_09_10_dj01.dat
copy ../He5i5015/Blams/Blam_09_10_dj01.dat
copy ../He5i5015/Bthetas/Btheta_09_10_dj01.dat
copy ../Arnew/Blams/Blam_09_10_dj01.dat
copy ../Arnew/Bthetas/Btheta_09_10_dj01.dat
copy ../Henew10/Blams/Blam_10_11_dj01.dat
copy ../Henew10/Bthetas/Btheta_10_11_dj01.dat
copy ../He5i5015/Blams/Blam_10_11_dj01.dat
copy ../He5i5015/Bthetas/Btheta_10_11_dj01.dat
copy ../Arnew/Blams/Blam_10_11_dj01.dat
copy ../Arnew/Bthetas/Btheta_10_11_dj01.dat
copy ../Henew10/Blams/Blam_11_12_dj01.dat
copy ../Henew10/Bthetas/Btheta_11_12_dj01.dat
copy ../He5i5015/Blams/Blam_11_12_dj01.dat
copy ../He5i5015/Bthetas/Btheta_11_12_dj01.dat
copy ../Arnew/Blams/Blam_11_12_dj01.dat
copy ../Arnew/Bthetas/Btheta_11_12_dj01.dat
copy ../Henew10/Blams/Blam_12_13_dj01.dat
copy ../Henew10/Bthetas/Btheta_12_13_dj01.dat
copy ../He5i5015/Blams/Blam_12_13_dj01.dat
copy ../He5i5015/Bthetas/Btheta_12_13_dj01.dat
copy ../Arnew/Blams/Blam_12_13_dj01.dat
copy ../Arnew/Bthetas/Btheta_12_13_dj01.dat
copy ../Henew10/Blams/Blam_13_14_dj01.dat
copy ../Henew10/Bthetas/Btheta_13_14_dj01.dat
copy ../He5i5015/Blams/Blam_13_14_dj01.dat
copy ../He5i5015/Bthetas/Btheta_13_14_dj01.dat
copy ../Arnew/Blams/Blam_13_14_dj01.dat
copy ../Arnew/Bthetas/Btheta_13_14_dj01.dat
copy ../Henew10/Blams/Blam_14_15_dj01.dat
copy ../Henew10/Bthetas/Btheta_14_15_dj01.dat
copy ../He5i5015/Blams/Blam_14_15_dj01.dat
copy ../He5i5015/Bthetas/Btheta_14_15_dj01.dat
copy ../Arnew/Blams/Blam_14_15_dj01.dat
copy ../Arnew/Bthetas/Btheta_14_15_dj01.dat
copy ../Henew10/Blams/Blam_15_16_dj01.dat
copy ../Henew10/Bthetas/Btheta_15_16_dj01.dat
copy ../He5i5015/Blams/Blam_15_16_dj01.dat
copy ../He5i5015/Bthetas/Btheta_15_16_dj01.dat
copy ../Arnew/Blams/Blam_15_16_dj01.dat
copy ../Arnew/Bthetas/Btheta_15_16_dj01.dat
copy ../Henew10/Blams/Blam_16_17_dj01.dat
copy ../Henew10/Bthetas/Btheta_16_17_dj01.dat
copy ../He5i5015/Blams/Blam_16_17_dj01.dat
copy ../He5i5015/Bthetas/Btheta_16_17_dj01.dat
copy ../Arnew/Blams/Blam_16_17_dj01.dat
copy ../Arnew/Bthetas/Btheta_16_17_dj01.dat
copy ../Henew10/Blams/Blam_17_18_dj01.dat
copy ../Henew10/Bthetas/Btheta_17_18_dj01.dat
copy ../He5i5015/Blams/Blam_17_18_dj01.dat
copy ../He5i5015/Bthetas/Btheta_17_18_dj01.dat
copy ../Arnew/Blams/Blam_17_18_dj01.dat
copy ../Arnew/Bthetas/Btheta_17_18_dj01.dat
copy ../Henew10/Blams/Blam_18_19_dj01.dat
copy ../Henew10/Bthetas/Btheta_18_19_dj01.dat
copy ../He5i5015/Blams/Blam_18_19_dj01.dat
copy ../He5i5015/Bthetas/Btheta_18_19_dj01.dat
copy ../Arnew/Blams/Blam_18_19_dj01.dat
copy ../Arnew/Bthetas/Btheta_18_19_dj01.dat
copy ../Henew10/Blams/Blam_19_20_dj01.dat
copy ../Henew10/Bthetas/Btheta_19_20_dj01.dat
copy ../He5i5015/Blams/Blam_19_20_dj01.dat
copy ../He5i5015/Bthetas/Btheta_19_20_dj01.dat
copy ../Arnew/Blams/Blam_19_20_dj01.dat
copy ../Arnew/Bthetas/Btheta_19_20_dj01.dat
copy ../Henew10/Blams/Blam_20_21_dj01.dat
copy ../Henew10/Bthetas/Btheta_20_21_dj01.dat
copy ../He5i5015/Blams/Blam_20_21_dj01.dat
copy ../He5i5015/Bthetas/Btheta_20_21_dj01.dat
copy ../Arnew/Blams/Blam_20_21_dj01.dat
copy ../Arnew/Bthetas/Btheta_20_21_dj01.dat
copy ../Henew10/Blams/Blam_21_22_dj01.dat
copy ../Henew10/Bthetas/Btheta_21_22_dj01.dat
copy ../He5i5015/Blams/Blam_21_22_dj01.dat
copy ../He5i5015/Bthetas/Btheta_21_22_dj01.dat
copy ../Arnew/Blams/Blam_21_22_dj01.dat
copy ../Arnew/Bthetas/Btheta_21_22_dj01.dat
copy ../Henew10/Blams/Blam_22_23_dj01.dat
copy ../Henew10/Bthetas/Btheta_22_23_dj01.dat
copy ../He5i5015/Blams/Blam_22_23_dj01.dat
copy ../He5i5015/Bthetas/Btheta_22_23_dj01.dat
copy ../Arnew/Blams/Blam_22_23_dj01.dat
copy ../Arnew/Bthetas/Btheta_22_23_dj01.dat
copy ../Henew10/Blams/Blam_23_24_dj01.dat
copy ../Henew10/Bthetas/Btheta_23_24_dj01.dat
copy ../He5i5015/Blams/Blam_23_24_dj01.dat
copy ../He5i5015/Bthetas/Btheta_23_24_dj01.dat
copy ../Arnew/Blams/Blam_23_24_dj01.dat
copy ../Arnew/Bthetas/Btheta_23_24_dj01.dat
copy ../Henew10/Blams/Blam_24_25_dj01.dat
copy ../Henew10/Bthetas/Btheta_24_25_dj01.dat
copy ../He5i5015/Blams/Blam_24_25_dj01.dat
copy ../He5i5015/Bthetas/Btheta_24_25_dj01.dat
copy ../Arnew/Blams/Blam_24_25_dj01.dat
copy ../Arnew/Bthetas/Btheta_24_25_dj01.dat
copy ../Henew10/Blams/Blam_25_26_dj01.dat
copy ../Henew10/Bthetas/Btheta_25_26_dj01.dat
copy ../He5i5015/Blams/Blam_25_26_dj01.dat
copy ../He5i5015/Bthetas/Btheta_25_26_dj01.dat
copy ../Arnew/Blams/Blam_25_26_dj01.dat
copy ../Arnew/Bthetas/Btheta_25_26_dj01.dat
copy ../Henew10/Blams/Blam_26_27_dj01.dat
copy ../Henew10/Bthetas/Btheta_26_27_dj01.dat
copy ../He5i5015/Blams/Blam_26_27_dj01.dat
copy ../He5i5015/Bthetas/Btheta_26_27_dj01.dat
copy ../Arnew/Blams/Blam_26_27_dj01.dat
copy ../Arnew/Bthetas/Btheta_26_27_dj01.dat
copy ../Henew10/Blams/Blam_27_28_dj01.dat
copy ../Henew10/Bthetas/Btheta_27_28_dj01.dat
copy ../He5i5015/Blams/Blam_27_28_dj01.dat
copy ../He5i5015/Bthetas/Btheta_27_28_dj01.dat
copy ../Arnew/Blams/Blam_27_28_dj01.dat
copy ../Arnew/Bthetas/Btheta_27_28_dj01.dat
copy ../Henew10/Blams/Blam_28_29_dj01.dat
copy ../Henew10/Bthetas/Btheta_28_29_dj01.dat
copy ../He5i5015/Blams/Blam_28_29_dj01.dat
copy ../He5i5015/Bthetas/Btheta_28_29_dj01.dat
copy ../Arnew/Blams/Blam_28_29_dj01.dat
copy ../Arnew/Bthetas/Btheta_28_29_dj01.dat
copy ../Henew10/Blams/Blam_29_30_dj01.dat
copy ../Henew10/Bthetas/Btheta_29_30_dj01.dat
copy ../He5i5015/Blams/Blam_29_30_dj01.dat
copy ../He5i5015/Bthetas/Btheta_29_30_dj01.dat
copy ../Arnew/Blams/Blam_29_30_dj01.dat
copy ../Arnew/Bthetas/Btheta_29_30_dj01.dat
copy ../Henew10/Blams/Blam_30_31_dj01.dat
copy ../Henew10/Bthetas/Btheta_30_31_dj01.dat
copy ../He5i5015/Blams/Blam_30_31_dj01.dat
copy ../He5i5015/Bthetas/Btheta_30_31_dj01.dat
copy ../Arnew/Blams/Blam_30_31_dj01.dat
copy ../Arnew/Bthetas/Btheta_30_31_dj01.dat
copy ../Henew10/Blams/Blam_31_32_dj01.dat
copy ../Henew10/Bthetas/Btheta_31_32_dj01.dat
copy ../He5i5015/Blams/Blam_31_32_dj01.dat
copy ../He5i5015/Bthetas/Btheta_31_32_dj01.dat
copy ../Arnew/Blams/Blam_31_32_dj01.dat
copy ../Arnew/Bthetas/Btheta_31_32_dj01.dat
copy ../Henew10/Blams/Blam_32_33_dj01.dat
copy ../Henew10/Bthetas/Btheta_32_33_dj01.dat
copy ../He5i5015/Blams/Blam_32_33_dj01.dat
copy ../He5i5015/Bthetas/Btheta_32_33_dj01.dat
copy ../Arnew/Blams/Blam_32_33_dj01.dat
copy ../Arnew/Bthetas/Btheta_32_33_dj01.dat
copy ../Henew10/Blams/Blam_33_34_dj01.dat
copy ../Henew10/Bthetas/Btheta_33_34_dj01.dat
copy ../He5i5015/Blams/Blam_33_34_dj01.dat
copy ../He5i5015/Bthetas/Btheta_33_34_dj01.dat
copy ../Arnew/Blams/Blam_33_34_dj01.dat
copy ../Arnew/Bthetas/Btheta_33_34_dj01.dat
copy ../Henew10/Blams/Blam_34_35_dj01.dat
copy ../Henew10/Bthetas/Btheta_34_35_dj01.dat
copy ../He5i5015/Blams/Blam_34_35_dj01.dat
copy ../He5i5015/Bthetas/Btheta_34_35_dj01.dat
copy ../Arnew/Blams/Blam_34_35_dj01.dat
copy ../Arnew/Bthetas/Btheta_34_35_dj01.dat
copy ../Henew10/Blams/Blam_35_36_dj01.dat
copy ../Henew10/Bthetas/Btheta_35_36_dj01.dat
copy ../He5i5015/Blams/Blam_35_36_dj01.dat
copy ../He5i5015/Bthetas/Btheta_35_36_dj01.dat
copy ../Arnew/Blams/Blam_35_36_dj01.dat
copy ../Arnew/Bthetas/Btheta_35_36_dj01.dat
copy ../Henew10/Blams/Blam_36_37_dj01.dat
copy ../Henew10/Bthetas/Btheta_36_37_dj01.dat
copy ../He5i5015/Blams/Blam_36_37_dj01.dat
copy ../He5i5015/Bthetas/Btheta_36_37_dj01.dat
copy ../Arnew/Blams/Blam_36_37_dj01.dat
copy ../Arnew/Bthetas/Btheta_36_37_dj01.dat
copy ../Henew10/Blams/Blam_37_38_dj01.dat
copy ../Henew10/Bthetas/Btheta_37_38_dj01.dat
copy ../He5i5015/Blams/Blam_37_38_dj01.dat
copy ../He5i5015/Bthetas/Btheta_37_38_dj01.dat
copy ../Arnew/Blams/Blam_37_38_dj01.dat
copy ../Arnew/Bthetas/Btheta_37_38_dj01.dat
copy ../Henew10/Blams/Blam_38_39_dj01.dat
copy ../Henew10/Bthetas/Btheta_38_39_dj01.dat
copy ../He5i5015/Blams/Blam_38_39_dj01.dat
copy ../He5i5015/Bthetas/Btheta_38_39_dj01.dat
copy ../Arnew/Blams/Blam_38_39_dj01.dat
copy ../Arnew/Bthetas/Btheta_38_39_dj01.dat
copy ../Henew10/Blams/Blam_39_40_dj01.dat
copy ../Henew10/Bthetas/Btheta_39_40_dj01.dat
copy ../He5i5015/Blams/Blam_39_40_dj01.dat
copy ../He5i5015/Bthetas/Btheta_39_40_dj01.dat
copy ../Arnew/Blams/Blam_39_40_dj01.dat
copy ../Arnew/Bthetas/Btheta_39_40_dj01.dat
