1 2 71.804458 52.193975 2724.211065 65.823241 29.241981 855.093457
2 3 65.958410 52.539278 2760.375711 59.860612 38.027797 1446.113358
3 4 62.533330 52.456451 2751.679204 56.342096 39.941818 1595.348799
4 5 59.994310 52.235511 2728.548560 53.787588 40.523291 1642.137134
5 6 57.674022 51.800686 2683.311102 51.569555 40.575425 1646.365124
6 7 55.395616 51.182495 2619.647755 49.484593 40.351041 1628.206525
7 8 53.002431 50.325500 2532.655908 47.381631 39.905798 1592.472730
8 9 50.665586 49.396338 2439.998210 45.354532 39.360213 1549.226337
9 10 48.271821 48.291481 2332.067108 43.318322 38.683505 1496.413584
10 11 45.966752 47.152662 2223.373547 41.362697 37.953714 1440.484440
11 12 43.734412 45.956908 2112.037436 39.476929 37.170856 1381.672542
12 13 41.589156 44.724187 2000.252871 37.667953 36.348929 1321.244635
13 14 39.661384 43.613948 1902.176494 36.022691 35.574609 1265.552786
14 15 37.846801 42.504129 1806.600953 34.475221 34.797802 1210.886990
15 16 36.249387 41.553711 1726.710913 33.091635 34.099639 1162.785350
16 17 34.673917 40.503159 1640.505879 31.743558 33.355341 1112.578741
17 18 33.130437 39.374941 1550.385966 30.433016 32.567286 1060.628100
18 19 31.745030 38.374940 1472.636033 29.240285 31.838534 1013.692274
19 20 30.459752 37.432228 1401.171656 28.126748 31.140848 969.752421
20 21 29.236695 36.475517 1330.463337 27.070557 30.439877 926.586114
21 22 27.964544 35.318985 1247.430725 25.995089 29.638851 878.461496
22 23 26.423678 33.553841 1125.860279 24.747575 28.520726 813.431838
23 24 24.683935 31.230211 975.326084 23.363666 27.083774 733.530835
24 25 23.117882 29.080847 845.695638 22.086736 25.688188 659.883001
25 26 21.714995 27.127389 735.895217 20.914590 24.364155 593.612058
26 27 20.469784 25.326176 641.415168 19.858430 23.115953 534.347302
27 28 19.401776 23.795170 566.210123 18.929224 21.996425 483.842698
28 29 18.400685 22.298601 497.227601 18.053866 20.919104 437.608930
29 30 17.499141 20.876519 435.829045 17.260048 19.891561 395.674216
30 31 16.671959 19.683703 387.448156 16.509437 18.968658 359.809981
31 32 16.009277 18.678556 348.888450 15.900000 18.146237 329.285911
32 33 15.415167 17.773937 315.912824 15.346269 17.378960 302.028255
33 34 14.888850 16.999523 288.983767 14.851471 16.709448 279.205648
34 35 14.353540 16.291618 265.416819 14.341717 16.086455 258.774041
35 36 13.910765 15.710754 246.827785 13.918885 15.572916 242.515712
36 37 13.457523 15.100166 228.015027 13.481901 15.017676 225.530590
37 38 13.106783 14.575658 212.449818 13.144111 14.541737 211.462122
38 39 12.939969 14.108769 199.057366 12.984128 14.119138 199.350046
39 40 12.761409 13.671702 186.915434 12.810143 13.715077 188.103334
40 41 12.341333 13.152401 172.985642 12.399225 13.223899 174.871502
41 42 12.036259 12.771285 163.105717 12.098426 12.867003 165.559778
42 43 11.997692 12.517899 156.697796 12.059468 12.636135 159.671917
43 44 11.902491 12.263139 150.384569 11.963796 12.398860 153.731728
44 45 11.731664 11.886007 141.277171 11.796479 12.040731 144.979207
45 46 11.660584 11.710481 137.135359 11.722061 11.873559 140.981394
46 47 12.299702 11.851439 140.456615 12.350063 12.037788 144.908335
47 48 13.183715 12.075434 145.816094 13.213702 12.230992 149.597154
48 49 13.820577 11.942070 142.613025 13.818846 12.146587 147.539582
49 50 14.736576 13.052975 170.380166 14.723884 13.186551 173.885127
1 3 62.122893 47.426651 2249.287223 60.283353 nan nan
2 4 49.257351 43.837942 1921.765124 48.650864 nan nan
3 5 40.699876 40.127801 1610.240408 40.736987 16.306119 265.889508
4 6 34.490534 36.712478 1347.806029 34.911227 19.933758 397.354716
5 7 29.827946 33.731489 1137.813376 30.474683 20.710882 428.940619
6 8 26.257463 31.226910 975.119899 27.027039 20.586334 423.797141
7 9 23.495330 29.212712 853.382560 24.316651 20.187231 407.524310
8 10 21.385899 27.767614 771.040368 22.199944 19.834443 393.405112
9 11 19.681506 26.592078 707.138633 20.473088 19.472106 379.162893
10 12 18.342052 25.799919 665.635846 19.086256 19.235839 370.017519
11 13 17.254473 25.233524 636.730743 17.944295 19.074983 363.854994
12 14 16.296713 24.661526 608.190862 16.945004 18.866269 355.936091
13 15 15.531632 24.349937 592.919429 16.124228 18.779048 352.652645
14 16 14.837420 23.991175 575.576490 15.388243 18.647014 347.711128
15 17 14.131411 23.386670 546.936327 14.668405 18.346321 336.587510
16 18 13.505530 22.859661 522.564122 14.025079 18.061334 326.211793
17 19 12.957351 22.429244 503.070986 13.455509 17.818097 317.484594
18 20 12.256259 21.331838 455.047300 12.789404 17.176560 295.034225
19 21 11.533989 20.008920 400.356895 12.113366 16.363167 267.753243
20 22 10.951783 19.066368 363.526393 11.544276 15.730178 247.438488
21 23 10.421400 18.205571 331.442804 11.022463 15.143694 229.331475
22 24 9.963888 17.464138 304.996117 10.564048 14.617418 213.668906
23 25 9.507763 16.682075 278.291639 10.111966 14.075038 198.106705
24 26 9.117493 15.829880 250.585108 9.726349 13.484911 181.842819
25 27 8.730568 15.236178 232.141110 9.330628 13.027618 169.718824
26 28 8.407022 14.409981 207.647552 9.012638 12.472957 155.574653
27 29 7.991381 13.280713 176.377329 8.611701 11.726981 137.522088
28 30 7.753049 12.420755 154.275146 8.382014 11.155587 124.447122
29 31 7.455481 11.645970 135.628615 8.077592 10.569455 111.713385
30 32 7.271271 11.181293 125.021308 7.891371 10.245751 104.975408
31 33 7.065524 10.641413 113.239670 7.671416 9.803366 96.105986
32 34 6.897673 10.305420 106.201680 7.495885 9.549253 91.188237
33 35 6.747126 9.914977 98.306761 7.332763 9.222079 85.046748
34 36 6.703315 9.770531 95.463276 7.281618 9.138237 83.507376
35 37 6.626843 9.504434 90.334260 7.191869 8.920358 79.572785
36 38 6.531859 9.395708 88.279330 7.087320 8.855466 78.419273
37 39 6.472991 9.158685 83.881520 7.015665 8.653011 74.874598
38 40 6.402437 8.992951 80.873169 6.932032 8.520451 72.598083
39 41 6.345027 8.864620 78.581488 6.863442 8.423806 70.960508
40 42 6.582256 9.204566 84.724043 7.096728 8.798779 77.418518
41 43 6.422767 8.988748 80.797596 6.931704 8.604974 74.045579
42 44 6.249553 8.785055 77.177184 6.739518 8.418702 70.874537
43 45 6.524657 9.074578 82.347967 7.011951 8.736366 76.324088
44 46 6.771519 9.273499 85.997778 7.251429 8.953933 80.172908
45 47 6.869192 9.175618 84.191958 7.320918 8.880247 78.858783
46 48 7.017260 9.605127 92.258470 7.461561 9.315756 86.783313
47 49 7.847034 10.178477 103.601394 8.258998 9.903650 98.082274
48 50 7.607330 9.588062 91.930932 7.997973 9.332471 87.095013
1 4 81.208858 52.013011 2705.353343 77.943001 nan nan
2 5 76.559798 52.333489 2738.794064 72.605187 nan nan
3 6 73.091993 52.244276 2729.464347 68.689872 nan nan
4 7 69.985498 51.946629 2698.452232 65.366333 19.409894 376.743993
5 8 67.021760 51.487688 2650.981984 62.355051 25.637858 657.299776
6 9 64.005635 50.810991 2581.756810 59.447393 28.737966 825.870677
7 10 61.115262 50.064760 2506.480209 56.723761 30.508238 930.752563
8 11 58.202385 49.139056 2414.646832 54.060806 31.481540 991.087386
9 12 55.424516 48.169799 2320.329545 51.546761 31.997294 1023.826813
10 13 52.751185 47.127374 2220.989422 49.153959 32.189269 1036.149021
11 14 50.193239 46.031704 2118.917745 46.880917 32.151766 1033.736087
12 15 47.897576 45.045309 2029.079889 44.821940 32.023732 1025.519415
13 16 45.742645 44.041521 1939.655583 42.897546 31.785318 1010.306426
14 17 43.845294 43.187912 1865.195717 41.178262 31.544636 995.064050
15 18 41.972191 42.214256 1782.043375 39.508963 31.188623 972.730179
16 19 40.140976 41.145017 1692.912397 37.894309 30.729816 944.321594
17 20 38.494329 40.200669 1616.093752 36.423212 30.289033 917.425546
18 21 36.965657 39.307619 1545.088937 35.051187 29.844753 890.709281
19 22 35.507226 38.383794 1473.315646 33.747991 29.359809 861.998411
20 23 33.999267 37.240991 1386.891408 32.434903 28.744061 826.221021
21 24 32.155876 35.416969 1254.361718 30.907867 27.748810 769.996451
22 25 30.070822 32.979308 1087.634779 29.217451 26.384390 696.136037
23 26 28.161339 30.690410 941.901240 27.626129 25.015859 625.793222
24 27 26.493377 28.648384 820.729900 26.204593 23.742021 563.683559
25 28 24.923884 26.687163 712.204676 24.840044 22.469881 504.895531
26 29 23.605715 25.078419 628.927100 23.665640 21.377777 457.009346
27 30 22.434504 23.457135 550.237192 22.619473 20.282599 411.383819
28 31 21.326374 21.933403 481.074168 21.617720 19.251841 370.633398
29 32 20.381507 20.644140 426.180503 20.741030 18.313141 335.371127
30 33 19.456003 19.533259 381.548217 19.862564 17.451249 304.546083
31 34 18.783466 18.589146 345.556348 19.217204 16.697849 278.818171
32 35 18.054458 17.717008 313.892385 18.509337 15.981715 255.415225
33 36 17.525691 17.023591 289.802644 17.989748 15.419708 237.767392
34 37 16.895771 16.332691 266.756800 17.367281 14.843208 220.320815
35 38 16.470497 15.760263 248.385890 16.942845 14.365131 206.356992
36 39 15.959560 15.093034 227.799685 16.431099 13.786786 190.075465
37 40 15.817910 14.664625 215.051213 16.273466 13.440755 180.653889
38 41 15.443947 14.064211 197.802035 15.890820 12.906594 166.580157
39 42 14.930975 13.595017 184.824474 15.376824 12.493286 156.082194
40 43 14.722087 13.151554 172.963383 15.143622 12.119690 146.886876
41 44 14.539746 12.962122 168.016609 14.961559 11.980706 143.537323
42 45 14.315758 12.417709 154.199493 14.716254 11.487783 131.969169
43 46 13.842847 12.127839 147.084470 14.237566 11.232956 126.179310
44 47 14.037866 11.990923 143.782235 14.439940 11.121500 123.687762
45 48 14.765679 12.021446 144.515156 15.122230 11.202237 125.490112
46 49 15.715345 11.998102 143.954451 15.964875 11.280811 127.256703
47 50 16.098343 12.518143 156.703895 16.344884 11.822453 139.770386
1 5 71.211357 49.747559 2474.819665 70.303588 nan nan
2 6 59.976699 47.390968 2245.903884 60.093750 nan nan
3 7 51.588232 44.537239 1983.565670 52.328098 nan nan
4 8 45.108760 41.774617 1745.118650 46.238229 nan nan
5 9 40.051342 39.314651 1545.641820 41.407698 nan nan
6 10 36.106900 37.279410 1389.754389 37.569817 nan nan
7 11 33.121093 35.847710 1285.058324 34.583246 7.936959 62.995324
8 12 30.698129 34.659721 1201.296251 32.132650 12.320266 151.788946
9 13 28.831646 33.914606 1150.200482 30.188524 14.856249 220.708146
10 14 27.332616 33.407623 1116.069276 28.597402 16.590072 275.230501
11 15 25.988683 32.842381 1078.621971 27.185450 17.711038 313.680882
12 16 24.951072 32.598671 1062.673355 26.049276 18.697223 349.586141
13 17 23.986526 32.254181 1040.332213 25.012661 19.374309 375.363850
14 18 22.938640 31.545974 995.148494 23.948489 19.630307 385.348943
15 19 22.010064 30.933414 956.876091 22.993920 19.799453 392.018328
16 20 21.203342 30.438949 926.529607 22.151246 19.941999 397.683330
17 21 20.042879 28.991461 840.504809 21.071341 19.416123 376.985843
18 22 18.801799 27.208298 740.291499 19.931215 18.570053 344.846882
19 23 17.841727 25.987415 675.345748 19.002350 17.983341 323.400553
20 24 16.962879 24.821598 616.111722 18.143074 17.387345 302.319782
21 25 16.183587 23.865204 569.547962 17.368856 16.892686 285.362849
22 26 15.403860 22.703669 515.456589 16.598100 16.228058 263.349879
23 27 14.651385 21.609170 466.956230 15.864588 15.615690 243.849777
24 28 14.107419 20.762411 431.077707 15.298417 15.090739 227.730398
25 29 13.397428 19.557659 382.502012 14.599616 14.365617 206.370941
26 30 12.818375 17.936106 321.703910 14.042970 13.370646 178.774168
27 31 12.128723 16.533745 273.364710 13.356892 12.435132 154.632519
28 32 11.864267 15.642974 244.702635 13.088822 11.882208 141.186874
29 33 11.405834 14.684824 215.644045 12.597997 11.169083 124.748414
30 34 11.077206 14.116339 199.271016 12.258424 10.808044 116.813806
31 35 10.787254 13.454298 181.018125 11.927928 10.309084 106.277216
32 36 10.696082 13.106090 171.769601 11.819716 10.123099 102.477132
33 37 10.415781 12.539247 157.232723 11.505410 9.673541 93.577400
34 38 10.363762 12.420959 154.280225 11.441484 9.711864 94.320302
35 39 10.297077 12.069098 145.663135 11.341369 9.469318 89.667982
36 40 10.023060 11.739436 137.814361 11.042251 9.241414 85.403736
37 41 9.768904 11.382007 129.550093 10.763120 8.971009 80.478994
38 42 10.024158 11.511842 132.522498 11.003327 9.235498 85.294422
39 43 9.955182 11.297122 127.624955 10.913948 9.099118 82.793957
40 44 9.966672 11.244428 126.437172 10.884483 9.151650 83.752690
41 45 9.981406 11.189941 125.214772 10.905680 9.168857 84.067942
42 46 9.521167 10.816564 116.998052 10.433173 8.848354 78.293372
43 47 9.673868 10.627018 112.933508 10.540102 8.731211 76.234038
44 48 9.924199 10.885147 118.486416 10.759781 9.092881 82.680483
45 49 10.437716 11.005951 121.130958 11.227505 9.292490 86.350362
46 50 10.130408 10.400846 108.177595 10.858610 8.712684 75.910857
1 6 83.864585 51.914673 2695.133324 81.645124 nan nan
2 7 79.974779 52.185254 2723.300767 77.153190 nan nan
3 8 76.538398 51.985358 2702.477409 73.345077 nan nan
4 9 73.282799 51.618759 2664.496261 69.903976 nan nan
5 10 69.987561 51.049881 2606.090334 66.599432 nan nan
6 11 66.847403 50.417955 2541.970176 63.524444 nan nan
7 12 63.689726 49.605938 2460.749128 60.533529 13.946587 194.507302
8 13 60.686740 48.747567 2376.325298 57.722639 19.001755 361.066688
9 14 57.796918 47.806338 2285.446000 55.053998 21.850311 477.436106
10 15 55.033072 46.803344 2190.553038 52.525358 23.622166 558.006710
11 16 52.556487 45.901927 2106.986916 50.239445 24.835283 616.791258
12 17 50.227459 44.970584 2022.353381 48.102465 25.626794 656.732594
13 18 48.179756 44.185248 1952.336174 46.196302 26.215558 687.255476
14 19 46.152280 43.264585 1871.824274 44.343949 26.525203 703.586409
15 20 44.165751 42.238545 1784.094669 42.551166 26.612408 708.220236
16 21 42.385010 41.336668 1708.720104 40.922426 26.637153 709.537899
17 22 40.725731 40.477033 1638.390177 39.398683 26.588986 706.974197
18 23 39.155528 39.587000 1567.130542 37.963818 26.448819 699.540024
19 24 37.494743 38.444548 1477.983268 36.488291 26.106814 681.565734
20 25 35.462562 36.588535 1338.720861 34.778807 25.316810 640.940845
21 26 33.109651 34.053095 1159.613301 32.838508 24.061841 578.972179
22 27 31.039675 31.729686 1006.772952 31.088675 22.823002 520.889422
23 28 29.066808 29.539044 872.555112 29.375352 21.562825 464.955421
24 29 27.427861 27.573771 760.312831 27.929381 20.406531 416.426497
25 30 25.998098 25.846023 668.016897 26.621918 19.321999 373.339663
26 31 24.629102 24.187377 585.029220 25.377122 18.291335 334.572936
27 32 23.428745 22.542299 508.155265 24.273225 17.232941 296.974265
28 33 22.215228 21.205873 449.689065 23.126048 16.324577 266.491822
29 34 21.429512 20.077727 403.115128 22.357478 15.515357 240.726305
30 35 20.481147 19.004182 361.158931 21.423655 14.695612 215.961001
31 36 19.864627 18.173422 330.273267 20.801677 14.085443 198.399692
32 37 19.138626 17.376958 301.958663 20.070353 13.483168 181.795827
33 38 18.681324 16.781770 281.627815 19.607809 13.056118 170.462205
34 39 17.940676 16.019754 256.632532 18.849539 12.441794 154.798240
35 40 17.639408 15.514463 240.698570 18.522414 12.088027 146.120389
36 41 17.302466 14.839639 220.214891 18.157303 11.524998 132.825570
37 42 16.978166 14.370677 206.516357 17.799417 11.181233 125.019982
38 43 16.449542 13.766047 189.504052 17.244737 10.675479 113.965858
39 44 16.080140 13.474529 181.562941 16.865799 10.503213 110.317474
40 45 15.810371 12.992478 168.804484 16.573265 10.095216 101.913388
41 46 15.516632 12.770262 163.079592 16.245860 9.995280 99.905617
42 47 15.195891 12.353999 152.621302 15.967928 9.579162 91.760344
43 48 15.313580 12.287298 150.977693 16.058761 9.619383 92.532530
44 49 16.451558 12.288884 151.016676 17.033712 9.852371 97.069206
45 50 16.421253 12.380086 153.266536 16.996855 10.045484 100.911747
1 7 74.829491 50.389058 2539.057174 74.393772 nan nan
2 8 64.990565 48.704358 2372.114520 65.507399 nan nan
3 9 57.354163 46.529068 2164.954123 58.464886 nan nan
4 10 51.327283 44.426915 1973.750746 52.806404 nan nan
5 11 46.596561 42.624073 1816.811609 48.274748 nan nan
6 12 43.056123 41.390860 1713.203300 44.773818 nan nan
7 13 40.169512 40.333235 1626.769853 41.886149 nan nan
8 14 37.989749 39.730220 1578.490409 39.624230 nan nan
9 15 36.253042 39.340559 1547.679560 37.781089 nan nan
10 16 34.664748 38.839776 1508.528163 36.119227 4.701035 22.099729
11 17 33.479155 38.690222 1496.933265 34.808175 11.193101 125.285509
12 18 32.347725 38.388752 1473.696308 33.590638 14.320237 205.069201
13 19 31.033907 37.630735 1416.072212 32.276227 16.024910 256.797753
14 20 29.863579 36.982081 1367.674327 31.086480 17.260012 297.908031
15 21 28.854839 36.463307 1329.572748 30.041079 18.239546 332.681024
16 22 27.255984 34.771962 1209.089308 28.590813 18.138510 329.005555
17 23 25.523407 32.689308 1068.590890 27.035732 17.530530 307.319470
18 24 24.160265 31.224826 974.989769 25.738946 17.157031 294.363728
19 25 22.958637 29.914660 894.886894 24.585359 16.810300 282.586183
20 26 21.860551 28.722023 824.954622 23.501770 16.433633 270.064290
21 27 20.851717 27.525573 757.657150 22.525289 16.038266 257.225970
22 28 19.756758 25.948725 673.336350 21.451398 15.228554 231.908870
23 29 18.813142 25.034036 626.702955 20.509636 14.865940 220.996178
24 30 17.960967 23.455763 550.172826 19.665892 14.004954 196.138729
25 31 16.785777 21.423862 458.981852 18.555831 12.788240 163.539095
26 32 16.224073 19.735565 389.492534 17.979941 11.713539 137.206985
27 33 15.345241 18.281645 334.218527 17.074679 10.673718 113.928261
28 34 15.041274 17.468174 305.137089 16.753679 10.266852 105.408259
29 35 14.428814 16.453373 270.713495 16.083406 9.507473 90.392042
30 36 14.168507 15.851426 251.267703 15.793558 9.205118 84.734204
31 37 13.680726 15.046621 226.400804 15.252810 8.576403 73.554690
32 38 13.687686 14.729431 216.956136 15.224797 8.569839 73.442147
33 39 13.428181 14.163617 200.608041 14.918288 8.182888 66.959659
34 40 13.097230 13.920083 193.768714 14.580504 8.210547 67.413082
35 41 12.765520 13.359501 178.476266 14.191843 7.782634 60.569389
36 42 12.704196 13.054799 170.427778 14.076314 7.699484 59.282048
37 43 12.702780 12.883485 165.984174 14.056143 7.733059 59.800195
38 44 13.123763 13.013477 169.350581 14.421133 8.193178 67.128172
39 45 12.533700 12.671173 160.558636 13.871649 7.933000 62.932491
40 46 11.586199 12.071805 145.728476 12.898193 7.395582 54.694638
41 47 11.960092 11.693661 136.741696 13.166261 7.138715 50.961256
42 48 12.121315 11.776652 138.689539 13.295266 7.462804 55.693445
43 49 12.620566 12.001497 144.035936 13.757192 7.942985 63.091007
44 50 12.013765 11.486194 131.932657 13.088620 7.491917 56.128825
1 8 85.039052 51.869372 2690.431779 83.392066 nan nan
2 9 81.338326 52.053661 2709.583670 79.269265 nan nan
3 10 77.896906 51.793480 2682.564586 75.576032 nan nan
4 11 74.426691 51.319000 2633.639732 72.030014 nan nan
5 12 71.136457 50.783060 2578.919138 68.741556 nan nan
6 13 67.820910 50.065605 2506.564785 65.538679 nan nan
7 14 64.674805 49.301876 2430.675021 62.535025 nan nan
8 15 61.641781 48.445520 2346.968377 59.681295 nan nan
9 16 58.737935 47.522354 2258.374110 56.976199 nan nan
10 17 56.137301 46.693582 2180.290588 54.532497 7.444857 55.425901
11 18 53.693327 45.826043 2100.026187 52.250468 13.043334 170.128559
12 19 51.543934 45.098498 2033.874492 50.214204 16.183866 261.917507
13 20 49.407714 44.223442 1955.712844 48.231408 18.155898 329.636622
14 21 47.312834 43.234416 1869.214766 46.310749 19.437985 377.835280
15 22 45.425258 42.369009 1795.132912 44.557336 20.401140 416.206526
16 23 43.673876 41.543229 1725.839912 42.924627 21.106942 445.503010
17 24 41.985181 40.669373 1653.997933 41.359505 21.570343 465.279713
18 25 40.235821 39.546240 1563.905122 39.784760 21.719804 471.749890
19 26 38.024141 37.634076 1416.323672 37.903077 21.240726 451.168446
20 27 35.533812 35.055572 1228.893111 35.828621 20.201528 408.101730
21 28 33.201886 32.596702 1062.544951 33.823963 19.049496 362.883312
22 29 31.256280 30.433003 926.167646 32.114656 17.988976 323.603261
23 30 29.276710 28.279067 799.705652 30.335429 16.801169 282.279296
24 31 27.708858 26.588546 706.950781 28.898225 15.876865 252.074849
25 32 26.267284 24.772778 613.690530 27.556869 14.798005 218.980953
26 33 24.808448 23.126908 534.853891 26.203562 13.821294 191.028179
27 34 23.838660 21.698262 470.814574 25.248449 12.899481 166.396600
28 35 22.648174 20.437585 417.694883 24.071145 12.008005 144.192178
29 36 21.898206 19.430109 377.529120 23.305248 11.323558 128.222968
30 37 20.984352 18.464638 340.942867 22.376383 10.624887 112.888225
31 38 20.546226 17.779407 316.107328 21.907893 10.233302 104.720473
32 39 19.634056 16.996648 288.886032 20.982414 9.661026 93.335427
33 40 19.276205 16.403655 269.079882 20.577352 9.322512 86.909224
34 41 18.787956 15.609590 243.659295 20.044418 8.646465 74.761355
35 42 18.645490 15.220262 231.656379 19.854979 8.522744 72.637163
36 43 17.968904 14.428599 208.184464 19.119800 7.809303 60.985216
37 44 17.332740 14.019788 196.554442 18.477573 7.585530 57.540265
38 45 17.127148 13.607334 185.159531 18.236766 7.331842 53.755903
39 46 17.131370 13.508724 182.485628 18.208678 7.538718 56.832275
40 47 16.218419 12.847029 165.046158 17.347483 6.751612 45.584261
41 48 15.907477 12.757195 162.746030 17.027196 6.930578 48.032914
42 49 17.395741 12.672985 160.604537 18.294866 7.305833 53.375193
43 50 17.251282 12.569792 157.999683 18.125030 7.433291 55.253813
1 9 77.075676 50.743586 2574.911525 76.881351 nan nan
2 10 68.480962 49.566149 2456.803084 69.156396 nan nan
3 11 61.744776 47.982946 2302.363129 62.952457 nan nan
4 12 56.456063 46.535188 2165.523766 57.970633 nan nan
5 13 52.554347 45.578162 2077.368881 54.160999 nan nan
6 14 49.342630 44.706482 1998.669495 50.989899 nan nan
7 15 46.979986 44.279569 1960.680191 48.549083 nan nan
8 16 45.111033 44.017646 1937.553191 46.567181 nan nan
9 17 43.356809 43.597717 1900.760953 44.742938 nan nan
10 18 42.097331 43.539043 1895.648266 43.336031 nan nan
11 19 40.845849 43.276351 1872.842562 41.992603 nan nan
12 20 39.285174 42.494348 1805.769646 40.461523 nan nan
13 21 37.917252 41.847662 1751.226795 39.087793 7.113275 50.598680
14 22 36.736990 41.319890 1707.333294 37.876949 11.328467 128.334164
15 23 34.681685 39.455386 1556.727477 36.061866 12.513429 156.585909
16 24 32.379477 37.126828 1378.401325 34.042685 12.576684 158.172989
17 25 30.730356 35.605835 1267.775470 32.498381 13.003126 169.081274
18 26 29.123872 34.084463 1161.750594 30.978411 13.127842 172.340243
19 27 27.803360 32.909466 1083.032944 29.703175 13.378658 178.988499
20 28 26.157362 31.192876 972.995533 28.133380 12.891160 166.182011
21 29 24.816717 29.789274 887.400837 26.877661 12.662215 160.331679
22 30 23.680542 28.498570 812.168511 25.717330 12.249830 150.058329
23 31 22.282431 26.809712 718.760653 24.402879 11.535488 133.067489
24 32 20.973111 24.166219 584.006160 23.133958 9.675563 93.616515
25 33 19.534015 22.112533 488.964130 21.738988 8.136826 66.207936
26 34 19.191591 20.723321 429.456026 21.341075 7.233446 52.322740
27 35 18.116363 19.291841 372.175126 20.220690 5.889586 34.687227
28 36 17.623007 18.468343 341.079706 19.707500 5.519595 30.465932
29 37 16.992692 17.467845 305.125620 18.997011 4.550821 20.709976
30 38 16.904705 16.813788 282.703482 18.841845 4.258294 18.133070
31 39 16.374495 16.009712 256.310886 18.247306 3.351708 11.233950
32 40 16.155378 15.818485 250.224452 18.039687 4.189182 17.549244
33 41 15.771126 15.022544 225.676843 17.540902 3.170012 10.048974
34 42 15.265735 14.521770 210.881799 16.981244 2.937291 8.627678
35 43 15.176882 14.292564 204.277375 16.884327 3.352322 11.238062
36 44 15.853492 14.359869 206.205837 17.485377 4.554995 20.747981
37 45 14.998326 13.955768 194.763452 16.688596 4.231783 17.907984
38 46 13.640679 13.464693 181.297957 15.348914 3.862467 14.918652
39 47 14.136591 12.840149 164.869432 15.686522 2.945133 8.673810
40 48 14.067160 12.711811 161.590138 15.561505 3.504693 12.282875
41 49 14.639832 13.052354 170.363944 16.120641 4.906260 24.071392
42 50 14.364076 12.699724 161.282996 15.749833 4.804147 23.079827
1 10 85.393571 51.830280 2686.377906 84.153046 nan nan
2 11 81.767412 51.973106 2701.203722 80.268412 nan nan
3 12 78.169112 51.619374 2664.559742 76.565194 nan nan
4 13 74.781166 51.177619 2619.148645 73.143981 nan nan
5 14 71.356759 50.548595 2555.160500 69.799790 nan nan
6 15 68.114365 49.873937 2487.409635 66.667170 nan nan
7 16 64.976253 49.097386 2410.553359 63.681473 nan nan
8 17 61.970276 48.250050 2328.067335 60.848976 nan nan
9 18 59.286225 47.490907 2255.386288 58.296950 nan nan
10 19 56.753155 46.683555 2179.354297 55.904984 nan nan
11 20 54.530451 46.012390 2117.140027 53.774783 nan nan
12 21 52.306329 45.179331 2041.171989 51.689174 nan nan
13 22 50.119136 44.229617 1956.259054 49.663774 nan nan
14 23 48.158968 43.400512 1883.604430 47.822870 6.148748 37.807106
15 24 46.316149 42.600627 1814.813401 46.088048 10.362114 107.373410
16 25 44.600721 41.767336 1744.510392 44.476682 12.749894 162.559785
17 26 42.744111 40.628156 1650.647041 42.789693 14.093761 198.634094
18 27 40.402511 38.684800 1496.513774 40.783702 14.311550 204.820451
19 28 37.597972 35.979329 1294.512096 38.421098 13.524700 182.917501
20 29 35.219898 33.543375 1125.158035 36.364467 12.669047 160.504750
21 30 32.788049 31.162649 971.110665 34.208361 11.541170 133.198614
22 31 30.943343 29.098680 846.733177 32.535280 10.579298 111.921550
23 32 29.178359 27.202986 740.002467 30.879263 9.502714 90.301575
24 33 27.511499 25.448259 647.613865 29.344925 8.494893 72.163207
25 34 26.289292 23.601197 557.016518 28.147173 7.133696 50.889625
26 35 24.811931 22.107600 488.745986 26.710704 5.909384 34.920817
27 36 23.928924 20.877003 435.849263 25.800433 4.799143 23.031770
28 37 22.705964 19.674861 387.100138 24.555284 3.213366 10.325721
29 38 22.214407 18.850419 355.338291 24.005345 2.584596 6.680137
30 39 21.303760 18.023135 324.833403 23.076826 1.110585 1.233399
31 40 20.898894 17.328703 300.283934 22.601311 nan nan
32 41 20.175403 16.461418 270.978268 21.822373 nan nan
33 42 20.068758 16.087550 258.809263 21.667724 nan nan
34 43 19.273807 15.175918 230.308474 20.800729 nan nan
35 44 18.429070 14.681658 215.551082 19.937337 nan nan
36 45 18.381997 14.271809 203.684532 19.836400 nan nan
37 46 18.587597 14.143002 200.024512 19.987244 nan nan
38 47 17.286416 13.475203 181.581089 18.770734 nan nan
39 48 16.686352 13.371245 178.790193 18.170828 nan nan
40 49 18.307894 13.218972 174.741226 19.534925 nan nan
41 50 18.225907 12.944432 167.558333 19.395828 nan nan
1 11 78.872110 51.011987 2602.222794 78.783039 nan nan
2 12 71.477597 50.270330 2527.106124 72.140443 nan nan
3 13 65.768508 49.242585 2424.832163 66.855900 nan nan
4 14 61.637752 48.578237 2359.845129 62.872462 nan nan
5 15 58.203560 47.900884 2294.494673 59.523234 nan nan
6 16 55.743227 47.638911 2269.465867 56.989379 nan nan
7 17 53.783120 47.478228 2254.182089 54.917800 nan nan
8 18 51.898745 47.131475 2221.375973 52.973252 nan nan
9 19 50.592765 47.139410 2222.123970 51.502760 nan nan
10 20 49.239572 46.904696 2200.050528 50.059309 nan nan
11 21 47.449910 46.114761 2126.571164 48.336471 nan nan
12 22 45.871562 45.475747 2068.043579 46.774386 nan nan
13 23 44.513017 44.958168 2021.236846 45.401312 nan nan
14 24 41.987109 42.980455 1847.319527 43.222041 nan nan
15 25 39.244060 40.563110 1645.365866 40.859092 nan nan
16 26 37.052286 38.879673 1511.628942 38.845664 nan nan
17 27 35.211328 37.405750 1399.190166 37.136081 nan nan
18 28 33.288471 35.950461 1292.435629 35.316883 nan nan
19 29 31.825293 34.577701 1195.617425 33.944247 3.250119 10.563274
20 30 29.742456 32.487145 1055.414617 31.974721 1.916643 3.673520
21 31 28.316269 31.509212 992.830460 30.603709 4.411251 19.459132
22 32 26.570132 29.162267 850.437806 28.920406 nan nan
23 33 24.472961 26.522430 703.439302 27.022089 nan nan
24 34 23.570647 24.085740 580.122869 26.049512 nan nan
25 35 21.897443 22.196336 492.677339 24.389772 nan nan
26 36 21.377999 21.066394 443.792974 23.840738 nan nan
27 37 20.398580 19.806316 392.290142 22.787010 nan nan
28 38 20.108585 18.778472 352.631021 22.384039 nan nan
29 39 19.190123 17.808909 317.157235 21.423239 nan nan
30 40 19.128856 17.461973 304.920500 21.351822 nan nan
31 41 18.521573 16.465000 271.096211 20.607068 nan nan
32 42 17.714658 16.060994 257.955526 19.801855 nan nan
33 43 17.705633 15.660787 245.260246 19.723429 nan nan
34 44 18.324464 15.417767 237.707544 20.221194 nan nan
35 45 17.395842 15.038554 226.158113 19.367449 nan nan
36 46 15.943213 14.808027 219.277675 17.990674 nan nan
37 47 16.248607 13.835266 191.414577 18.077537 nan nan
38 48 15.829743 13.590397 184.698899 17.615163 nan nan
39 49 16.849610 13.901653 193.255959 18.571149 nan nan
40 50 16.418032 13.611191 185.264528 18.073741 nan nan
1 12 85.505967 51.800716 2683.314196 84.560147 nan nan
2 13 81.720466 51.875549 2691.072562 80.688080 nan nan
3 14 78.243411 51.563084 2658.751607 77.171071 nan nan
4 15 74.720560 51.029599 2604.019981 73.717380 nan nan
5 16 71.397769 50.448728 2545.074107 70.488424 nan nan
6 17 68.169822 49.754478 2475.508122 67.399875 nan nan
7 18 65.073659 48.986355 2399.662997 64.464343 nan nan
8 19 62.311445 48.300738 2332.961339 61.820853 nan nan
9 20 59.705333 47.557519 2261.717616 59.343865 nan nan
10 21 57.416296 46.943391 2203.681928 57.135564 nan nan
11 22 55.118199 46.157145 2130.482035 54.967477 nan nan
12 23 52.855490 45.244408 2047.056466 52.858551 nan nan
13 24 50.807203 44.450783 1975.872122 50.924173 nan nan
14 25 48.918925 43.690263 1908.839123 49.132237 nan nan
15 26 47.084228 42.863931 1837.316586 47.402258 nan nan
16 27 45.139952 41.743191 1742.493967 45.630030 nan nan
17 28 42.511873 39.719850 1577.666457 43.374166 nan nan
18 29 39.637524 37.003267 1369.241792 40.947115 nan nan
19 30 36.842140 34.370921 1181.360186 38.503705 nan nan
20 31 34.650403 32.090218 1029.782094 36.538101 nan nan
21 32 32.285865 29.760563 885.691119 34.380217 nan nan
22 33 30.564267 27.999140 783.951839 32.774033 nan nan
23 34 29.009862 25.937448 672.751225 31.248212 nan nan
24 35 27.228974 24.142155 582.843624 29.572877 nan nan
25 36 26.123219 22.543080 508.190453 28.435703 nan nan
26 37 24.541341 21.115687 445.872238 26.843638 nan nan
27 38 23.872476 20.090642 403.633898 26.099148 nan nan
28 39 22.997007 19.095884 364.652795 25.165939 nan nan
29 40 22.594545 18.323002 335.732387 24.675130 nan nan
30 41 21.585837 17.409188 303.079825 23.614655 nan nan
31 42 21.429040 17.041387 290.408867 23.430437 nan nan
32 43 20.453519 15.961136 254.757855 22.352962 nan nan
33 44 19.553347 15.504267 240.382286 21.447736 nan nan
34 45 19.685003 14.923215 222.702331 21.451572 nan nan
35 46 19.998472 14.708169 216.330231 21.683694 nan nan
36 47 18.415004 14.091828 198.579603 20.206370 nan nan
37 48 17.726056 14.079656 198.236718 19.542037 nan nan
38 49 19.352891 13.708647 187.926996 20.870731 nan nan
39 50 19.086918 13.394153 179.403325 20.551461 nan nan
1 13 80.532804 51.242542 2625.798148 80.457341 nan nan
2 14 74.404167 50.897160 2590.520871 74.914281 nan nan
3 15 70.135768 50.512778 2551.540766 70.852726 nan nan
4 16 66.531041 50.002698 2500.269846 67.376244 nan nan
5 17 64.030525 49.875384 2487.553976 64.803650 nan nan
6 18 62.025838 49.783609 2478.407695 62.687678 nan nan
7 19 60.047762 49.492721 2449.529411 60.657187 nan nan
8 20 58.717342 49.543300 2454.538591 59.146400 nan nan
9 21 57.266587 49.321234 2432.584139 57.611289 nan nan
10 22 55.231085 48.534119 2355.560661 55.686796 nan nan
11 23 53.512062 47.945466 2298.767709 53.996816 nan nan
12 24 52.008080 47.443433 2250.879287 52.490502 nan nan
13 25 49.035086 45.413562 2062.391643 49.968736 nan nan
14 26 45.611553 42.902194 1840.598211 47.061476 nan nan
15 27 43.360515 41.353670 1710.126063 45.002126 nan nan
16 28 40.985308 39.728495 1578.353314 42.823687 nan nan
17 29 39.261740 38.546275 1485.815325 41.185429 nan nan
18 30 36.405578 36.489935 1331.515361 38.577324 nan nan
19 31 34.636439 35.022925 1226.605298 36.967319 nan nan
20 32 32.659166 33.388393 1114.784799 35.018068 nan nan
21 33 30.553837 31.455867 989.471542 33.131909 nan nan
22 34 28.141471 27.855898 775.951042 30.842164 nan nan
23 35 25.849145 25.429137 646.641027 28.698551 nan nan
24 36 25.303749 23.642305 558.958569 28.047832 nan nan
25 37 23.857684 22.085312 487.761004 26.578543 nan nan
26 38 23.228527 20.815534 433.286456 25.862270 nan nan
27 39 22.052913 19.620837 384.977243 24.613179 nan nan
28 40 21.986378 18.903211 357.331391 24.473017 nan nan
29 41 21.066998 17.749259 315.036182 23.426043 nan nan
30 42 20.447608 17.502772 306.347031 22.833255 nan nan
31 43 20.169114 16.937579 286.881580 22.482275 nan nan
32 44 20.527521 16.505290 272.424609 22.718707 nan nan
33 45 19.653562 15.976717 255.255486 21.853050 nan nan
34 46 18.365945 16.015387 256.492606 20.699371 nan nan
35 47 18.451875 14.812440 219.408376 20.527455 nan nan
36 48 17.559048 14.588139 212.813813 19.650404 nan nan
37 49 18.668303 14.793206 218.838949 20.677521 nan nan
38 50 18.189942 14.390361 207.082497 20.103358 nan nan
1 14 85.350853 51.766147 2679.733997 84.653695 nan nan
2 15 81.745338 51.878025 2691.329505 81.043356 nan nan
3 16 78.123181 51.472717 2649.440605 77.498157 nan nan
4 17 74.737558 50.993586 2600.345764 74.202280 nan nan
5 18 71.431624 50.386252 2538.774377 71.032573 nan nan
6 19 68.259978 49.703418 2470.429744 68.017209 nan nan
7 20 65.449192 49.096332 2410.449799 65.315233 nan nan
8 21 62.777489 48.418957 2344.395404 62.767736 nan nan
9 22 60.437945 47.869432 2291.482494 60.501516 nan nan
10 23 58.072070 47.129835 2221.221320 58.262676 nan nan
11 24 55.728140 46.258960 2139.891423 56.072768 nan nan
12 25 53.613707 45.510497 2071.205299 54.068793 nan nan
13 26 51.606471 44.781552 2005.387385 52.164549 nan nan
14 27 49.770641 44.006976 1936.613944 50.421401 nan nan
15 28 47.683279 42.871224 1837.941812 48.518432 nan nan
16 29 44.985858 40.830129 1667.099394 46.201547 nan nan
17 30 41.654115 37.925881 1438.372444 43.370274 nan nan
18 31 38.973607 35.388818 1252.368408 41.020307 nan nan
19 32 36.185330 32.834461 1078.101805 38.517239 nan nan
20 33 34.219803 30.642631 938.970841 36.693102 nan nan
21 34 32.094486 28.502206 812.375740 34.646538 nan nan
22 35 30.108924 26.661302 710.825012 32.819323 nan nan
23 36 28.641294 24.552115 602.806371 31.341172 nan nan
24 37 26.585078 22.826224 521.036498 29.329200 nan nan
25 38 25.712688 21.538899 463.924176 28.369652 nan nan
26 39 24.652939 20.273658 411.021222 27.218563 nan nan
27 40 24.257182 19.414574 376.925665 26.719288 nan nan
28 41 23.092441 18.534440 343.525468 25.528131 nan nan
29 42 22.859395 18.021255 324.765644 25.239365 nan nan
30 43 21.711071 16.806379 282.454392 23.965736 nan nan
31 44 20.918450 16.330507 266.685469 23.131961 nan nan
32 45 20.880522 15.681399 245.906273 22.991088 nan nan
33 46 21.154804 15.311463 234.440909 23.149212 nan nan
34 47 19.581888 14.789425 218.727082 21.677940 nan nan
35 48 18.889207 14.865143 220.972470 21.028539 nan nan
36 49 20.264822 14.238413 202.732404 22.084690 nan nan
37 50 19.924796 13.890174 192.936921 21.690362 nan nan
1 15 82.199168 51.446792 2646.772391 82.068287 nan nan
2 16 77.732223 51.551366 2657.543386 77.913448 nan nan
3 17 73.954757 51.191172 2620.536088 74.312939 nan nan
4 18 71.438480 51.157988 2617.139782 71.727214 nan nan
5 19 69.357887 51.092412 2610.434530 69.545399 nan nan
6 20 67.269484 50.842107 2584.919813 67.417537 nan nan
7 21 65.910000 50.917026 2592.543570 65.869118 nan nan
8 22 64.349681 50.695067 2569.989805 64.236494 nan nan
9 23 62.108583 49.927847 2492.789943 62.142611 nan nan
10 24 60.211996 49.391365 2439.506892 60.292457 nan nan
11 25 58.533118 48.920585 2393.223615 58.634277 nan nan
12 26 55.056032 46.866812 2196.498054 55.720261 nan nan
13 27 51.511436 44.448632 1975.680884 52.722806 nan nan
14 28 48.646174 42.827067 1834.157697 50.132351 nan nan
15 29 46.252330 41.380192 1712.320278 47.947071 nan nan
16 30 43.220045 39.903554 1592.293644 45.192230 nan nan
17 31 41.539335 38.491967 1481.631488 43.632646 nan nan
18 32 38.411753 36.166908 1308.045214 40.756272 nan nan
19 33 36.706567 35.344450 1249.230129 39.154118 nan nan
20 34 33.493952 32.298551 1043.196426 36.191822 nan nan
21 35 30.583317 29.323181 859.848935 33.639125 nan nan
22 36 29.312167 26.372051 695.485098 32.253227 nan nan
23 37 27.313124 24.454109 598.003423 30.314095 nan nan
24 38 26.623327 22.837292 521.541896 29.517107 nan nan
25 39 24.974057 21.498766 462.196937 27.852492 nan nan
26 40 24.498838 20.337542 413.615596 27.272962 nan nan
27 41 23.342575 19.021252 361.808010 25.984152 nan nan
28 42 23.185120 18.742234 351.271345 25.811058 nan nan
29 43 22.578514 18.038422 325.384657 25.137821 nan nan
30 44 22.520221 17.517636 306.867564 24.981080 nan nan
31 45 21.610613 16.858675 284.214914 24.039640 nan nan
32 46 20.724428 17.028039 289.954104 23.294307 nan nan
33 47 20.293294 15.672672 245.632639 22.626988 nan nan
34 48 19.167932 15.549013 241.771799 21.551647 nan nan
35 49 20.490071 15.402941 237.250601 22.677032 nan nan
36 50 19.890543 15.114625 228.451877 22.047745 nan nan
1 16 85.530874 51.759694 2679.065886 84.976785 nan nan
2 17 81.708889 51.790128 2682.217393 81.276138 nan nan
3 18 78.237974 51.453173 2647.429014 77.909311 nan nan
4 19 74.842063 50.944972 2595.390159 74.660332 nan nan
5 20 71.590961 50.356761 2535.803346 71.570255 nan nan
6 21 68.715143 49.835978 2483.624695 68.805884 nan nan
7 22 65.974812 49.235721 2424.156173 66.193599 nan nan
8 23 63.582960 48.754903 2377.040608 63.875103 nan nan
9 24 61.145578 48.065543 2310.296388 61.569568 nan nan
10 25 58.715553 47.245648 2232.151237 59.299655 nan nan
11 26 56.504104 46.553910 2167.266496 57.207322 nan nan
12 27 54.501463 45.873965 2104.420671 55.295644 nan nan
13 28 52.543583 45.112789 2035.163745 53.439905 nan nan
14 29 50.395906 44.013502 1937.188344 51.485871 nan nan
15 30 47.254418 41.845935 1751.082302 48.799038 nan nan
16 31 44.009064 38.980269 1519.461382 46.040972 nan nan
17 32 40.765486 36.197714 1310.274515 43.180536 nan nan
18 33 38.324474 33.752221 1139.212446 40.960310 nan nan
19 34 35.318022 31.166882 971.374553 38.202365 nan nan
20 35 33.434301 29.403275 864.552573 36.436710 nan nan
21 36 31.534234 27.058880 732.183007 34.555283 nan nan
22 37 29.029816 25.022675 626.134268 32.216175 nan nan
23 38 27.857550 23.282823 542.089862 30.942775 nan nan
24 39 26.509898 21.679048 469.981117 29.466686 nan nan
25 40 26.025410 20.621421 425.242997 28.848276 nan nan
26 41 24.871618 19.697509 387.991856 27.654539 nan nan
27 42 24.529096 19.020114 361.764733 27.226928 nan nan
28 43 23.039892 17.687145 312.835091 25.621459 nan nan
29 44 22.317976 17.293803 299.075633 24.887966 nan nan
30 45 22.194438 16.340751 267.020147 24.575589 nan nan
31 46 22.216087 15.885970 252.364048 24.495828 nan nan
32 47 20.798112 15.487207 239.853592 23.166280 nan nan
33 48 20.300596 15.666023 245.424267 22.722662 nan nan
34 49 21.242410 14.691908 215.852169 23.309250 nan nan
35 50 20.778872 14.333523 205.449878 22.802714 nan nan
1 17 84.297465 51.655133 2668.252769 83.999802 nan nan
2 18 80.199873 51.702203 2673.117768 80.155838 nan nan
3 19 77.641965 51.762646 2679.371569 77.545121 nan nan
4 20 75.473583 51.705443 2673.452837 75.295624 nan nan
5 21 73.300631 51.487837 2650.997358 73.090789 nan nan
6 22 71.907497 51.574437 2659.922516 71.504628 nan nan
7 23 70.213509 51.354239 2637.257872 69.758559 nan nan
8 24 67.730951 50.624326 2562.822390 67.464353 nan nan
9 25 65.772212 50.164237 2516.450672 65.548485 nan nan
10 26 63.935542 49.711592 2471.242412 63.752271 nan nan
11 27 60.178972 47.678284 2273.218762 60.619273 nan nan
12 28 55.889076 45.270031 2049.375681 57.008601 nan nan
13 29 53.132060 43.834263 1921.442646 54.503033 nan nan
14 30 49.939860 42.323755 1791.300256 51.643508 nan nan
15 31 48.149840 41.264693 1702.774858 49.912716 nan nan
16 32 44.138906 39.080773 1527.306848 46.346533 nan nan
17 33 42.114551 37.713457 1422.304837 44.523188 nan nan
18 34 39.027218 35.939675 1291.660261 41.616698 nan nan
19 35 36.530901 33.829141 1144.410805 39.432497 nan nan
20 36 33.335389 29.607196 876.586049 36.403271 nan nan
21 37 30.608124 27.187067 739.136637 33.918327 nan nan
22 38 30.062459 24.980273 624.014063 33.164748 nan nan
23 39 27.933311 23.440345 549.449769 31.107850 nan nan
24 40 26.937293 21.841697 477.059731 29.985292 nan nan
25 41 25.439308 20.333456 413.449436 28.368610 nan nan
26 42 25.640768 19.815286 392.645540 28.492735 nan nan
27 43 24.728958 19.000126 361.004777 27.515593 nan nan
28 44 24.434668 18.540573 343.752854 27.155357 nan nan
29 45 23.366225 17.733106 314.463058 26.030096 nan nan
30 46 22.846473 17.856793 318.865053 25.623921 nan nan
31 47 22.011417 16.401182 268.998784 24.558500 nan nan
32 48 20.978951 16.497615 272.171307 23.601946 nan nan
33 49 21.996550 15.981388 255.404747 24.392463 nan nan
34 50 21.542222 15.618774 243.946099 23.859376 nan nan
1 18 85.295980 51.729606 2675.952131 84.910692 nan nan
2 19 81.710435 51.829528 2686.300006 81.480942 nan nan
3 20 78.224113 51.447191 2646.813419 78.165287 nan nan
4 21 74.908952 50.960372 2596.959468 75.021860 nan nan
5 22 72.009270 50.527022 2552.979923 72.235245 nan nan
6 23 69.224769 50.000218 2500.021818 69.582454 nan nan
7 24 66.795876 49.585450 2458.716812 67.228176 nan nan
8 25 64.302536 48.950020 2396.104429 64.871909 nan nan
9 26 61.820757 48.190070 2322.282826 62.553790 nan nan
10 27 59.569967 47.545572 2260.581455 60.419848 nan nan
11 28 57.417718 46.895257 2199.165174 58.378167 nan nan
12 29 55.520571 46.215683 2135.889379 56.567843 nan nan
13 30 53.155940 45.082000 2032.386758 54.431848 nan nan
14 31 50.049007 42.894981 1839.979372 51.770617 nan nan
15 32 46.044338 39.797735 1583.859683 48.363105 nan nan
16 33 42.963168 37.168036 1381.462902 45.649201 nan nan
17 34 39.490576 34.379901 1181.977584 42.536526 nan nan
18 35 37.425389 32.142072 1033.112788 40.592144 nan nan
19 36 34.952231 29.796786 887.848476 38.195093 nan nan
20 37 32.381600 27.755464 770.365760 35.850794 nan nan
21 38 30.670307 25.375173 643.899419 34.074003 nan nan
22 39 28.461765 23.378589 546.558435 31.836770 nan nan
23 40 27.869039 22.049899 486.198042 31.082367 nan nan
24 41 26.618263 20.975427 439.968537 29.775836 nan nan
25 42 26.154224 20.122622 404.919934 29.192592 nan nan
26 43 24.412396 18.752772 351.666447 27.363480 nan nan
27 44 23.798195 18.347926 336.646399 26.741548 nan nan
28 45 23.396191 17.078513 291.675618 26.082117 nan nan
29 46 23.100026 16.564570 274.384972 25.703963 nan nan
30 47 22.006218 16.277482 264.956419 24.675243 nan nan
31 48 21.664310 16.480302 271.600351 24.380383 nan nan
32 49 22.236741 15.197301 230.957969 24.555300 nan nan
33 50 21.544569 14.850726 220.544075 23.853996 nan nan
1 19 84.864556 51.689816 2671.837035 84.600775 nan nan
2 20 82.332967 52.091621 2713.536979 82.065304 nan nan
3 21 80.100567 52.032766 2707.408697 79.774629 nan nan
4 22 77.868159 51.833804 2686.743249 77.514962 nan nan
5 23 76.474498 51.920520 2695.740402 75.920809 nan nan
6 24 74.702182 51.692826 2672.148257 74.105081 nan nan
7 25 72.113374 50.977213 2598.676207 71.712939 nan nan
8 26 70.048784 50.571486 2557.475220 69.691358 nan nan
9 27 68.089696 50.154561 2515.480001 67.788424 nan nan
10 28 63.796415 48.129773 2316.475022 64.223953 nan nan
11 29 59.726059 45.825387 2099.966132 60.771781 nan nan
12 30 56.448033 44.391602 1970.614347 57.810618 nan nan
13 31 53.799595 43.099917 1857.602852 55.379128 nan nan
14 32 49.760599 41.737241 1741.997321 51.785047 nan nan
15 33 47.913860 40.311307 1625.001470 50.080294 nan nan
16 34 44.011396 38.061980 1448.714339 46.562826 nan nan
17 35 42.430012 37.303398 1391.543504 45.034955 nan nan
18 36 37.928265 33.648637 1132.230770 40.945528 nan nan
19 37 34.736160 30.695212 942.196016 38.204297 nan nan
20 38 33.469675 27.470288 754.616717 36.769767 nan nan
21 39 30.958688 25.611023 655.924509 34.399285 nan nan
22 40 29.440673 23.555378 554.855845 32.767853 nan nan
23 41 27.389240 21.822730 476.231554 30.657256 nan nan
24 42 27.771651 20.837452 434.199423 30.858477 nan nan
25 43 26.509287 19.930974 397.243731 29.545762 nan nan
26 44 26.281421 19.682497 387.400692 29.297438 nan nan
27 45 24.950421 18.627166 346.971300 27.864073 nan nan
28 46 24.735461 18.615755 346.546353 27.721145 nan nan
29 47 23.565000 17.106213 292.622532 26.325625 nan nan
30 48 22.519145 17.456106 304.715620 25.429823 nan nan
31 49 23.046558 16.490898 271.949717 25.680369 nan nan
32 50 22.279501 16.127568 260.098460 24.887449 nan nan
1 20 85.569915 51.737825 2676.802556 85.250796 nan nan
2 21 81.894438 51.778453 2681.008217 81.799583 nan nan
3 22 78.499877 51.430169 2645.062289 78.597078 nan nan
4 23 75.550940 51.090807 2610.270608 75.773080 nan nan
5 24 72.695419 50.645337 2564.950118 73.063622 nan nan
6 25 70.231680 50.301291 2530.219844 70.680175 nan nan
7 26 67.698615 49.723239 2472.400471 68.289648 nan nan
8 27 65.109166 49.019234 2402.885298 65.880519 nan nan
9 28 62.707220 48.435441 2345.991968 63.622052 nan nan
10 29 60.668315 47.864921 2291.050680 61.665351 nan nan
11 30 58.631046 47.201816 2228.011405 59.733055 nan nan
12 31 56.119086 46.079681 2123.336995 57.480014 nan nan
13 32 52.205464 43.758132 1914.774096 54.170001 nan nan
14 33 48.493040 40.794906 1664.224396 51.021004 nan nan
15 34 44.673800 37.880854 1434.959136 47.651440 nan nan
16 35 41.955851 35.315088 1247.155463 45.164796 nan nan
17 36 38.523128 32.538647 1058.763543 41.994846 nan nan
18 37 36.404585 30.671877 940.764023 40.008061 nan nan
19 38 33.963763 27.968389 782.230767 37.591510 nan nan
20 39 30.705841 25.585956 654.641154 34.532179 nan nan
21 40 29.945828 23.760355 564.554473 33.560669 nan nan
22 41 28.543619 22.345497 499.321230 32.039954 nan nan
23 42 27.852936 21.343629 455.550516 31.238644 nan nan
24 43 26.006032 19.873222 394.944952 29.285823 nan nan
25 44 25.561168 19.300978 372.527763 28.773058 nan nan
26 45 24.461500 17.882202 319.773158 27.480762 nan nan
27 46 24.110151 17.211785 296.245529 26.983304 nan nan
28 47 23.315408 17.037250 290.267903 26.246192 nan nan
29 48 23.233165 17.210832 296.212737 26.175618 nan nan
30 49 22.993457 15.871356 251.899957 25.650372 nan nan
31 50 22.476402 15.313005 234.488109 25.010537 nan nan
1 21 86.764232 51.801812 2683.427738 86.310709 nan nan
2 22 84.267592 52.018529 2705.927362 83.794775 nan nan
3 23 81.914253 51.881223 2691.661307 81.421693 nan nan
4 24 80.494352 51.978012 2701.713722 79.803675 nan nan
5 25 78.570044 51.743149 2677.353460 77.861584 nan nan
6 26 75.716719 51.064404 2607.573357 75.244671 nan nan
7 27 73.650399 50.760969 2576.675961 73.205232 nan nan
8 28 71.492227 50.382672 2538.413672 71.137934 nan nan
9 29 67.102047 48.347348 2337.466065 67.485015 nan nan
10 30 62.330547 46.092824 2124.548441 63.441576 nan nan
11 31 59.224709 44.887289 2014.868753 60.612344 nan nan
12 32 55.221921 43.580938 1899.298125 57.078113 nan nan
13 33 53.552921 42.645864 1818.669737 55.414832 nan nan
14 34 48.981327 40.474528 1638.187412 51.402200 nan nan
15 35 46.888692 39.126940 1530.917401 49.470865 nan nan
16 36 42.434745 37.096410 1376.143608 45.398243 nan nan
17 37 40.156285 35.077994 1230.465684 43.438262 nan nan
18 38 36.998403 30.558550 933.824978 40.413316 nan nan
19 39 33.902814 28.227998 796.819894 37.635755 nan nan
20 40 31.915445 25.628619 656.826116 35.565464 nan nan
21 41 29.403638 23.615914 557.711378 33.069848 nan nan
22 42 29.682560 21.894493 479.368842 33.002779 nan nan
23 43 28.197590 20.932420 438.166212 31.481146 nan nan
24 44 28.191748 20.817879 433.384075 31.467732 nan nan
25 45 26.421173 19.608117 384.478252 29.622937 nan nan
26 46 26.446545 19.329775 373.640220 29.628802 nan nan
27 47 24.734830 17.817292 317.455883 27.755712 nan nan
28 48 24.050040 18.451472 340.456830 27.265145 nan nan
29 49 23.816392 16.982795 288.415318 26.709800 nan nan
30 50 23.120666 16.532011 273.307385 25.946733 nan nan
1 22 85.438920 51.719784 2674.936034 85.227591 nan nan
2 23 81.901904 51.811312 2684.412099 81.942587 nan nan
3 24 78.918651 51.592105 2661.745297 79.109321 nan nan
4 25 76.017847 51.219461 2623.433231 76.370157 nan nan
5 26 73.536446 50.937636 2594.642784 73.974838 nan nan
6 27 70.927138 50.415694 2541.742155 71.523998 nan nan
7 28 68.252749 49.777696 2477.819068 69.046449 nan nan
8 29 65.901143 49.258773 2426.426711 66.821019 nan nan
9 30 63.693716 48.730532 2374.664753 64.722325 nan nan
10 31 61.566164 48.123670 2315.887574 62.722859 nan nan
11 32 58.689238 46.990116 2208.070961 60.181787 nan nan
12 33 55.266868 44.708072 1998.811676 57.268792 nan nan
13 34 50.613573 41.444166 1717.618907 53.310991 nan nan
14 35 47.059448 38.781943 1504.039073 50.179847 nan nan
15 36 42.947136 35.802369 1281.809650 46.500048 nan nan
16 37 40.846311 33.409477 1116.193174 44.476149 nan nan
17 38 37.702382 30.761738 946.284529 41.448744 nan nan
18 39 34.276991 28.469472 810.510840 38.348285 nan nan
19 40 32.846292 25.848936 668.167476 36.730881 nan nan
20 41 30.623742 23.969172 574.521203 34.465814 nan nan
21 42 29.764610 22.696242 515.119415 33.467122 nan nan
22 43 27.684503 21.115910 445.881644 31.307351 nan nan
23 44 27.285653 20.324779 413.096653 30.790522 nan nan
24 45 25.655533 18.604780 346.137841 28.923463 nan nan
25 46 25.046366 17.996412 323.870853 28.233843 nan nan
26 47 24.614675 17.834300 318.062246 27.818314 nan nan
27 48 24.624285 17.968518 322.867643 27.829171 nan nan
28 49 24.144037 16.284959 265.199890 26.970396 nan nan
29 50 23.376742 15.806231 249.836931 26.148466 nan nan
1 23 86.825642 51.798670 2683.102217 86.443169 nan nan
2 24 84.416876 52.045675 2708.752296 84.042417 nan nan
3 25 83.026096 52.173618 2722.086417 82.466631 nan nan
4 26 80.971925 51.923436 2696.043203 80.421191 nan nan
5 27 78.092940 51.277063 2629.337143 77.767834 nan nan
6 28 76.025758 51.054963 2606.609246 75.714157 nan nan
7 29 73.751214 50.666809 2567.125583 73.549075 nan nan
8 30 68.734427 48.607223 2362.662115 69.382233 nan nan
9 31 64.323604 46.520370 2164.144871 65.608573 nan nan
10 32 60.704315 45.370031 2058.439670 62.344027 nan nan
11 33 58.072122 44.178673 1951.755115 59.881251 nan nan
12 34 53.749779 42.925249 1842.576999 56.033420 nan nan
13 35 51.434427 41.374889 1711.881403 53.924775 nan nan
14 36 46.351805 39.111181 1529.684454 49.425663 nan nan
15 37 45.602913 38.681130 1496.229814 48.590657 nan nan
16 38 41.173104 34.631890 1199.367771 44.523415 nan nan
17 39 37.740244 31.650108 1001.729331 41.600467 nan nan
18 40 34.888040 28.195720 794.998630 38.800573 nan nan
19 41 31.878957 25.789047 665.074949 35.896174 nan nan
20 42 31.395963 23.174646 537.064207 34.993795 nan nan
21 43 29.715223 22.091354 488.027942 33.277915 nan nan
22 44 30.136524 22.014506 484.638464 33.667299 nan nan
23 45 27.876403 20.684508 427.848858 31.391046 nan nan
24 46 27.988196 20.116441 404.671206 31.407168 nan nan
25 47 25.882489 18.571980 344.918424 29.164910 nan nan
26 48 25.587314 19.370637 375.221588 29.064689 nan nan
27 49 24.725847 17.580722 309.081785 27.888091 nan nan
28 50 23.796349 17.083454 291.844408 26.911937 nan nan
1 24 85.666862 51.728771 2675.865707 85.494607 nan nan
2 25 82.591384 51.894087 2692.996276 82.618586 nan nan
3 26 79.596490 51.615730 2664.183564 79.810496 nan nan
4 27 77.106139 51.402613 2642.228639 77.411916 nan nan
5 28 74.472892 50.930439 2593.909594 74.941997 nan nan
6 29 71.715563 50.354549 2535.580623 72.392515 nan nan
7 30 69.188612 49.913138 2491.321354 70.020484 nan nan
8 31 67.073336 49.439812 2444.295037 67.996957 nan nan
9 32 64.870477 48.858531 2387.156070 65.933538 nan nan
10 33 62.222154 47.782054 2283.124647 63.565033 nan nan
11 34 57.486545 45.293938 2051.540812 59.593585 nan nan
12 35 53.133542 42.280550 1787.644931 55.921059 nan nan
13 36 48.650221 39.362521 1549.408027 51.988392 nan nan
14 37 45.687614 36.509097 1332.914151 49.235794 nan nan
15 38 41.519787 33.415367 1116.586755 45.375497 nan nan
16 39 39.007616 31.544099 995.030192 43.045371 nan nan
17 40 36.342642 28.469511 810.513037 40.365760 nan nan
18 41 32.662758 26.072743 679.787945 36.931751 nan nan
19 42 31.618500 24.363469 593.578634 35.720460 nan nan
20 43 29.438715 22.506616 506.547767 33.424287 nan nan
21 44 28.950161 21.371751 456.751725 32.749098 nan nan
22 45 26.797100 19.500904 380.285254 30.367555 nan nan
23 46 26.119716 18.842935 355.056216 29.600372 nan nan
24 47 25.980639 18.574142 344.998748 29.411060 nan nan
25 48 26.059769 18.631856 347.146060 29.477011 nan nan
26 49 24.933575 16.852588 284.009723 28.042380 nan nan
27 50 24.228347 16.261081 264.422763 27.220284 nan nan
1 25 87.138608 51.807614 2684.028831 86.777174 nan nan
2 26 85.742473 52.197755 2724.605582 85.221786 nan nan
3 27 83.591635 51.952163 2699.027225 83.087524 nan nan
4 28 80.571894 51.352080 2637.036090 80.299354 nan nan
5 29 78.444754 51.205432 2621.996313 78.183387 nan nan
6 30 75.859047 50.845910 2585.306572 75.767133 nan nan
7 31 71.066311 48.810374 2382.452566 71.769476 nan nan
8 32 66.251316 46.816934 2191.825281 67.638804 nan nan
9 33 62.833439 45.729757 2091.210695 64.505314 nan nan
10 34 58.306812 44.551190 1984.808526 60.505000 nan nan
11 35 56.418474 43.783992 1917.037973 58.655675 nan nan
12 36 51.048021 41.512940 1723.324183 54.029535 nan nan
13 37 49.837132 40.484564 1638.999926 52.772160 nan nan
14 38 45.308987 38.270609 1464.639544 48.574779 nan nan
15 39 42.884968 36.144296 1306.410127 46.539799 nan nan
16 40 38.574951 31.485721 991.350647 42.611299 nan nan
17 41 34.890469 28.535763 814.289767 39.211405 nan nan
18 42 32.953011 24.902257 620.122412 36.903729 nan nan
19 43 30.878306 23.596225 556.781841 34.849539 nan nan
20 44 31.948037 23.318718 543.762592 35.768509 nan nan
21 45 29.356033 21.879330 478.705091 33.209430 nan nan
22 46 29.445122 20.987839 440.489373 33.122101 nan nan
23 47 27.139041 19.370974 375.234652 30.658271 nan nan
24 48 27.215328 20.340210 413.724148 30.956439 nan nan
25 49 25.877604 18.190310 330.887372 29.260964 nan nan
26 50 24.775729 17.617405 310.372974 28.107507 nan nan
1 26 86.118476 51.752776 2678.349773 85.940525 nan nan
2 27 82.956454 51.874060 2690.918140 83.016209 nan nan
3 28 80.442363 51.748339 2677.890591 80.610630 nan nan
4 29 77.659130 51.336129 2635.398168 78.024394 nan nan
5 30 74.734318 50.850909 2585.814980 75.339910 nan nan
6 31 72.306086 50.461594 2546.372458 73.045320 nan nan
7 32 70.065189 50.015701 2501.570358 70.921260 nan nan
8 33 67.805789 49.579392 2458.116155 68.813100 nan nan
9 34 64.246657 48.491232 2351.399565 65.731700 nan nan
10 35 60.260635 46.046209 2120.253378 62.386133 nan nan
11 36 55.028568 42.803813 1832.166439 57.952798 nan nan
12 37 50.840178 39.970212 1597.617812 54.236456 nan nan
13 38 45.698981 36.574489 1337.693253 49.627384 nan nan
14 39 43.638616 34.295834 1176.204202 47.626159 nan nan
15 40 40.021504 31.409516 986.557701 44.153232 nan nan
16 41 35.895291 28.985312 840.148283 40.448396 nan nan
17 42 34.369596 26.471788 700.755556 38.754483 nan nan
18 43 31.588968 24.090475 580.350995 35.887007 nan nan
19 44 30.751685 22.496374 506.086828 34.817572 nan nan
20 45 28.081237 20.519473 421.048760 31.946093 nan nan
21 46 27.367403 19.809466 392.414936 31.133637 nan nan
22 47 27.288327 19.361814 374.879852 30.968255 nan nan
23 48 27.423828 19.271654 371.396647 31.044453 nan nan
24 49 25.830887 17.234162 297.016352 29.115673 nan nan
25 50 24.912208 16.746205 280.435385 28.154446 nan nan
1 27 88.096186 51.835627 2686.932239 87.647158 nan nan
2 28 85.654532 51.942721 2698.046293 85.251776 nan nan
3 29 82.345367 51.461996 2648.337069 82.210612 nan nan
4 30 80.142091 51.478570 2650.043155 80.035397 nan nan
5 31 77.801363 51.142880 2615.594127 77.827055 nan nan
6 32 72.439500 49.070014 2407.866306 73.359860 nan nan
7 33 67.318124 47.186531 2226.568747 68.956789 nan nan
8 34 62.906415 46.247308 2138.813457 65.026603 nan nan
9 35 60.464435 45.408944 2061.972167 62.704459 nan nan
10 36 56.207298 44.196640 1953.342970 58.931007 nan nan
11 37 54.005260 42.625321 1816.917955 56.883392 nan nan
12 38 48.301263 40.407502 1632.766257 51.817388 nan nan
13 39 47.797867 40.164237 1613.165914 51.248050 nan nan
14 40 43.116062 35.868582 1286.555210 47.068348 nan nan
15 41 38.974770 32.086368 1029.535041 43.400728 nan nan
16 42 34.827234 27.307200 745.683154 39.158203 nan nan
17 43 32.135750 25.744124 662.759917 36.651112 nan nan
18 44 33.636961 24.874977 618.764501 37.822055 nan nan
19 45 31.102048 23.221779 539.251023 35.271376 nan nan
20 46 31.008949 21.948749 481.747593 34.932414 nan nan
21 47 28.240599 20.308422 412.431991 32.058633 nan nan
22 48 28.947195 21.331904 455.050118 32.930113 nan nan
23 49 26.837172 18.798048 353.366617 30.457726 nan nan
24 50 25.653818 18.250241 333.071305 29.247700 nan nan
1 28 86.117462 51.748203 2677.876526 85.993408 nan nan
2 29 83.536720 51.991340 2703.099412 83.571359 nan nan
3 30 80.669652 51.668607 2669.644945 80.923110 nan nan
4 31 77.723740 51.243328 2625.878630 78.218676 nan nan
5 32 75.170579 50.906154 2591.436480 75.825743 nan nan
6 33 72.994774 50.599775 2560.337245 73.756411 nan nan
7 34 70.525700 50.241960 2524.254576 71.483746 nan nan
8 35 67.687637 49.044386 2405.351790 68.977312 nan nan
9 36 62.419919 46.404503 2153.377854 64.585822 nan nan
10 37 57.011878 43.343093 1878.623683 60.009198 nan nan
11 38 51.209161 40.190834 1615.303124 54.929402 nan nan
12 39 48.517276 37.379117 1397.198371 52.387403 nan nan
13 40 44.053648 34.130225 1164.872258 48.222663 nan nan
14 41 41.019540 32.240438 1039.445861 45.441015 nan nan
15 42 38.333931 29.192673 852.212177 42.746759 nan nan
16 43 33.971082 26.105594 681.502057 38.589338 nan nan
17 44 32.532801 23.846078 568.635431 36.904849 nan nan
18 45 29.289628 21.813777 475.840877 33.539447 nan nan
19 46 28.592076 20.971342 439.797177 32.703557 nan nan
20 47 28.554920 20.159202 406.393409 32.479413 nan nan
21 48 28.653730 19.905220 396.217783 32.485862 nan nan
22 49 26.548711 17.667708 312.147900 30.049044 nan nan
23 50 25.680627 17.083522 291.846710 29.087120 nan nan
1 29 87.040293 51.796226 2682.849004 86.799427 nan nan
2 30 83.602274 51.790998 2682.307485 83.668468 nan nan
3 31 81.853778 51.957315 2699.562590 81.889280 nan nan
4 32 79.204984 51.546179 2657.008565 79.454349 nan nan
5 33 73.418118 49.471167 2447.396388 74.636430 nan nan
6 34 67.999210 47.781333 2283.055782 69.976983 nan nan
7 35 64.990088 47.042985 2213.042427 67.138203 nan nan
8 36 60.912516 45.974828 2113.684775 63.474248 nan nan
9 37 58.705465 45.315232 2053.470271 61.383636 nan nan
10 38 52.296302 43.074210 1855.387594 55.923698 nan nan
11 39 51.862234 42.319520 1790.941807 55.336210 nan nan
12 40 48.067171 39.860866 1588.888646 51.767362 nan nan
13 41 44.529289 36.859827 1358.646830 48.683056 nan nan
14 42 37.725251 30.752945 945.743613 42.353650 nan nan
15 43 34.746098 28.802285 829.571610 39.727817 nan nan
16 44 35.844687 26.828072 719.745425 40.350794 nan nan
17 45 33.142283 24.728501 611.498754 37.581651 nan nan
18 46 32.723970 23.006846 529.314948 36.857212 nan nan
19 47 29.381896 21.370560 456.700844 33.506910 nan nan
20 48 30.682106 22.394208 501.500531 34.925497 nan nan
21 49 27.674449 19.508999 380.601044 31.585148 nan nan
22 50 26.440723 18.950883 359.135984 30.333632 nan nan
1 30 86.786647 51.782544 2681.431868 86.608377 nan nan
2 31 83.657539 51.843213 2687.718687 83.748857 nan nan
3 32 80.532570 51.537230 2656.086105 80.902659 nan nan
4 33 78.140588 51.305176 2632.221058 78.644895 nan nan
5 34 75.935252 51.083821 2609.556748 76.555579 nan nan
6 35 73.631583 50.678124 2568.272247 74.416370 nan nan
7 36 69.605385 49.439529 2444.267004 70.972820 nan nan
8 37 64.405347 46.949368 2204.243186 66.643984 nan nan
9 38 57.711890 43.688307 1908.668153 60.988656 nan nan
10 39 53.891886 40.924903 1674.847695 57.534788 nan nan
11 40 48.442183 37.275784 1389.484099 52.602353 nan nan
12 41 45.976780 35.060586 1229.244675 50.242193 nan nan
13 42 42.251510 32.353636 1046.757783 46.703988 nan nan
14 43 37.047193 28.958773 838.610538 41.931233 nan nan
15 44 34.648629 25.630686 656.932082 39.315557 nan nan
16 45 30.738583 23.463605 550.540770 35.419072 nan nan
17 46 29.963293 22.392572 501.427280 34.475163 nan nan
18 47 29.886352 21.020862 441.876651 34.050965 nan nan
19 48 29.850810 20.568722 423.072307 33.894323 nan nan
20 49 27.246089 18.072257 326.606479 30.938523 nan nan
21 50 26.284832 17.493494 306.022321 29.902112 nan nan
1 31 86.035306 51.737150 2676.732708 85.991201 nan nan
2 32 84.356757 52.221908 2727.127703 84.341920 nan nan
3 33 81.663940 51.771253 2680.262682 81.884104 nan nan
4 34 75.636466 49.746346 2474.698960 76.839790 nan nan
5 35 70.456007 48.262957 2329.313024 72.307424 nan nan
6 36 65.984585 47.569211 2262.829802 68.279059 nan nan
7 37 63.365280 47.094419 2217.884331 65.858471 nan nan
8 38 58.831001 46.362368 2149.469128 61.948622 nan nan
9 39 57.300205 44.485161 1978.929578 60.436427 nan nan
10 40 52.053175 41.823228 1749.182362 55.674282 nan nan
11 41 50.286466 41.358126 1710.494617 53.999847 nan nan
12 42 42.368630 35.822693 1283.265330 47.017376 nan nan
13 43 39.713279 33.008011 1089.528768 44.799673 nan nan
14 44 38.864240 29.365127 862.310708 43.575768 nan nan
15 45 35.004594 26.738636 714.954673 39.835709 nan nan
16 46 34.113210 24.369694 593.881962 38.580799 nan nan
17 47 30.517175 22.719712 516.185325 35.040160 nan nan
18 48 32.495139 23.563763 555.250931 37.005815 nan nan
19 49 28.705241 20.272074 410.956970 32.886234 nan nan
20 50 27.406081 19.745710 389.893051 31.596992 nan nan
1 32 86.154331 51.743430 2677.382521 86.111156 nan nan
2 33 83.086342 51.865585 2690.038861 83.349253 nan nan
3 34 80.690920 51.749124 2677.971875 81.112939 nan nan
4 35 78.445106 51.564815 2658.930095 79.006733 nan nan
5 36 75.652327 51.180617 2619.455525 76.488210 nan nan
6 37 72.089432 49.984221 2498.422356 73.414132 nan nan
7 38 65.579012 47.330350 2240.161984 68.020965 nan nan
8 39 60.176214 44.279995 1960.717935 63.391407 nan nan
9 40 53.885737 41.018853 1682.546263 57.826362 nan nan
10 41 50.707578 38.192857 1458.694330 54.888976 nan nan
11 42 46.250144 35.227149 1240.952049 50.758865 nan nan
12 43 41.849332 32.376344 1048.227647 46.645740 nan nan
13 44 37.917773 28.177858 793.991657 42.682603 nan nan
14 45 33.088424 25.778098 664.510361 38.177181 nan nan
15 46 31.988563 24.177045 584.529485 36.877136 nan nan
16 47 31.287394 21.972422 482.787348 35.684483 nan nan
17 48 31.070621 21.265566 452.224313 35.310996 nan nan
18 49 27.823257 18.510364 342.633581 31.723528 nan nan
19 50 26.834039 17.867841 319.259757 30.639490 nan nan
1 33 87.960486 51.825457 2685.877960 87.663700 nan nan
2 34 84.819851 51.675761 2670.384232 84.792433 nan nan
3 35 77.518041 49.885893 2488.602294 78.651067 nan nan
4 36 71.125772 48.805354 2381.962560 73.132960 nan nan
5 37 68.565759 48.658875 2367.686162 70.724392 nan nan
6 38 65.515273 48.328981 2335.690406 67.988365 nan nan
7 39 63.225778 47.322615 2239.429888 65.819470 nan nan
8 40 55.440828 43.951587 1931.741963 59.181865 nan nan
9 41 53.823179 43.780868 1916.764379 57.636142 nan nan
10 42 47.856853 41.222190 1699.268938 52.360233 nan nan
11 43 46.581252 38.767481 1502.917605 51.364524 nan nan
12 44 42.268701 32.904906 1082.732866 47.227132 nan nan
13 45 37.259624 29.666482 880.100170 42.606812 nan nan
14 46 35.528087 26.314698 692.463341 40.472174 nan nan
15 47 31.941037 24.525978 601.523602 36.960884 nan nan
16 48 34.499482 24.940158 622.011483 39.310410 nan nan
17 49 30.043097 21.216867 450.155436 34.508466 nan nan
18 50 28.794000 20.676731 427.527191 33.265308 nan nan
1 34 86.233226 51.745539 2677.600839 86.214356 nan nan
2 35 83.811427 51.996711 2703.657918 83.996193 nan nan
3 36 81.387368 51.849397 2688.359957 81.756256 nan nan
4 37 78.926586 51.485718 2650.779119 79.500245 nan nan
5 38 74.296094 50.246553 2524.716068 75.578747 nan nan
6 39 68.383550 47.677108 2273.106622 70.641137 nan nan
7 40 60.684435 44.491671 1979.508832 64.084695 nan nan
8 41 56.742393 41.881336 1754.046279 60.541149 nan nan
9 42 51.310483 38.265926 1464.281108 55.656176 nan nan
10 43 47.071659 35.322135 1247.653225 51.606947 nan nan
11 44 41.770694 31.421556 987.314152 46.519074 nan nan
12 45 36.996151 29.163606 850.515904 42.314532 nan nan
13 46 34.962749 26.516024 703.099518 40.143776 nan nan
14 47 32.515696 23.179488 537.288642 37.219815 nan nan
15 48 32.077336 22.100333 488.424739 36.574450 nan nan
16 49 28.275920 18.950182 359.109390 32.377744 nan nan
17 50 27.216721 18.235305 332.526364 31.211599 nan nan
1 35 85.541706 51.696020 2672.478465 85.643292 nan nan
2 36 77.389128 50.562029 2556.518756 78.806293 nan nan
3 37 73.233483 50.074767 2507.482312 75.183740 nan nan
4 38 70.667575 50.021042 2502.104604 72.830038 nan nan
5 39 67.074694 49.483981 2448.664332 69.679110 nan nan
6 40 60.244539 47.554644 2261.444128 63.896151 nan nan
7 41 57.991583 46.272173 2141.113991 61.916905 nan nan
8 42 53.148243 44.673300 1995.703733 57.574724 nan nan
9 43 54.729302 44.623152 1991.225672 58.790641 nan nan
10 44 47.697329 38.165678 1456.618958 52.582432 nan nan
11 45 42.147782 33.889197 1148.477650 47.689231 nan nan
12 46 38.522647 29.072605 845.216372 43.791540 nan nan
13 47 34.657716 27.017120 729.924783 40.114681 nan nan
14 48 37.226379 26.541417 704.446790 42.264861 nan nan
15 49 31.958314 22.126778 489.594287 36.566852 nan nan
16 50 30.886021 21.575525 465.503284 35.486825 nan nan
1 36 86.851977 51.778545 2681.017708 86.772213 nan nan
2 37 84.391838 51.981833 2702.110953 84.519864 nan nan
3 38 81.499176 51.675873 2670.395844 81.922987 nan nan
4 39 77.005128 50.508084 2551.066531 78.089376 nan nan
5 40 68.937934 47.993647 2303.390172 71.388791 nan nan
6 41 63.622515 45.109229 2034.842570 66.810393 nan nan
7 42 57.490326 41.882050 1754.106148 61.399145 nan nan
8 43 51.628105 38.395071 1474.181452 56.042875 nan nan
9 44 45.243396 34.546213 1193.440847 50.074361 nan nan
10 45 42.635796 33.480345 1120.933499 47.850174 nan nan
11 46 39.191902 29.869008 892.157638 44.499113 nan nan
12 47 33.976483 24.950981 622.551468 39.054578 nan nan
13 48 33.078993 23.218500 539.098731 37.889741 nan nan
14 49 28.580155 19.508299 380.573733 32.918979 nan nan
15 50 27.438188 18.684941 349.127022 31.653243 nan nan
1 37 81.403714 51.206539 2622.109609 82.152561 nan nan
2 38 77.120842 51.303552 2632.054472 78.621204 nan nan
3 39 73.827813 51.305551 2632.259590 75.772263 nan nan
4 40 68.546480 50.355594 2535.685858 71.312473 nan nan
5 41 67.608404 49.911503 2491.158109 70.350013 nan nan
6 42 61.248783 47.404509 2247.187456 64.948244 nan nan
7 43 63.187552 47.449994 2251.501887 66.255785 nan nan
8 44 56.185394 43.746668 1913.770925 60.179948 nan nan
9 45 51.362630 39.738797 1579.171950 56.108136 nan nan
10 46 43.760183 32.827313 1077.632458 48.983066 nan nan
11 47 39.382060 30.325571 919.640242 45.028136 nan nan
12 48 40.767314 28.409418 807.095011 45.889238 nan nan
13 49 33.727651 23.158105 536.297823 38.503507 nan nan
14 50 33.041965 22.436464 503.394912 37.727521 nan nan
1 38 86.984563 51.783673 2681.548766 86.913042 nan nan
2 39 83.923303 51.863949 2689.869156 84.188910 nan nan
3 40 78.040111 50.877605 2588.530643 79.225166 nan nan
4 41 71.891066 48.291115 2332.031787 74.077674 nan nan
5 42 64.247158 45.078136 2032.038386 67.544040 nan nan
6 43 57.032853 42.404331 1798.127318 61.160991 nan nan
7 44 49.110874 38.014026 1445.066145 54.028815 nan nan
8 45 48.650351 37.499209 1406.190707 53.604842 nan nan
9 46 44.505719 34.337606 1179.071194 49.764504 nan nan
10 47 36.501279 27.915633 779.282563 41.936330 nan nan
11 48 34.546360 24.917086 620.861188 39.706605 nan nan
12 49 28.804357 20.385364 415.563047 33.467561 nan nan
13 50 27.553877 19.359064 374.773366 32.063244 nan nan
1 39 84.362296 51.584569 2660.967757 84.704421 nan nan
2 40 80.229910 51.691130 2671.972893 81.202228 nan nan
3 41 78.042758 51.452181 2647.326904 79.227668 nan nan
4 42 72.392161 50.525986 2552.875274 74.462659 nan nan
5 43 70.466040 48.363825 2339.059591 72.739700 nan nan
6 44 63.451540 46.390156 2152.046610 66.642409 nan nan
7 45 61.975419 45.618011 2081.002902 65.203676 nan nan
8 46 50.583301 38.422035 1476.252760 55.436865 nan nan
9 47 45.752245 34.498842 1190.170094 51.293087 nan nan
10 48 44.663530 30.922940 956.228229 49.858946 nan nan
11 49 35.049623 24.681583 609.180535 40.166136 nan nan
12 50 34.574284 23.496803 552.099740 39.475328 nan nan
1 40 85.987506 51.722675 2675.235097 86.092784 nan nan
2 41 81.155052 51.168231 2618.187832 81.990923 nan nan
3 42 72.260278 48.496015 2351.863432 74.597528 nan nan
4 43 63.284399 46.070260 2122.468843 66.934975 nan nan
5 44 54.843794 42.863490 1837.278766 59.558860 nan nan
6 45 54.616779 41.604005 1730.893207 59.353954 nan nan
7 46 50.359439 38.807989 1506.060042 55.473835 nan nan
8 47 40.809736 32.547850 1059.362512 46.468407 nan nan
9 48 37.104380 27.891570 777.939689 42.617673 nan nan
10 49 29.499079 22.039839 485.754507 34.603794 nan nan
11 50 27.978251 20.536837 421.761660 32.872784 nan nan
1 41 85.312880 51.668609 2669.645182 85.531948 nan nan
2 42 80.973538 51.876117 2691.131470 81.848802 nan nan
3 43 78.703727 50.666301 2567.074068 79.852378 nan nan
4 44 68.905602 47.389552 2245.769648 71.692653 nan nan
5 45 68.468856 48.718908 2373.532008 70.920493 nan nan
6 46 58.856336 45.350795 2056.694631 62.927946 nan nan
7 47 54.373682 40.300314 1624.115270 59.331898 nan nan
8 48 49.586358 34.428147 1185.297280 54.780322 nan nan
9 49 37.021260 27.050976 731.755316 42.569774 nan nan
10 50 36.117145 25.088954 629.455616 41.347479 nan nan
