This is pdfTeX, Version 3.1415926-2.5-1.40.14 (TeX Live 2013/Debian) (format=pdflatex 2015.7.28)  28 JUL 2015 11:56
entering extended mode
 restricted \write18 enabled.
 %&-line parsing enabled.
**draft2.tex
(./draft2.tex
LaTeX2e <2011/06/27>
Babel <3.9h> and hyphenation patterns for 78 languages loaded.
(/usr/share/texlive/texmf-dist/tex/latex/base/article.cls
Document Class: article 2007/10/19 v1.4h Standard LaTeX document class
(/usr/share/texlive/texmf-dist/tex/latex/base/size12.clo
File: size12.clo 2007/10/19 v1.4h Standard LaTeX file (size option)
)
\c@part=\count79
\c@section=\count80
\c@subsection=\count81
\c@subsubsection=\count82
\c@paragraph=\count83
\c@subparagraph=\count84
\c@figure=\count85
\c@table=\count86
\abovecaptionskip=\skip41
\belowcaptionskip=\skip42
\bibindent=\dimen102
)
(/usr/share/texlive/texmf-dist/tex/latex/graphics/graphicx.sty
Package: graphicx 1999/02/16 v1.0f Enhanced LaTeX Graphics (DPC,SPQR)

(/usr/share/texlive/texmf-dist/tex/latex/graphics/keyval.sty
Package: keyval 1999/03/16 v1.13 key=value parser (DPC)
\KV@toks@=\toks14
)
(/usr/share/texlive/texmf-dist/tex/latex/graphics/graphics.sty
Package: graphics 2009/02/05 v1.0o Standard LaTeX Graphics (DPC,SPQR)

(/usr/share/texlive/texmf-dist/tex/latex/graphics/trig.sty
Package: trig 1999/03/16 v1.09 sin cos tan (DPC)
)
(/usr/share/texlive/texmf-dist/tex/latex/latexconfig/graphics.cfg
File: graphics.cfg 2010/04/23 v1.9 graphics configuration of TeX Live
)
Package graphics Info: Driver file: pdftex.def on input line 91.

(/usr/share/texlive/texmf-dist/tex/latex/pdftex-def/pdftex.def
File: pdftex.def 2011/05/27 v0.06d Graphics/color for pdfTeX

(/usr/share/texlive/texmf-dist/tex/generic/oberdiek/infwarerr.sty
Package: infwarerr 2010/04/08 v1.3 Providing info/warning/error messages (HO)
)
(/usr/share/texlive/texmf-dist/tex/generic/oberdiek/ltxcmds.sty
Package: ltxcmds 2011/11/09 v1.22 LaTeX kernel commands for general use (HO)
)
\Gread@gobject=\count87
))
\Gin@req@height=\dimen103
\Gin@req@width=\dimen104
)
(/usr/share/texlive/texmf-dist/tex/latex/amsmath/amsmath.sty
Package: amsmath 2013/01/14 v2.14 AMS math features
\@mathmargin=\skip43

For additional information on amsmath, use the `?' option.
(/usr/share/texlive/texmf-dist/tex/latex/amsmath/amstext.sty
Package: amstext 2000/06/29 v2.01

(/usr/share/texlive/texmf-dist/tex/latex/amsmath/amsgen.sty
File: amsgen.sty 1999/11/30 v2.0
\@emptytoks=\toks15
\ex@=\dimen105
))
(/usr/share/texlive/texmf-dist/tex/latex/amsmath/amsbsy.sty
Package: amsbsy 1999/11/29 v1.2d
\pmbraise@=\dimen106
)
(/usr/share/texlive/texmf-dist/tex/latex/amsmath/amsopn.sty
Package: amsopn 1999/12/14 v2.01 operator names
)
\inf@bad=\count88
LaTeX Info: Redefining \frac on input line 210.
\uproot@=\count89
\leftroot@=\count90
LaTeX Info: Redefining \overline on input line 306.
\classnum@=\count91
\DOTSCASE@=\count92
LaTeX Info: Redefining \ldots on input line 378.
LaTeX Info: Redefining \dots on input line 381.
LaTeX Info: Redefining \cdots on input line 466.
\Mathstrutbox@=\box26
\strutbox@=\box27
\big@size=\dimen107
LaTeX Font Info:    Redeclaring font encoding OML on input line 566.
LaTeX Font Info:    Redeclaring font encoding OMS on input line 567.
\macc@depth=\count93
\c@MaxMatrixCols=\count94
\dotsspace@=\muskip10
\c@parentequation=\count95
\dspbrk@lvl=\count96
\tag@help=\toks16
\row@=\count97
\column@=\count98
\maxfields@=\count99
\andhelp@=\toks17
\eqnshift@=\dimen108
\alignsep@=\dimen109
\tagshift@=\dimen110
\tagwidth@=\dimen111
\totwidth@=\dimen112
\lineht@=\dimen113
\@envbody=\toks18
\multlinegap=\skip44
\multlinetaggap=\skip45
\mathdisplay@stack=\toks19
LaTeX Info: Redefining \[ on input line 2665.
LaTeX Info: Redefining \] on input line 2666.
)
(/usr/share/texlive/texmf-dist/tex/latex/oberdiek/epstopdf.sty
Package: epstopdf 2010/02/09 v2.5 Conversion with epstopdf on the fly (HO)

(/usr/share/texlive/texmf-dist/tex/latex/oberdiek/epstopdf-base.sty
Package: epstopdf-base 2010/02/09 v2.5 Base part for package epstopdf

(/usr/share/texlive/texmf-dist/tex/latex/oberdiek/grfext.sty
Package: grfext 2010/08/19 v1.1 Manage graphics extensions (HO)

(/usr/share/texlive/texmf-dist/tex/generic/oberdiek/kvdefinekeys.sty
Package: kvdefinekeys 2011/04/07 v1.3 Define keys (HO)
))
(/usr/share/texlive/texmf-dist/tex/latex/oberdiek/kvoptions.sty
Package: kvoptions 2011/06/30 v3.11 Key value format for package options (HO)

(/usr/share/texlive/texmf-dist/tex/generic/oberdiek/kvsetkeys.sty
Package: kvsetkeys 2012/04/25 v1.16 Key value parser (HO)

(/usr/share/texlive/texmf-dist/tex/generic/oberdiek/etexcmds.sty
Package: etexcmds 2011/02/16 v1.5 Avoid name clashes with e-TeX commands (HO)

(/usr/share/texlive/texmf-dist/tex/generic/oberdiek/ifluatex.sty
Package: ifluatex 2010/03/01 v1.3 Provides the ifluatex switch (HO)
Package ifluatex Info: LuaTeX not detected.
)
Package etexcmds Info: Could not find \expanded.
(etexcmds)             That can mean that you are not using pdfTeX 1.50 or
(etexcmds)             that some package has redefined \expanded.
(etexcmds)             In the latter case, load this package earlier.
)))
(/usr/share/texlive/texmf-dist/tex/generic/oberdiek/pdftexcmds.sty
Package: pdftexcmds 2011/11/29 v0.20 Utility functions of pdfTeX for LuaTeX (HO
)

(/usr/share/texlive/texmf-dist/tex/generic/oberdiek/ifpdf.sty
Package: ifpdf 2011/01/30 v2.3 Provides the ifpdf switch (HO)
Package ifpdf Info: pdfTeX in PDF mode is detected.
)
Package pdftexcmds Info: LuaTeX not detected.
Package pdftexcmds Info: \pdf@primitive is available.
Package pdftexcmds Info: \pdf@ifprimitive is available.
Package pdftexcmds Info: \pdfdraftmode found.
)
Package grfext Info: Graphics extension search list:
(grfext)             [.png,.pdf,.jpg,.mps,.jpeg,.jbig2,.jb2,.PNG,.PDF,.JPG,.JPE
G,.JBIG2,.JB2,.eps]
(grfext)             \AppendGraphicsExtensions on input line 452.

(/usr/share/texlive/texmf-dist/tex/latex/latexconfig/epstopdf-sys.cfg
File: epstopdf-sys.cfg 2010/07/13 v1.3 Configuration of (r)epstopdf for TeX Liv
e
)))
(./draft2.aux)
\openout1 = `draft2.aux'.

LaTeX Font Info:    Checking defaults for OML/cmm/m/it on input line 10.
LaTeX Font Info:    ... okay on input line 10.
LaTeX Font Info:    Checking defaults for T1/cmr/m/n on input line 10.
LaTeX Font Info:    ... okay on input line 10.
LaTeX Font Info:    Checking defaults for OT1/cmr/m/n on input line 10.
LaTeX Font Info:    ... okay on input line 10.
LaTeX Font Info:    Checking defaults for OMS/cmsy/m/n on input line 10.
LaTeX Font Info:    ... okay on input line 10.
LaTeX Font Info:    Checking defaults for OMX/cmex/m/n on input line 10.
LaTeX Font Info:    ... okay on input line 10.
LaTeX Font Info:    Checking defaults for U/cmr/m/n on input line 10.
LaTeX Font Info:    ... okay on input line 10.
 (/usr/share/texlive/texmf-dist/tex/context/base/supp-pdf.mkii
[Loading MPS to PDF converter (version 2006.09.02).]
\scratchcounter=\count100
\scratchdimen=\dimen114
\scratchbox=\box28
\nofMPsegments=\count101
\nofMParguments=\count102
\everyMPshowfont=\toks20
\MPscratchCnt=\count103
\MPscratchDim=\dimen115
\MPnumerator=\count104
\makeMPintoPDFobject=\count105
\everyMPtoPDFconversion=\toks21
) [1

{/var/lib/texmf/fonts/map/pdftex/updmap/pdftex.map}] (./draft2.toc)
\tf@toc=\write3
\openout3 = `draft2.toc'.


[1] [2]
Package epstopdf Info: Source file: <potentialcurves.eps>
(epstopdf)                    date: 2015-07-28 09:12:38
(epstopdf)                    size: 97081 bytes
(epstopdf)             Output file: <potentialcurves-eps-converted-to.pdf>
(epstopdf)                    date: 2015-07-28 09:23:50
(epstopdf)                    size: 80871 bytes
(epstopdf)             Command: <repstopdf --outfile=potentialcurves-eps-conver
ted-to.pdf potentialcurves.eps>
(epstopdf)             \includegraphics on input line 43.
Package epstopdf Info: Output file is already uptodate.
 <potentialcurves-eps-converted-to.pdf, id=15, 574.145pt x 405.515pt>
File: potentialcurves-eps-converted-to.pdf Graphic file (type pdf)

<use potentialcurves-eps-converted-to.pdf>
Package pdftex.def Info: potentialcurves-eps-converted-to.pdf used on input lin
e 43.
(pdftex.def)             Requested size: 272.99881pt x 192.81963pt.
 [3 <./potentialcurves-eps-converted-to.pdf>] [4]

Package amsmath Warning: Foreign command \over;
(amsmath)                \frac or \genfrac should be used instead
(amsmath)                 on input line 78.

[5]
Package epstopdf Info: Source file: <vectormodel.eps>
(epstopdf)                    date: 2015-07-28 09:48:41
(epstopdf)                    size: 18454 bytes
(epstopdf)             Output file: <vectormodel-eps-converted-to.pdf>
(epstopdf)                    date: 2015-07-28 09:49:35
(epstopdf)                    size: 17043 bytes
(epstopdf)             Command: <repstopdf --outfile=vectormodel-eps-converted-
to.pdf vectormodel.eps>
(epstopdf)             \includegraphics on input line 89.
Package epstopdf Info: Output file is already uptodate.
 <vectormodel-eps-converted-to.pdf, id=33, 574.145pt x 685.56125pt>
File: vectormodel-eps-converted-to.pdf Graphic file (type pdf)

<use vectormodel-eps-converted-to.pdf>
Package pdftex.def Info: vectormodel-eps-converted-to.pdf used on input line 89
.
(pdftex.def)             Requested size: 195.0pt x 232.83667pt.
 [6 <./vectormodel-eps-converted-to.pdf>]
Package epstopdf Info: Source file: <selected_potentialcurves.eps>
(epstopdf)                    date: 2015-07-28 10:21:30
(epstopdf)                    size: 20569 bytes
(epstopdf)             Output file: <selected_potentialcurves-eps-converted-to.
pdf>
(epstopdf)                    date: 2015-07-28 10:21:42
(epstopdf)                    size: 27938 bytes
(epstopdf)             Command: <repstopdf --outfile=selected_potentialcurves-e
ps-converted-to.pdf selected_potentialcurves.eps>
(epstopdf)             \includegraphics on input line 117.
Package epstopdf Info: Output file is already uptodate.

<selected_potentialcurves-eps-converted-to.pdf, id=41, 547.04375pt x 754.82pt>
File: selected_potentialcurves-eps-converted-to.pdf Graphic file (type pdf)

<use selected_potentialcurves-eps-converted-to.pdf>
Package pdftex.def Info: selected_potentialcurves-eps-converted-to.pdf used on 
input line 117.
(pdftex.def)             Requested size: 195.0pt x 269.06291pt.

<m_potcurves.jpg, id=42, 601.4972pt x 174.6525pt>
File: m_potcurves.jpg Graphic file (type jpg)
 <use m_potcurves.jpg>
Package pdftex.def Info: m_potcurves.jpg used on input line 130.
(pdftex.def)             Requested size: 390.0pt x 113.24562pt.


LaTeX Warning: `h' float specifier changed to `ht'.

[7 <./selected_potentialcurves-eps-converted-to.pdf>] [8 <./m_potcurves.jpg>]
Package epstopdf Info: Source file: <He_past_results.eps>
(epstopdf)                    date: 2015-07-28 10:54:18
(epstopdf)                    size: 83147 bytes
(epstopdf)             Output file: <He_past_results-eps-converted-to.pdf>
(epstopdf)                    date: 2015-07-28 10:54:39
(epstopdf)                    size: 9064 bytes
(epstopdf)             Command: <repstopdf --outfile=He_past_results-eps-conver
ted-to.pdf He_past_results.eps>
(epstopdf)             \includegraphics on input line 160.
Package epstopdf Info: Output file is already uptodate.

<He_past_results-eps-converted-to.pdf, id=53, 339.2675pt x 202.7575pt>
File: He_past_results-eps-converted-to.pdf Graphic file (type pdf)

<use He_past_results-eps-converted-to.pdf>
Package pdftex.def Info: He_past_results-eps-converted-to.pdf used on input lin
e 160.
(pdftex.def)             Requested size: 339.26666pt x 202.757pt.
 [9 <./He_past_results-eps-converted-to.pdf>] [10]
Package epstopdf Info: Source file: <vectormodel_j_jp_triangles.eps>
(epstopdf)                    date: 2015-07-28 11:15:47
(epstopdf)                    size: 90693 bytes
(epstopdf)             Output file: <vectormodel_j_jp_triangles-eps-converted-t
o.pdf>
(epstopdf)                    date: 2015-07-28 11:17:11
(epstopdf)                    size: 10169 bytes
(epstopdf)             Command: <repstopdf --outfile=vectormodel_j_jp_triangles
-eps-converted-to.pdf vectormodel_j_jp_triangles.eps>
(epstopdf)             \includegraphics on input line 215.
Package epstopdf Info: Output file is already uptodate.

<vectormodel_j_jp_triangles-eps-converted-to.pdf, id=70, 292.09125pt x 274.0237
4pt>
File: vectormodel_j_jp_triangles-eps-converted-to.pdf Graphic file (type pdf)
 <use vectormodel_j_jp_triangles-eps-converted-to.pdf>
Package pdftex.def Info: vectormodel_j_jp_triangles-eps-converted-to.pdf used o
n input line 215.
(pdftex.def)             Requested size: 195.0pt x 182.94267pt.
 [11 <./vectormodel_j_jp_triangles-eps-converted-to.pdf>] [12] (./draft2.aux) )
 
Here is how much of TeX's memory you used:
 2143 strings out of 493304
 29528 string characters out of 6139871
 90904 words of memory out of 5000000
 5583 multiletter control sequences out of 15000+600000
 9933 words of font info for 36 fonts, out of 8000000 for 9000
 957 hyphenation exceptions out of 8191
 42i,6n,23p,1825b,229s stack positions out of 5000i,500n,10000p,200000b,80000s
</usr/share/texlive/texmf-dist/fonts/type1/public/amsfonts/cm/cmbx12.pfb></usr/
share/texlive/texmf-dist/fonts/type1/public/amsfonts/cm/cmex10.pfb></usr/share/
texlive/texmf-dist/fonts/type1/public/amsfonts/cm/cmmi12.pfb></usr/share/texliv
e/texmf-dist/fonts/type1/public/amsfonts/cm/cmmi8.pfb></usr/share/texlive/texmf
-dist/fonts/type1/public/amsfonts/cm/cmr12.pfb></usr/share/texlive/texmf-dist/f
onts/type1/public/amsfonts/cm/cmr17.pfb></usr/share/texlive/texmf-dist/fonts/ty
pe1/public/amsfonts/cm/cmr8.pfb></usr/share/texlive/texmf-dist/fonts/type1/publ
ic/amsfonts/cm/cmsy10.pfb></usr/share/texlive/texmf-dist/fonts/type1/public/ams
fonts/cm/cmsy6.pfb></usr/share/texlive/texmf-dist/fonts/type1/public/amsfonts/c
m/cmsy8.pfb>
Output written on draft2.pdf (13 pages, 299815 bytes).
PDF statistics:
 131 PDF objects out of 1000 (max. 8388607)
 89 compressed objects within 1 object stream
 0 named destinations out of 1000 (max. 500000)
 31 words of extra memory for PDF output out of 10000 (max. 10000000)

