This is pdfTeX, Version 3.1415926-2.5-1.40.14 (TeX Live 2013/Debian) (format=pdflatex 2015.7.28)  29 JUL 2015 16:57
entering extended mode
 restricted \write18 enabled.
 %&-line parsing enabled.
**draft2.tex
(./draft2.tex
LaTeX2e <2011/06/27>
Babel <3.9h> and hyphenation patterns for 78 languages loaded.
(/usr/share/texlive/texmf-dist/tex/latex/base/article.cls
Document Class: article 2007/10/19 v1.4h Standard LaTeX document class
(/usr/share/texlive/texmf-dist/tex/latex/base/size12.clo
File: size12.clo 2007/10/19 v1.4h Standard LaTeX file (size option)
)
\c@part=\count79
\c@section=\count80
\c@subsection=\count81
\c@subsubsection=\count82
\c@paragraph=\count83
\c@subparagraph=\count84
\c@figure=\count85
\c@table=\count86
\abovecaptionskip=\skip41
\belowcaptionskip=\skip42
\bibindent=\dimen102
)
(/usr/share/texlive/texmf-dist/tex/latex/graphics/graphicx.sty
Package: graphicx 1999/02/16 v1.0f Enhanced LaTeX Graphics (DPC,SPQR)

(/usr/share/texlive/texmf-dist/tex/latex/graphics/keyval.sty
Package: keyval 1999/03/16 v1.13 key=value parser (DPC)
\KV@toks@=\toks14
)
(/usr/share/texlive/texmf-dist/tex/latex/graphics/graphics.sty
Package: graphics 2009/02/05 v1.0o Standard LaTeX Graphics (DPC,SPQR)

(/usr/share/texlive/texmf-dist/tex/latex/graphics/trig.sty
Package: trig 1999/03/16 v1.09 sin cos tan (DPC)
)
(/usr/share/texlive/texmf-dist/tex/latex/latexconfig/graphics.cfg
File: graphics.cfg 2010/04/23 v1.9 graphics configuration of TeX Live
)
Package graphics Info: Driver file: pdftex.def on input line 91.

(/usr/share/texlive/texmf-dist/tex/latex/pdftex-def/pdftex.def
File: pdftex.def 2011/05/27 v0.06d Graphics/color for pdfTeX

(/usr/share/texlive/texmf-dist/tex/generic/oberdiek/infwarerr.sty
Package: infwarerr 2010/04/08 v1.3 Providing info/warning/error messages (HO)
)
(/usr/share/texlive/texmf-dist/tex/generic/oberdiek/ltxcmds.sty
Package: ltxcmds 2011/11/09 v1.22 LaTeX kernel commands for general use (HO)
)
\Gread@gobject=\count87
))
\Gin@req@height=\dimen103
\Gin@req@width=\dimen104
)
(/usr/share/texlive/texmf-dist/tex/latex/caption/subcaption.sty
Package: subcaption 2013/02/03 v1.1-62 Sub-captions (AR)

(/usr/share/texlive/texmf-dist/tex/latex/caption/caption.sty
Package: caption 2013/05/02 v3.3-89 Customizing captions (AR)

(/usr/share/texlive/texmf-dist/tex/latex/caption/caption3.sty
Package: caption3 2013/05/02 v1.6-88 caption3 kernel (AR)
Package caption3 Info: TeX engine: e-TeX on input line 57.
\captionmargin=\dimen105
\captionmargin@=\dimen106
\captionwidth=\dimen107
\caption@tempdima=\dimen108
\caption@indent=\dimen109
\caption@parindent=\dimen110
\caption@hangindent=\dimen111
)
\c@ContinuedFloat=\count88
)
\c@subfigure=\count89
\c@subtable=\count90
)
(/usr/share/texlive/texmf-dist/tex/latex/amsmath/amsmath.sty
Package: amsmath 2013/01/14 v2.14 AMS math features
\@mathmargin=\skip43

For additional information on amsmath, use the `?' option.
(/usr/share/texlive/texmf-dist/tex/latex/amsmath/amstext.sty
Package: amstext 2000/06/29 v2.01

(/usr/share/texlive/texmf-dist/tex/latex/amsmath/amsgen.sty
File: amsgen.sty 1999/11/30 v2.0
\@emptytoks=\toks15
\ex@=\dimen112
))
(/usr/share/texlive/texmf-dist/tex/latex/amsmath/amsbsy.sty
Package: amsbsy 1999/11/29 v1.2d
\pmbraise@=\dimen113
)
(/usr/share/texlive/texmf-dist/tex/latex/amsmath/amsopn.sty
Package: amsopn 1999/12/14 v2.01 operator names
)
\inf@bad=\count91
LaTeX Info: Redefining \frac on input line 210.
\uproot@=\count92
\leftroot@=\count93
LaTeX Info: Redefining \overline on input line 306.
\classnum@=\count94
\DOTSCASE@=\count95
LaTeX Info: Redefining \ldots on input line 378.
LaTeX Info: Redefining \dots on input line 381.
LaTeX Info: Redefining \cdots on input line 466.
\Mathstrutbox@=\box26
\strutbox@=\box27
\big@size=\dimen114
LaTeX Font Info:    Redeclaring font encoding OML on input line 566.
LaTeX Font Info:    Redeclaring font encoding OMS on input line 567.
\macc@depth=\count96
\c@MaxMatrixCols=\count97
\dotsspace@=\muskip10
\c@parentequation=\count98
\dspbrk@lvl=\count99
\tag@help=\toks16
\row@=\count100
\column@=\count101
\maxfields@=\count102
\andhelp@=\toks17
\eqnshift@=\dimen115
\alignsep@=\dimen116
\tagshift@=\dimen117
\tagwidth@=\dimen118
\totwidth@=\dimen119
\lineht@=\dimen120
\@envbody=\toks18
\multlinegap=\skip44
\multlinetaggap=\skip45
\mathdisplay@stack=\toks19
LaTeX Info: Redefining \[ on input line 2665.
LaTeX Info: Redefining \] on input line 2666.
)
(/usr/share/texlive/texmf-dist/tex/latex/oberdiek/epstopdf.sty
Package: epstopdf 2010/02/09 v2.5 Conversion with epstopdf on the fly (HO)

(/usr/share/texlive/texmf-dist/tex/latex/oberdiek/epstopdf-base.sty
Package: epstopdf-base 2010/02/09 v2.5 Base part for package epstopdf

(/usr/share/texlive/texmf-dist/tex/latex/oberdiek/grfext.sty
Package: grfext 2010/08/19 v1.1 Manage graphics extensions (HO)

(/usr/share/texlive/texmf-dist/tex/generic/oberdiek/kvdefinekeys.sty
Package: kvdefinekeys 2011/04/07 v1.3 Define keys (HO)
))
(/usr/share/texlive/texmf-dist/tex/latex/oberdiek/kvoptions.sty
Package: kvoptions 2011/06/30 v3.11 Key value format for package options (HO)

(/usr/share/texlive/texmf-dist/tex/generic/oberdiek/kvsetkeys.sty
Package: kvsetkeys 2012/04/25 v1.16 Key value parser (HO)

(/usr/share/texlive/texmf-dist/tex/generic/oberdiek/etexcmds.sty
Package: etexcmds 2011/02/16 v1.5 Avoid name clashes with e-TeX commands (HO)

(/usr/share/texlive/texmf-dist/tex/generic/oberdiek/ifluatex.sty
Package: ifluatex 2010/03/01 v1.3 Provides the ifluatex switch (HO)
Package ifluatex Info: LuaTeX not detected.
)
Package etexcmds Info: Could not find \expanded.
(etexcmds)             That can mean that you are not using pdfTeX 1.50 or
(etexcmds)             that some package has redefined \expanded.
(etexcmds)             In the latter case, load this package earlier.
)))
(/usr/share/texlive/texmf-dist/tex/generic/oberdiek/pdftexcmds.sty
Package: pdftexcmds 2011/11/29 v0.20 Utility functions of pdfTeX for LuaTeX (HO
)

(/usr/share/texlive/texmf-dist/tex/generic/oberdiek/ifpdf.sty
Package: ifpdf 2011/01/30 v2.3 Provides the ifpdf switch (HO)
Package ifpdf Info: pdfTeX in PDF mode is detected.
)
Package pdftexcmds Info: LuaTeX not detected.
Package pdftexcmds Info: \pdf@primitive is available.
Package pdftexcmds Info: \pdf@ifprimitive is available.
Package pdftexcmds Info: \pdfdraftmode found.
)
Package grfext Info: Graphics extension search list:
(grfext)             [.png,.pdf,.jpg,.mps,.jpeg,.jbig2,.jb2,.PNG,.PDF,.JPG,.JPE
G,.JBIG2,.JB2,.eps]
(grfext)             \AppendGraphicsExtensions on input line 452.

(/usr/share/texlive/texmf-dist/tex/latex/latexconfig/epstopdf-sys.cfg
File: epstopdf-sys.cfg 2010/07/13 v1.3 Configuration of (r)epstopdf for TeX Liv
e
)))
(./draft2.aux)
\openout1 = `draft2.aux'.

LaTeX Font Info:    Checking defaults for OML/cmm/m/it on input line 12.
LaTeX Font Info:    ... okay on input line 12.
LaTeX Font Info:    Checking defaults for T1/cmr/m/n on input line 12.
LaTeX Font Info:    ... okay on input line 12.
LaTeX Font Info:    Checking defaults for OT1/cmr/m/n on input line 12.
LaTeX Font Info:    ... okay on input line 12.
LaTeX Font Info:    Checking defaults for OMS/cmsy/m/n on input line 12.
LaTeX Font Info:    ... okay on input line 12.
LaTeX Font Info:    Checking defaults for OMX/cmex/m/n on input line 12.
LaTeX Font Info:    ... okay on input line 12.
LaTeX Font Info:    Checking defaults for U/cmr/m/n on input line 12.
LaTeX Font Info:    ... okay on input line 12.
 (/usr/share/texlive/texmf-dist/tex/context/base/supp-pdf.mkii
[Loading MPS to PDF converter (version 2006.09.02).]
\scratchcounter=\count103
\scratchdimen=\dimen121
\scratchbox=\box28
\nofMPsegments=\count104
\nofMParguments=\count105
\everyMPshowfont=\toks20
\MPscratchCnt=\count106
\MPscratchDim=\dimen122
\MPnumerator=\count107
\makeMPintoPDFobject=\count108
\everyMPtoPDFconversion=\toks21
)
Package caption Info: Begin \AtBeginDocument code.
Package caption Info: End \AtBeginDocument code.
 [1

{/var/lib/texmf/fonts/map/pdftex/updmap/pdftex.map}] (./draft2.toc)
\tf@toc=\write3
\openout3 = `draft2.toc'.


[1] [2

]
Package epstopdf Info: Source file: <potentialcurves.eps>
(epstopdf)                    date: 2015-07-28 09:12:38
(epstopdf)                    size: 97081 bytes
(epstopdf)             Output file: <potentialcurves-eps-converted-to.pdf>
(epstopdf)                    date: 2015-07-28 12:09:40
(epstopdf)                    size: 80871 bytes
(epstopdf)             Command: <repstopdf --outfile=potentialcurves-eps-conver
ted-to.pdf potentialcurves.eps>
(epstopdf)             \includegraphics on input line 68.
Package epstopdf Info: Output file is already uptodate.
 <potentialcurves-eps-converted-to.pdf, id=18, 574.145pt x 405.515pt>
File: potentialcurves-eps-converted-to.pdf Graphic file (type pdf)

<use potentialcurves-eps-converted-to.pdf>
Package pdftex.def Info: potentialcurves-eps-converted-to.pdf used on input lin
e 68.
(pdftex.def)             Requested size: 214.50119pt x 151.49847pt.
 [3

 <./potentialcurves-eps-converted-to.pdf>]
Package epstopdf Info: Source file: <vectormodel.eps>
(epstopdf)                    date: 2015-07-28 09:48:41
(epstopdf)                    size: 18454 bytes
(epstopdf)             Output file: <vectormodel-eps-converted-to.pdf>
(epstopdf)                    date: 2015-07-28 12:09:40
(epstopdf)                    size: 17043 bytes
(epstopdf)             Command: <repstopdf --outfile=vectormodel-eps-converted-
to.pdf vectormodel.eps>
(epstopdf)             \includegraphics on input line 125.
Package epstopdf Info: Output file is already uptodate.
 <vectormodel-eps-converted-to.pdf, id=25, 574.145pt x 685.56125pt>
File: vectormodel-eps-converted-to.pdf Graphic file (type pdf)

<use vectormodel-eps-converted-to.pdf>
Package pdftex.def Info: vectormodel-eps-converted-to.pdf used on input line 12
5.
(pdftex.def)             Requested size: 155.99762pt x 186.26515pt.
 [4

]
Package epstopdf Info: Source file: <selected_potentialcurves.eps>
(epstopdf)                    date: 2015-07-28 10:21:30
(epstopdf)                    size: 20569 bytes
(epstopdf)             Output file: <selected_potentialcurves-eps-converted-to.
pdf>
(epstopdf)                    date: 2015-07-28 12:09:40
(epstopdf)                    size: 27938 bytes
(epstopdf)             Command: <repstopdf --outfile=selected_potentialcurves-e
ps-converted-to.pdf selected_potentialcurves.eps>
(epstopdf)             \includegraphics on input line 151.
Package epstopdf Info: Output file is already uptodate.

<selected_potentialcurves-eps-converted-to.pdf, id=31, 547.04375pt x 754.82pt>
File: selected_potentialcurves-eps-converted-to.pdf Graphic file (type pdf)

<use selected_potentialcurves-eps-converted-to.pdf>
Package pdftex.def Info: selected_potentialcurves-eps-converted-to.pdf used on 
input line 151.
(pdftex.def)             Requested size: 155.99762pt x 215.24112pt.
 [5 <./vectormodel-eps-converted-to.pdf>]
Package epstopdf Info: Source file: <m_potcurves.eps>
(epstopdf)                    date: 2015-07-28 17:23:47
(epstopdf)                    size: 1132221 bytes
(epstopdf)             Output file: <m_potcurves-eps-converted-to.pdf>
(epstopdf)                    date: 2015-07-28 17:25:38
(epstopdf)                    size: 49756 bytes
(epstopdf)             Command: <repstopdf --outfile=m_potcurves-eps-converted-
to.pdf m_potcurves.eps>
(epstopdf)             \includegraphics on input line 164.
Package epstopdf Info: Output file is already uptodate.

<m_potcurves-eps-converted-to.pdf, id=39, 601.24625pt x 174.6525pt>
File: m_potcurves-eps-converted-to.pdf Graphic file (type pdf)

<use m_potcurves-eps-converted-to.pdf>
Package pdftex.def Info: m_potcurves-eps-converted-to.pdf used on input line 16
4.
(pdftex.def)             Requested size: 350.99762pt x 101.9621pt.
 [6 <./selected_potentialcurves-eps-converted-to.pdf> <./m_potcurves-eps-conver
ted-to.pdf>]
Package epstopdf Info: Source file: <He_past_results.eps>
(epstopdf)                    date: 2015-07-28 10:54:18
(epstopdf)                    size: 83147 bytes
(epstopdf)             Output file: <He_past_results-eps-converted-to.pdf>
(epstopdf)                    date: 2015-07-28 12:09:40
(epstopdf)                    size: 9064 bytes
(epstopdf)             Command: <repstopdf --outfile=He_past_results-eps-conver
ted-to.pdf He_past_results.eps>
(epstopdf)             \includegraphics on input line 191.
Package epstopdf Info: Output file is already uptodate.

<He_past_results-eps-converted-to.pdf, id=50, 339.2675pt x 202.7575pt>
File: He_past_results-eps-converted-to.pdf Graphic file (type pdf)

<use He_past_results-eps-converted-to.pdf>
Package pdftex.def Info: He_past_results-eps-converted-to.pdf used on input lin
e 191.
(pdftex.def)             Requested size: 272.99881pt x 163.15912pt.
 [7 <./He_past_results-eps-converted-to.pdf>] [8]
Package epstopdf Info: Source file: <vectormodel_j_jp_triangles.eps>
(epstopdf)                    date: 2015-07-28 11:15:47
(epstopdf)                    size: 90693 bytes
(epstopdf)             Output file: <vectormodel_j_jp_triangles-eps-converted-t
o.pdf>
(epstopdf)                    date: 2015-07-28 12:09:40
(epstopdf)                    size: 10169 bytes
(epstopdf)             Command: <repstopdf --outfile=vectormodel_j_jp_triangles
-eps-converted-to.pdf vectormodel_j_jp_triangles.eps>
(epstopdf)             \includegraphics on input line 244.
Package epstopdf Info: Output file is already uptodate.

<vectormodel_j_jp_triangles-eps-converted-to.pdf, id=67, 292.09125pt x 274.0237
4pt>
File: vectormodel_j_jp_triangles-eps-converted-to.pdf Graphic file (type pdf)
 <use vectormodel_j_jp_triangles-eps-converted-to.pdf>
Package pdftex.def Info: vectormodel_j_jp_triangles-eps-converted-to.pdf used o
n input line 244.
(pdftex.def)             Requested size: 195.0pt x 182.94267pt.
 [9

]
Package epstopdf Info: Source file: <He_Bplot_j19jp21.eps>
(epstopdf)                    date: 2015-07-28 12:16:39
(epstopdf)                    size: 69624 bytes
(epstopdf)             Output file: <He_Bplot_j19jp21-eps-converted-to.pdf>
(epstopdf)                    date: 2015-07-28 12:16:46
(epstopdf)                    size: 28538 bytes
(epstopdf)             Command: <repstopdf --outfile=He_Bplot_j19jp21-eps-conve
rted-to.pdf He_Bplot_j19jp21.eps>
(epstopdf)             \includegraphics on input line 286.
Package epstopdf Info: Output file is already uptodate.

<He_Bplot_j19jp21-eps-converted-to.pdf, id=72, 361.35pt x 252.945pt>
File: He_Bplot_j19jp21-eps-converted-to.pdf Graphic file (type pdf)

<use He_Bplot_j19jp21-eps-converted-to.pdf>
Package pdftex.def Info: He_Bplot_j19jp21-eps-converted-to.pdf used on input li
ne 286.
(pdftex.def)             Requested size: 191.10214pt x 133.77074pt.
Package epstopdf Info: Source file: <Ar_Bplot_j19jp21.eps>
(epstopdf)                    date: 2015-07-28 12:25:49
(epstopdf)                    size: 66046 bytes
(epstopdf)             Output file: <Ar_Bplot_j19jp21-eps-converted-to.pdf>
(epstopdf)                    date: 2015-07-28 12:25:58
(epstopdf)                    size: 24519 bytes
(epstopdf)             Command: <repstopdf --outfile=Ar_Bplot_j19jp21-eps-conve
rted-to.pdf Ar_Bplot_j19jp21.eps>
(epstopdf)             \includegraphics on input line 292.
Package epstopdf Info: Output file is already uptodate.

<Ar_Bplot_j19jp21-eps-converted-to.pdf, id=73, 361.35pt x 252.945pt>
File: Ar_Bplot_j19jp21-eps-converted-to.pdf Graphic file (type pdf)

<use Ar_Bplot_j19jp21-eps-converted-to.pdf>
Package pdftex.def Info: Ar_Bplot_j19jp21-eps-converted-to.pdf used on input li
ne 292.
(pdftex.def)             Requested size: 191.10214pt x 133.77074pt.
 [10 <./vectormodel_j_jp_triangles-eps-converted-to.pdf>] [11 <./He_Bplot_j19jp
21-eps-converted-to.pdf> <./Ar_Bplot_j19jp21-eps-converted-to.pdf>] [12]
Package epstopdf Info: Source file: <vectormodel_coplanar.eps>
(epstopdf)                    date: 2015-07-28 14:19:40
(epstopdf)                    size: 188934 bytes
(epstopdf)             Output file: <vectormodel_coplanar-eps-converted-to.pdf>

(epstopdf)                    date: 2015-07-28 14:19:59
(epstopdf)                    size: 8263 bytes
(epstopdf)             Command: <repstopdf --outfile=vectormodel_coplanar-eps-c
onverted-to.pdf vectormodel_coplanar.eps>
(epstopdf)             \includegraphics on input line 369.
Package epstopdf Info: Output file is already uptodate.

<vectormodel_coplanar-eps-converted-to.pdf, id=124, 614.295pt x 794.97pt>
File: vectormodel_coplanar-eps-converted-to.pdf Graphic file (type pdf)

<use vectormodel_coplanar-eps-converted-to.pdf>
Package pdftex.def Info: vectormodel_coplanar-eps-converted-to.pdf used on inpu
t line 369.
(pdftex.def)             Requested size: 147.66814pt x 191.10214pt.
Package epstopdf Info: Source file: <vectormodel_thetaprime_distribution.eps>
(epstopdf)                    date: 2015-07-28 14:26:47
(epstopdf)                    size: 435109 bytes
(epstopdf)             Output file: <vectormodel_thetaprime_distribution-eps-co
nverted-to.pdf>
(epstopdf)                    date: 2015-07-28 14:27:01
(epstopdf)                    size: 32811 bytes
(epstopdf)             Command: <repstopdf --outfile=vectormodel_thetaprime_dis
tribution-eps-converted-to.pdf vectormodel_thetaprime_distribution.eps>
(epstopdf)             \includegraphics on input line 375.
Package epstopdf Info: Output file is already uptodate.

<vectormodel_thetaprime_distribution-eps-converted-to.pdf, id=125, 362.35374pt 
x 299.1175pt>
File: vectormodel_thetaprime_distribution-eps-converted-to.pdf Graphic file (ty
pe pdf)
 <use vectormodel_thetaprime_distribution-eps-converted-to.pdf>
Package pdftex.def Info: vectormodel_thetaprime_distribution-eps-converted-to.p
df used on input line 375.
(pdftex.def)             Requested size: 231.5075pt x 191.10214pt.

Overfull \hbox (40.40536pt too wide) in paragraph at lines 375--376
[][] 
 []

[13

] [14 <./vectormodel_coplanar-eps-converted-to.pdf> <./vectormodel_thetaprime_d
istribution-eps-converted-to.pdf>]
Package epstopdf Info: Source file: <SC_theta_thetaprime_distribution.eps>
(epstopdf)                    date: 2015-07-28 15:02:36
(epstopdf)                    size: 383905 bytes
(epstopdf)             Output file: <SC_theta_thetaprime_distribution-eps-conve
rted-to.pdf>
(epstopdf)                    date: 2015-07-28 15:02:43
(epstopdf)                    size: 42235 bytes
(epstopdf)             Command: <repstopdf --outfile=SC_theta_thetaprime_distri
bution-eps-converted-to.pdf SC_theta_thetaprime_distribution.eps>
(epstopdf)             \includegraphics on input line 430.
Package epstopdf Info: Output file is already uptodate.

<SC_theta_thetaprime_distribution-eps-converted-to.pdf, id=156, 341.275pt x 299
.1175pt>
File: SC_theta_thetaprime_distribution-eps-converted-to.pdf Graphic file (type 
pdf)
 <use SC_theta_thetaprime_distribution-eps-converted-to.pdf>
Package pdftex.def Info: SC_theta_thetaprime_distribution-eps-converted-to.pdf 
used on input line 430.
(pdftex.def)             Requested size: 312.00119pt x 273.47531pt.
Package epstopdf Info: Source file: <He_cs_jb30_dj4.eps>
(epstopdf)                    date: 2015-07-28 15:10:22
(epstopdf)                    size: 63528 bytes
(epstopdf)             Output file: <He_cs_jb30_dj4-eps-converted-to.pdf>
(epstopdf)                    date: 2015-07-28 15:13:39
(epstopdf)                    size: 20705 bytes
(epstopdf)             Command: <repstopdf --outfile=He_cs_jb30_dj4-eps-convert
ed-to.pdf He_cs_jb30_dj4.eps>
(epstopdf)             \includegraphics on input line 447.
Package epstopdf Info: Output file is already uptodate.

<He_cs_jb30_dj4-eps-converted-to.pdf, id=157, 361.35pt x 252.945pt>
File: He_cs_jb30_dj4-eps-converted-to.pdf Graphic file (type pdf)

<use He_cs_jb30_dj4-eps-converted-to.pdf>
Package pdftex.def Info: He_cs_jb30_dj4-eps-converted-to.pdf used on input line
 447.
(pdftex.def)             Requested size: 312.00119pt x 218.40073pt.
 [15 <./SC_theta_thetaprime_distribution-eps-converted-to.pdf>]
Package epstopdf Info: Source file: <He_cs_jb20_dj4.eps>
(epstopdf)                    date: 2015-07-28 15:10:22
(epstopdf)                    size: 64671 bytes
(epstopdf)             Output file: <He_cs_jb20_dj4-eps-converted-to.pdf>
(epstopdf)                    date: 2015-07-28 15:29:27
(epstopdf)                    size: 22082 bytes
(epstopdf)             Command: <repstopdf --outfile=He_cs_jb20_dj4-eps-convert
ed-to.pdf He_cs_jb20_dj4.eps>
(epstopdf)             \includegraphics on input line 460.
Package epstopdf Info: Output file is already uptodate.

<He_cs_jb20_dj4-eps-converted-to.pdf, id=174, 361.35pt x 252.945pt>
File: He_cs_jb20_dj4-eps-converted-to.pdf Graphic file (type pdf)

<use He_cs_jb20_dj4-eps-converted-to.pdf>
Package pdftex.def Info: He_cs_jb20_dj4-eps-converted-to.pdf used on input line
 460.
(pdftex.def)             Requested size: 191.10214pt x 133.77074pt.
Package epstopdf Info: Source file: <He_cs_jb10_dj4.eps>
(epstopdf)                    date: 2015-07-28 15:10:22
(epstopdf)                    size: 66532 bytes
(epstopdf)             Output file: <He_cs_jb10_dj4-eps-converted-to.pdf>
(epstopdf)                    date: 2015-07-28 15:29:28
(epstopdf)                    size: 24538 bytes
(epstopdf)             Command: <repstopdf --outfile=He_cs_jb10_dj4-eps-convert
ed-to.pdf He_cs_jb10_dj4.eps>
(epstopdf)             \includegraphics on input line 461.
Package epstopdf Info: Output file is already uptodate.

<He_cs_jb10_dj4-eps-converted-to.pdf, id=175, 361.35pt x 252.945pt>
File: He_cs_jb10_dj4-eps-converted-to.pdf Graphic file (type pdf)

<use He_cs_jb10_dj4-eps-converted-to.pdf>
Package pdftex.def Info: He_cs_jb10_dj4-eps-converted-to.pdf used on input line
 461.
(pdftex.def)             Requested size: 191.10214pt x 133.77074pt.
Package epstopdf Info: Source file: <QM_m_mprime_distribution.eps>
(epstopdf)                    date: 2015-07-28 15:41:03
(epstopdf)                    size: 211761 bytes
(epstopdf)             Output file: <QM_m_mprime_distribution-eps-converted-to.
pdf>
(epstopdf)                    date: 2015-07-28 15:41:25
(epstopdf)                    size: 40148 bytes
(epstopdf)             Command: <repstopdf --outfile=QM_m_mprime_distribution-e
ps-converted-to.pdf QM_m_mprime_distribution.eps>
(epstopdf)             \includegraphics on input line 476.
Package epstopdf Info: Output file is already uptodate.

<QM_m_mprime_distribution-eps-converted-to.pdf, id=176, 361.35pt x 252.945pt>
File: QM_m_mprime_distribution-eps-converted-to.pdf Graphic file (type pdf)

<use QM_m_mprime_distribution-eps-converted-to.pdf>
Package pdftex.def Info: QM_m_mprime_distribution-eps-converted-to.pdf used on 
input line 476.
(pdftex.def)             Requested size: 312.00119pt x 218.40073pt.
Package epstopdf Info: Source file: <SC_m_mprime_distribution.eps>
(epstopdf)                    date: 2015-07-29 16:43:06
(epstopdf)                    size: 422970 bytes
(epstopdf)             Output file: <SC_m_mprime_distribution-eps-converted-to.
pdf>
(epstopdf)                    date: 2015-07-29 16:44:47
(epstopdf)                    size: 45280 bytes
(epstopdf)             Command: <repstopdf --outfile=SC_m_mprime_distribution-e
ps-converted-to.pdf SC_m_mprime_distribution.eps>
(epstopdf)             \includegraphics on input line 491.
Package epstopdf Info: Output file is already uptodate.

<SC_m_mprime_distribution-eps-converted-to.pdf, id=177, 345.29pt x 224.84pt>
File: SC_m_mprime_distribution-eps-converted-to.pdf Graphic file (type pdf)

<use SC_m_mprime_distribution-eps-converted-to.pdf>
Package pdftex.def Info: SC_m_mprime_distribution-eps-converted-to.pdf used on 
input line 491.
(pdftex.def)             Requested size: 312.00119pt x 203.16722pt.
 [16 <./He_cs_jb30_dj4-eps-converted-to.pdf>] [17 <./He_cs_jb20_dj4-eps-convert
ed-to.pdf> <./He_cs_jb10_dj4-eps-converted-to.pdf> <./QM_m_mprime_distribution-
eps-converted-to.pdf>]
[18 <./SC_m_mprime_distribution-eps-converted-to.pdf>] [19

] (./draft2.bbl)
[20

] (./draft2.aux) ) 
Here is how much of TeX's memory you used:
 3327 strings out of 493304
 52068 string characters out of 6139871
 113633 words of memory out of 5000000
 6746 multiletter control sequences out of 15000+600000
 11073 words of font info for 40 fonts, out of 8000000 for 9000
 957 hyphenation exceptions out of 8191
 42i,8n,40p,325b,476s stack positions out of 5000i,500n,10000p,200000b,80000s
</usr/share/texlive/texmf-dist/fonts/type1/public/amsfonts/cm
/cmbx12.pfb></usr/share/texlive/texmf-dist/fonts/type1/public/amsfonts/cm/cmex1
0.pfb></usr/share/texlive/texmf-dist/fonts/type1/public/amsfonts/cm/cmmi10.pfb>
</usr/share/texlive/texmf-dist/fonts/type1/public/amsfonts/cm/cmmi12.pfb></usr/
share/texlive/texmf-dist/fonts/type1/public/amsfonts/cm/cmmi8.pfb></usr/share/t
exlive/texmf-dist/fonts/type1/public/amsfonts/cm/cmr10.pfb></usr/share/texlive/
texmf-dist/fonts/type1/public/amsfonts/cm/cmr12.pfb></usr/share/texlive/texmf-d
ist/fonts/type1/public/amsfonts/cm/cmr17.pfb></usr/share/texlive/texmf-dist/fon
ts/type1/public/amsfonts/cm/cmr8.pfb></usr/share/texlive/texmf-dist/fonts/type1
/public/amsfonts/cm/cmsy10.pfb></usr/share/texlive/texmf-dist/fonts/type1/publi
c/amsfonts/cm/cmsy6.pfb></usr/share/texlive/texmf-dist/fonts/type1/public/amsfo
nts/cm/cmsy8.pfb>
Output written on draft2.pdf (21 pages, 602309 bytes).
PDF statistics:
 277 PDF objects out of 1000 (max. 8388607)
 188 compressed objects within 2 object streams
 0 named destinations out of 1000 (max. 500000)
 81 words of extra memory for PDF output out of 10000 (max. 10000000)

