18 19 15.897083 31.267517 977.657604 14.976813 26.338640 693.723974
19 20 15.775025 31.277046 978.253627 14.823217 26.293660 691.356538
20 21 15.570734 31.095887 966.954188 14.620943 26.178558 685.316905
21 22 15.499362 31.010299 961.638654 14.544074 26.156950 684.186008
18 20 18.599201 32.912026 1083.201464 18.296594 26.514300 703.008122
19 21 18.387014 32.682677 1068.157369 18.060330 26.460358 700.150539
20 22 18.598002 33.262373 1106.385480 18.155592 26.982917 728.077814
18 21 34.867340 43.629788 1903.558373 32.886012 33.321466 1110.320130
19 22 34.569100 43.413889 1884.765765 32.557099 33.353541 1112.458711
18 22 40.135272 44.951753 2020.660124 38.066925 32.691094 1068.707618
18 19 15.897083 31.267517 977.657604 14.976813 26.338640 693.723974
19 20 15.775025 31.277046 978.253627 14.823217 26.293660 691.356538
20 21 15.570734 31.095887 966.954188 14.620943 26.178558 685.316905
21 22 15.499362 31.010299 961.638654 14.544074 26.156950 684.186008
18 20 18.599201 32.912026 1083.201464 18.296594 26.514300 703.008122
19 21 18.387014 32.682677 1068.157369 18.060330 26.460358 700.150539
20 22 18.598002 33.262373 1106.385480 18.155592 26.982917 728.077814
18 21 34.867340 43.629788 1903.558373 32.886012 33.321466 1110.320130
19 22 34.569100 43.413889 1884.765765 32.557099 33.353541 1112.458711
18 22 40.135272 44.951753 2020.660124 38.066925 32.691094 1068.707618
18 19 15.897083 31.267517 977.657604 14.976813 26.338640 693.723974
19 20 15.775025 31.277046 978.253627 14.823217 26.293660 691.356538
20 21 15.570734 31.095887 966.954188 14.620943 26.178558 685.316905
21 22 15.499362 31.010299 961.638654 14.544074 26.156950 684.186008
18 20 18.599201 32.912026 1083.201464 18.296594 26.514300 703.008122
19 21 18.387014 32.682677 1068.157369 18.060330 26.460358 700.150539
20 22 18.598002 33.262373 1106.385480 18.155592 26.982917 728.077814
18 21 34.867340 43.629788 1903.558373 32.886012 33.321466 1110.320130
19 22 34.569100 43.413889 1884.765765 32.557099 33.353541 1112.458711
18 22 40.135272 44.951753 2020.660124 38.066925 32.691094 1068.707618
18 19 15.897083 31.267517 977.657604 14.976813 26.338640 693.723974
19 20 15.775025 31.277046 978.253627 14.823217 26.293660 691.356538
20 21 15.570734 31.095887 966.954188 14.620943 26.178558 685.316905
21 22 15.499362 31.010299 961.638654 14.544074 26.156950 684.186008
18 20 18.599201 32.912026 1083.201464 18.296594 26.514300 703.008122
19 21 18.387014 32.682677 1068.157369 18.060330 26.460358 700.150539
20 22 18.598002 33.262373 1106.385480 18.155592 26.982917 728.077814
18 21 34.867340 43.629788 1903.558373 32.886012 33.321466 1110.320130
19 22 34.569100 43.413889 1884.765765 32.557099 33.353541 1112.458711
18 22 40.135272 44.951753 2020.660124 38.066925 32.691094 1068.707618
