1 2 71.726193 52.178489 2722.594751 65.755494 29.227682 854.257394
2 3 66.179725 52.644645 2771.458680 60.032448 38.102557 1451.804880
3 4 63.170443 52.727454 2780.184354 56.842194 40.113186 1609.067665
4 5 60.618933 52.428888 2748.788324 54.302171 40.647804 1652.244010
5 6 58.121853 51.859597 2689.417829 51.963813 40.617604 1649.789749
6 7 55.635328 51.113295 2612.568900 49.724119 40.312341 1625.084831
7 8 53.034374 50.133871 2513.405032 47.461142 39.789121 1583.174168
8 9 50.514944 49.096269 2410.443641 45.289362 39.172182 1534.459867
9 10 48.038462 47.960702 2300.228969 43.177496 38.465043 1479.559571
10 11 45.683617 46.805055 2190.713133 41.173220 37.716741 1422.552589
11 12 43.428814 45.607117 2080.009129 39.261190 36.925784 1363.513547
12 13 41.303890 44.410498 1972.292342 37.457737 36.118174 1304.522508
13 14 39.339473 43.260189 1871.443955 35.783145 35.322421 1247.673396
14 15 37.439307 42.041743 1767.508164 34.173122 34.485399 1189.242761
15 16 35.766066 40.994888 1680.580833 32.731653 33.727679 1137.556326
16 17 34.187669 39.946135 1595.693670 31.373735 32.972177 1087.164483
17 18 32.673576 38.859143 1510.032999 30.077017 32.197066 1036.651048
18 19 31.327187 37.911953 1437.316188 28.907499 31.492282 991.763830
19 20 30.110202 37.067273 1373.982693 27.838821 30.845101 951.420277
20 21 28.999303 36.290587 1317.006714 26.857254 30.240846 914.508766
21 22 27.776406 35.200608 1239.082770 25.818348 29.484973 869.363619
22 23 26.131073 33.200714 1102.287443 24.505736 28.254701 798.328124
23 24 24.373160 30.809967 949.254093 23.107530 26.775728 716.939598
24 25 22.881496 28.800061 829.443501 21.879085 25.442775 647.334792
25 26 21.504193 26.870284 722.012160 20.726475 24.133409 582.421412
26 27 20.232518 24.984990 624.249721 19.651155 22.843131 521.808619
27 28 19.151025 23.373312 546.311714 18.714488 21.682481 470.129991
28 29 18.176130 21.898076 479.525724 17.858909 20.609250 424.741177
29 30 17.290349 20.545957 422.136333 17.071377 19.610084 384.555385
30 31 16.482213 19.386369 375.831316 16.334940 18.702550 349.785367
31 32 15.833775 18.388935 338.152923 15.737424 17.884653 319.860827
32 33 15.236277 17.482846 305.649896 15.179710 17.116361 292.969831
33 34 14.707982 16.705849 279.085407 14.682044 16.443536 270.389880
34 35 14.199774 16.011500 256.368139 14.197595 15.831826 250.646708
35 36 13.755695 15.428230 238.030293 13.772368 15.313293 234.496958
36 37 13.288731 14.812423 219.407863 13.321429 14.751352 217.602393
37 38 12.943294 14.287715 204.138806 12.988191 14.274229 203.753619
38 39 12.792048 13.838132 191.493887 12.842719 13.866855 192.289667
39 40 12.626304 13.412388 179.892139 12.680854 13.472587 181.510591
40 41 12.204948 12.902420 166.472448 12.267907 12.988977 168.713519
41 42 11.906647 12.526382 156.910254 11.973329 12.635692 159.660718
42 43 11.859984 12.264282 150.412614 11.926288 12.394430 153.621895
43 44 11.789608 12.030130 144.724030 11.854686 12.176705 148.272151
44 45 11.601738 11.667520 136.131024 11.669942 11.831801 139.991519
45 46 11.546529 11.511880 132.523384 11.610986 11.683626 136.507113
46 47 12.169817 11.660563 135.968723 12.222943 11.854151 140.520887
47 48 13.066663 11.910417 141.858041 13.099126 12.071298 145.716237
48 49 13.648552 11.748873 138.036023 13.650113 11.959572 143.031367
49 50 14.394728 12.761805 162.863673 14.389259 12.905527 166.552624
1 3 62.140520 47.434772 2250.057607 60.298477 nan nan
2 4 49.285757 43.856134 1923.360460 48.674535 nan nan
3 5 40.667563 40.078167 1606.259484 40.713628 16.254125 264.196595
4 6 34.499618 36.726082 1348.805075 34.916980 19.940819 397.636265
5 7 29.917676 33.880152 1147.864721 30.543009 20.823031 433.598605
6 8 26.475549 31.619336 999.782402 27.197336 20.879187 435.940430
7 9 23.788290 29.759742 885.642224 24.552414 20.602312 424.455268
8 10 21.740650 28.451921 809.511821 22.490432 20.355696 414.354358
9 11 20.058326 27.327987 746.818895 20.787672 20.041642 401.667411
10 12 18.721671 26.538922 704.314394 19.408575 19.817336 392.726788
11 13 17.614210 25.916585 671.669387 18.255484 19.626433 385.196876
12 14 16.607658 25.215835 635.838357 17.221706 19.337600 373.942775
13 15 15.787211 24.755355 612.827580 16.359335 19.150929 366.758087
14 16 15.048862 24.285982 589.808929 15.588365 18.938500 358.666800
15 17 14.320352 23.637348 558.724223 14.849067 18.597617 345.871372
16 18 13.690410 23.119697 534.520389 14.200292 18.307575 335.167305
17 19 13.113635 22.610338 511.227382 13.608311 18.011369 324.409425
18 20 12.396829 21.492057 461.908521 12.928111 17.349116 300.991833
19 21 11.710145 20.325735 413.135504 12.276661 16.620521 276.241723
20 22 11.157850 19.513569 380.779389 11.729875 16.066518 258.133010
21 23 10.666844 18.825816 354.411352 11.238246 15.587663 242.975245
22 24 10.198332 18.050349 325.815102 10.774214 15.058765 226.766397
23 25 9.706929 17.121195 293.135322 10.298740 14.444478 208.642939
24 26 9.298454 16.234728 263.566390 9.898298 13.832802 191.346421
25 27 8.890221 15.539077 241.462926 9.488479 13.323244 177.508827
26 28 8.546759 14.659463 214.899854 9.153057 12.732918 162.127200
27 29 8.136855 13.617440 185.434662 8.755008 12.031738 144.762717
28 30 7.904609 12.788987 163.558201 8.529487 11.474320 131.660010
29 31 7.606296 12.025663 144.616569 8.226746 10.907978 118.983987
30 32 7.416076 11.524670 132.818020 8.035128 10.558876 111.489857
31 33 7.192005 10.960766 120.138393 7.798030 10.103393 102.078553
32 34 7.032300 10.607505 112.519161 7.631021 9.837101 96.768562
33 35 6.871054 10.208777 104.219130 7.457116 9.504684 90.339022
34 36 6.832172 10.055307 101.109200 7.411362 9.414567 88.634068
35 37 6.756500 9.786715 95.779794 7.322380 9.196142 84.569029
36 38 6.670370 9.673517 93.576929 7.227549 9.128301 83.325880
37 39 6.591659 9.414013 88.623631 7.135250 8.903588 79.273874
38 40 6.507108 9.228693 85.168782 7.037441 8.753026 76.615466
39 41 6.458091 9.098271 82.778542 6.977275 8.654704 74.903898
40 42 6.709664 9.425677 88.843391 7.225012 9.017154 81.309069
41 43 6.558573 9.223363 85.070430 7.068228 8.837784 78.106420
42 44 6.347726 8.986388 80.755161 6.838647 8.618747 74.282806
43 45 6.652611 9.284840 86.208254 7.139719 8.944228 79.999207
44 46 6.865887 9.413885 88.621236 7.345803 9.092880 82.680463
45 47 7.030720 9.395717 88.279494 7.483413 9.099285 82.796990
46 48 7.085441 9.701765 94.124244 7.529906 9.410779 88.562759
47 49 7.987347 10.369053 107.517265 8.398563 10.091230 101.832915
48 50 7.767500 9.806014 96.157902 8.157225 9.548464 91.173171
1 4 81.542507 52.041655 2708.333872 78.228053 nan nan
2 5 77.308466 52.449686 2750.969567 73.214223 nan nan
3 6 73.757856 52.276392 2732.821173 69.244984 nan nan
4 7 70.416672 51.871496 2690.652100 65.745357 19.312743 372.982026
5 8 67.205858 51.317734 2633.509830 62.542019 25.491216 649.802103
6 9 63.953259 50.548566 2555.157542 59.447835 28.541746 814.631262
7 10 60.859615 49.718477 2471.926964 56.560786 30.264677 915.950675
8 11 57.859040 48.778650 2379.356666 53.816607 31.226594 975.100189
9 12 55.029724 47.802518 2285.080734 51.251955 31.736580 1007.210509
10 13 52.335873 46.764153 2186.885961 48.834275 31.928998 1019.460913
11 14 49.805847 45.708670 2089.282500 46.572735 31.911757 1018.360250
12 15 47.470137 44.681832 1996.466094 44.482985 31.764508 1008.983952
13 16 45.215774 43.565990 1897.995463 42.486825 31.465051 990.049438
14 17 43.231457 42.613753 1815.931930 40.702102 31.163948 971.191663
15 18 41.356570 41.643118 1734.149312 39.022949 30.796901 948.449108
16 19 39.562411 40.618334 1649.849050 37.427447 30.353266 921.320766
17 20 37.963627 39.727879 1578.304365 35.985957 29.936835 896.214095
18 21 36.519740 38.938809 1516.230880 34.671073 29.546652 873.004634
19 22 35.197325 38.206059 1459.702956 33.460173 29.165545 850.628989
20 23 33.748308 37.131758 1378.767429 32.190933 28.596672 817.769636
21 24 31.777757 35.048078 1228.367763 30.585112 27.475634 754.910440
22 25 29.667877 32.534234 1058.476389 28.874591 26.061307 679.191740
23 26 27.864696 30.402868 924.334359 27.356803 24.763784 613.245013
24 27 26.213517 28.373531 805.057289 25.945676 23.494424 551.987947
25 28 24.626223 26.327845 693.155416 24.572165 22.183053 492.087824
26 29 23.290316 24.614068 605.852334 23.387143 21.030028 442.262067
27 30 22.144993 23.022608 530.040461 22.359444 19.943420 397.739991
28 31 21.066610 21.574567 465.461935 21.375577 18.940915 358.758270
29 32 20.130818 20.322151 412.989829 20.502574 18.019053 324.686267
30 33 19.234434 19.219513 369.389691 19.650159 17.161201 294.506819
31 34 18.551577 18.269481 333.773947 18.993679 16.401876 269.021550
32 35 17.832142 17.400467 302.776264 18.294362 15.687895 246.110040
33 36 17.322683 16.708133 279.161707 17.791955 15.124431 228.748404
34 37 16.684563 16.026037 256.833852 17.160687 14.553683 211.809686
35 38 16.231329 15.436053 238.271728 16.707829 14.056291 197.579327
36 39 15.744085 14.785098 218.599109 16.217823 13.491922 182.031964
37 40 15.632455 14.364895 206.350198 16.089488 13.152357 172.984497
38 41 15.270950 13.785461 190.038930 15.718343 12.637669 159.710690
39 42 14.767662 13.319328 177.404507 15.212350 12.225714 149.468086
40 43 14.473026 12.872404 165.698781 14.899079 11.843844 140.276651
41 44 14.361598 12.696557 161.202558 14.783809 11.717375 137.296887
42 45 14.087649 12.167369 148.044868 14.490560 11.238669 126.307672
43 46 13.666665 11.895652 141.506547 14.063331 11.001813 121.039892
44 47 13.805768 11.733797 137.681981 14.208059 10.865156 118.051604
45 48 14.629775 11.850707 140.439258 14.985409 11.032747 121.721505
46 49 15.525050 11.838356 140.146681 15.776060 11.120058 123.655682
47 50 15.890193 12.354031 152.622071 16.139802 11.659587 135.945977
1 5 71.232148 49.753362 2475.397069 70.321351 nan nan
2 6 59.891157 47.329781 2240.108173 60.025594 nan nan
3 7 51.586456 44.553350 1985.000975 52.322226 nan nan
4 8 45.263941 41.954941 1760.217102 46.356149 nan nan
5 9 40.457540 39.801583 1584.166008 41.726933 nan nan
6 10 36.660546 37.959653 1440.935267 38.018036 nan nan
7 11 33.798351 36.702146 1347.047537 35.140375 9.475128 89.778047
8 12 31.420478 35.574821 1265.567923 32.737909 13.466329 181.342020
9 13 29.559067 34.824580 1212.751369 30.807153 15.842666 250.990078
10 14 28.019014 34.233339 1171.921469 29.191335 17.430291 303.815055
11 15 26.575773 33.488685 1121.492042 27.707598 18.371183 337.500378
12 16 25.426109 33.041363 1091.731665 26.485380 19.172493 367.584502
13 17 24.374542 32.548601 1059.411407 25.379033 19.714300 388.653639
14 18 23.283271 31.786484 1010.380548 24.276523 19.907778 396.319641
15 19 22.347769 31.190520 972.848517 23.310968 20.067330 402.697718
16 20 21.482788 30.592273 935.887152 22.422333 20.133146 405.343567
17 21 20.298927 29.124670 848.246401 21.321156 19.582485 383.473727
18 22 19.130219 27.569365 760.069887 20.230474 18.869325 356.051420
19 23 18.235713 26.540178 704.381042 19.351013 18.407813 338.847584
20 24 17.438318 25.627368 656.761994 18.554524 17.981905 323.348905
21 25 16.642386 24.622251 606.255248 17.775331 17.485145 305.730312
22 26 15.782990 23.249872 540.556532 16.948949 16.709755 279.215913
23 27 15.010580 22.116857 489.155364 16.201686 16.075046 258.407111
24 28 14.406513 21.113447 445.777631 15.591142 15.460713 239.033661
25 29 13.683548 19.863730 394.567763 14.886054 14.711468 216.427288
26 30 13.091781 18.340278 336.365782 14.308676 13.759577 189.325958
27 31 12.423933 17.032521 290.106768 13.645209 12.898897 166.381542
28 32 12.146521 16.103884 259.335094 13.362771 12.318909 151.755522
29 33 11.659549 15.125392 228.777474 12.849224 11.606272 134.705556
30 34 11.340895 14.520679 210.850124 12.519837 11.223542 125.967905
31 35 11.054846 13.865022 192.238844 12.194664 10.742874 115.409346
32 36 10.943395 13.472946 181.520273 12.065653 10.512529 110.513274
33 37 10.637705 12.896237 166.312930 11.727045 10.059670 101.196954
34 38 10.601149 12.766507 162.983697 11.678814 10.082944 101.665764
35 39 10.519966 12.398888 153.732431 11.563703 9.827251 96.574860
36 40 10.238778 12.051761 145.244937 11.257314 9.580875 91.793167
37 41 9.993794 11.702072 136.938496 10.989089 9.321844 86.896780
38 42 10.238412 11.794916 139.120037 11.219026 9.540682 91.024606
39 43 10.145679 11.566379 133.781129 11.103817 9.393095 88.230234
40 44 10.109381 11.461464 131.365156 11.027451 9.386871 88.113342
41 45 10.206740 11.435615 130.773301 11.126833 9.434399 89.007881
42 46 9.716322 11.034486 121.759885 10.628498 9.084271 82.523978
43 47 9.859555 10.838613 117.475531 10.725527 8.960418 80.289082
44 48 10.040482 11.012035 121.264923 10.875771 9.227595 85.148509
45 49 10.606001 11.175037 124.881454 11.393871 9.471570 89.710630
46 50 10.367301 10.689028 114.255319 11.097761 9.024042 81.433343
1 6 84.358811 51.943782 2698.156440 82.065833 nan nan
2 7 80.336423 52.144250 2719.022835 77.455342 nan nan
3 8 76.646271 51.866973 2690.182882 73.445162 nan nan
4 9 73.141147 51.431124 2645.160504 69.805469 nan nan
5 10 69.613996 50.788681 2579.490123 66.316465 nan nan
6 11 66.277980 50.085684 2508.575725 63.084033 nan nan
7 12 63.049130 49.266151 2427.153682 60.025826 13.518080 182.738485
8 13 60.009170 48.402139 2342.767065 57.177658 18.670023 348.569769
9 14 57.114275 47.464195 2252.849760 54.498052 21.554728 464.606282
10 15 54.395871 46.498995 2162.156578 51.996143 23.366917 546.012811
11 16 51.885131 45.551642 2074.952082 49.686093 24.563365 603.358893
12 17 49.457560 44.502612 1980.482512 47.479764 25.288229 639.494551
13 18 47.323881 43.613819 1902.165169 45.509730 25.811919 666.255182
14 19 45.304973 42.695533 1822.908502 43.656124 26.113385 681.908862
15 20 43.363541 41.710872 1739.796818 41.888791 26.217800 687.373029
16 21 41.645977 40.863356 1669.813841 40.301972 26.271248 690.178476
17 22 40.083935 40.107237 1608.590421 38.845326 26.281654 690.725354
18 23 38.672548 39.415375 1553.571801 37.521057 26.256751 689.416995
19 24 37.080861 38.334229 1469.513109 36.098751 25.959769 673.909628
20 25 34.907106 36.204941 1310.797782 34.299153 25.028561 626.428859
21 26 32.552090 33.594168 1128.568106 32.358351 23.719026 562.592201
22 27 30.580892 31.423655 987.446063 30.671514 22.545534 508.301086
23 28 28.666848 29.266132 856.506475 29.006350 21.305725 453.933932
24 29 26.985593 27.185090 739.029106 27.526704 20.080137 403.211895
25 30 25.556412 25.365849 643.426292 26.227524 18.942427 358.815540
26 31 24.221830 23.720927 562.682401 25.006658 17.901326 320.457486
27 32 23.038855 22.173471 491.662812 23.908239 16.887920 285.201846
28 33 21.886838 20.872086 435.643963 22.813492 15.993234 255.783535
29 34 21.099077 19.746434 389.921645 22.040277 15.181782 230.486504
30 35 20.154193 18.676579 348.814613 21.109277 14.361640 206.256714
31 36 19.536733 17.839135 318.234748 20.483758 13.742616 188.859492
32 37 18.834615 17.057717 290.965724 19.774945 13.152134 172.978635
33 38 18.356885 16.447377 270.516220 19.289829 12.705977 161.441840
34 39 17.641358 15.697541 246.412809 18.554311 12.101138 146.437532
35 40 17.347046 15.186025 230.615354 18.233513 11.737662 137.772707
36 41 17.031127 14.545106 211.560115 17.889082 11.206575 125.587318
37 42 16.715616 14.075817 198.128616 17.537900 10.861048 117.962371
38 43 16.100024 13.500663 182.267891 16.906751 10.377301 107.688381
39 44 15.809458 13.206536 174.412586 16.599782 10.202072 104.082282
40 45 15.455532 12.709501 161.531415 16.225537 9.774183 95.534648
41 46 15.234177 12.478240 155.706463 15.967742 9.665025 93.412703
42 47 14.874781 12.071049 145.710235 15.646753 9.261263 85.771001
43 48 15.130481 12.114172 146.753167 15.875876 9.424857 88.827937
44 49 16.230605 12.117937 146.844399 16.814692 9.662320 93.360421
45 50 16.198970 12.201721 148.881986 16.778580 9.847328 96.969859
1 7 74.680766 50.350509 2535.173744 74.267124 nan nan
2 8 64.985136 48.743306 2375.909853 65.499321 nan nan
3 9 57.587893 46.731823 2183.863280 58.649507 nan nan
4 10 51.938275 44.953002 2020.772395 53.294872 nan nan
5 11 47.428846 43.349740 1879.199955 48.954999 nan nan
6 12 44.071756 42.297455 1789.074724 45.612590 nan nan
7 13 41.246608 41.293245 1705.132113 42.788904 nan nan
8 14 39.069768 40.670111 1654.057929 40.540097 nan nan
9 15 37.264944 40.170304 1613.653361 38.651858 nan nan
10 16 35.519595 39.453655 1556.590865 36.874007 6.690374 44.761098
11 17 34.156286 39.061119 1525.771044 35.424578 11.879545 141.123586
12 18 32.888047 38.591001 1489.265331 34.095501 14.679699 215.493555
13 19 31.508514 37.778476 1427.213243 32.721900 16.272020 264.778621
14 20 30.334701 37.160918 1380.933801 31.520603 17.493251 306.013832
15 21 29.234317 36.516539 1333.457585 30.402534 18.359085 337.055998
16 22 27.600712 34.818230 1212.309148 28.919919 18.237463 332.605047
17 23 25.997419 33.027319 1090.803781 27.454816 17.825195 317.737567
18 24 24.734777 31.803821 1011.483051 26.232703 17.630586 310.837579
19 25 23.671480 30.809183 949.205782 25.187319 17.521147 306.990608
20 26 22.543151 29.557385 873.638983 24.093117 17.144379 293.929741
21 27 21.416474 28.098826 789.544048 23.036699 16.594115 275.364644
22 28 20.279763 26.486858 701.553628 21.932632 15.768009 248.630108
23 29 19.281512 25.385091 644.402839 20.957215 15.287751 233.715333
24 30 18.336777 23.719261 562.603360 20.033619 14.359105 206.183889
25 31 17.209835 21.882933 478.862771 18.963516 13.284302 176.472685
26 32 16.636775 20.247262 409.951604 18.371077 12.250342 150.070886
27 33 15.766035 18.817358 354.092975 17.482389 11.269738 127.007004
28 34 15.435744 17.941066 321.881854 17.133130 10.817307 117.014137
29 35 14.804937 16.914658 286.105661 16.454845 10.081583 101.638322
30 36 14.520392 16.258197 264.328974 16.140046 9.721138 94.500527
31 37 14.004652 15.455629 238.876479 15.573940 9.116320 83.107292
32 38 14.014477 15.114071 228.435145 15.546984 9.077139 82.394461
33 39 13.762163 14.542194 211.475418 15.248282 8.692263 75.555434
34 40 13.438658 14.268003 203.575917 14.915268 8.671417 75.193465
35 41 13.079964 13.714543 188.088688 14.503467 8.265470 68.317987
36 42 12.963550 13.381022 179.051739 14.337466 8.139369 66.249334
37 43 12.961443 13.190985 174.002074 14.312410 8.150700 66.433903
38 44 13.352165 13.225344 174.909728 14.642152 8.470842 71.755160
39 45 12.852402 12.928734 167.152161 14.177912 8.273898 68.457391
40 46 11.881870 12.343884 152.371474 13.190979 7.758793 60.198876
41 47 12.176331 11.931227 142.354182 13.380929 7.463051 55.697137
42 48 12.288305 11.920461 142.097380 13.459100 7.651553 58.546269
43 49 12.854710 12.207733 149.028741 13.987503 8.204982 67.321737
44 50 12.347998 11.806306 139.388864 13.426177 7.902568 62.450588
1 8 84.940884 51.863987 2689.873156 83.308471 nan nan
2 9 81.017547 52.002520 2704.262076 79.010706 nan nan
3 10 77.357678 51.690664 2671.924710 75.145937 nan nan
4 11 73.681314 51.151139 2616.439050 71.437812 nan nan
5 12 70.215207 50.548122 2555.112636 68.009604 nan nan
6 13 66.854190 49.822534 2482.284887 64.762189 nan nan
7 14 63.690822 49.047378 2405.645301 61.739365 nan nan
8 15 60.672511 48.188366 2322.118571 58.892375 nan nan
9 16 57.833317 47.295083 2236.824858 56.231074 nan nan
10 17 55.207613 46.410943 2153.975658 53.771974 6.803143 46.282750
11 18 52.664875 45.415511 2062.568599 51.421136 12.533128 157.079305
12 19 50.430705 44.577700 1987.171355 49.321913 15.652963 245.015251
13 20 48.307337 43.700534 1909.736689 47.340116 17.655566 311.719014
14 21 46.276253 42.751179 1827.663341 45.460250 18.984951 360.428354
15 22 44.460124 41.932412 1758.327182 43.755351 19.993732 399.749316
16 23 42.825547 41.211812 1698.413409 42.205503 20.781573 431.873771
17 24 41.315790 40.532518 1642.885043 40.766799 21.381027 457.148310
18 25 39.643261 39.467337 1557.670665 39.252704 21.583308 465.839182
19 26 37.285886 37.265767 1388.737369 37.277804 20.931391 438.123116
20 27 34.781890 34.604818 1197.493426 35.189220 19.819485 392.811967
21 28 32.615139 32.322367 1044.735408 33.303743 18.759033 351.901337
22 29 30.668909 30.160890 909.679297 31.586694 17.691090 312.974663
23 30 28.715028 27.911706 779.063313 29.837445 16.441708 270.329766
24 31 27.131837 26.084021 680.376171 28.386702 15.405887 237.341344
25 32 25.717155 24.318360 591.382624 27.064815 14.342539 205.708432
26 33 24.337173 22.755366 517.806705 25.769524 13.395485 179.439011
27 34 23.365662 21.369701 456.664130 24.807876 12.490123 156.003165
28 35 22.206672 20.120181 404.821700 23.658945 11.598707 134.530008
29 36 21.441125 19.100582 364.832219 22.873761 10.894318 118.686159
30 37 20.564863 18.143514 329.187098 21.981604 10.192748 103.892109
31 38 20.117107 17.447280 304.407576 21.499825 9.780615 95.660423
32 39 19.237589 16.682155 278.294285 20.604201 9.223180 85.067043
33 40 18.829629 16.071196 258.283356 20.148227 8.851636 78.351451
34 41 18.380032 15.317431 234.623690 19.653939 8.215524 67.494836
35 42 18.262665 14.917504 222.531924 19.484703 8.078027 65.254526
36 43 17.540266 14.176058 200.960623 18.717159 7.408331 54.883364
37 44 16.950383 13.752783 189.139043 18.112921 7.160019 51.265879
38 45 16.629341 13.316991 177.342247 17.760720 6.864033 47.114953
39 46 16.736559 13.188003 173.923434 17.823800 7.045131 49.633878
40 47 15.816446 12.554771 157.622287 16.951850 6.283015 39.476284
41 48 15.672791 12.576559 158.169828 16.797545 6.646065 44.170184
42 49 17.167538 12.511493 156.537450 18.069294 7.068275 49.960508
43 50 17.024431 12.392232 153.567425 17.901665 7.173718 51.462227
1 9 77.251709 50.780965 2578.706374 77.031230 nan nan
2 10 68.949355 49.739735 2474.041265 69.538063 nan nan
3 11 62.698422 48.459409 2348.314346 63.721785 nan nan
4 12 57.677777 47.190206 2226.915537 58.966903 nan nan
5 13 54.000698 46.401833 2153.130093 55.345633 nan nan
6 14 50.852188 45.567970 2076.439866 52.238577 nan nan
7 15 48.468854 45.101107 2034.109858 49.790389 nan nan
8 16 46.480727 44.707230 1998.736452 47.722157 nan nan
9 17 44.492857 44.048593 1940.278513 45.721991 nan nan
10 18 42.978038 43.730661 1912.370699 44.115099 nan nan
11 19 41.533090 43.294709 1874.431815 42.613427 nan nan
12 20 39.885113 42.468928 1803.609852 41.002869 nan nan
13 21 38.498298 41.861480 1752.383509 39.600627 7.238491 52.395755
14 22 37.189300 41.209464 1698.219914 38.289374 11.251079 126.586770
15 23 35.102937 39.350748 1548.481400 36.442262 12.428973 154.479360
16 24 32.977277 37.369525 1396.481369 34.542810 12.828378 164.567289
17 25 31.479890 36.134045 1305.669233 33.112008 13.533855 183.165220
18 26 30.085532 34.997431 1224.820187 31.759634 14.028376 196.795334
19 27 28.719596 33.733551 1137.952466 30.467289 14.236565 202.679781
20 28 26.883842 31.732942 1006.979616 28.767575 13.552097 183.659343
21 29 25.510739 30.275724 916.619490 27.490305 13.271460 176.131643
22 30 24.246346 28.763622 827.345976 26.238345 12.687682 160.977286
23 31 22.820978 27.021003 730.134592 24.906250 11.931031 142.349505
24 32 21.481889 24.563481 603.364619 23.601657 10.255883 105.183140
25 33 20.112869 22.654252 513.215136 22.275085 8.950780 80.116457
26 34 19.715012 21.228996 450.670261 21.823696 8.069759 65.121009
27 35 18.621194 19.789456 391.622586 20.701149 6.867806 47.166755
28 36 18.109253 18.895586 357.043185 20.169435 6.424535 41.274647
29 37 17.458994 17.897764 320.329952 19.446418 5.600097 31.361088
30 38 17.323025 17.208781 296.142150 19.242895 5.280011 27.878519
31 39 16.805266 16.405923 269.154295 18.664695 4.549590 20.698772
32 40 16.605356 16.164442 261.289181 18.466682 5.076903 25.774948
33 41 16.174841 15.384714 236.689418 17.930853 4.290594 18.409195
34 42 15.606770 14.880236 221.421423 17.317155 4.079988 16.646300
35 43 15.544575 14.612015 213.510978 17.239922 4.292324 18.424042
36 44 16.161687 14.531805 211.173344 17.769705 4.975632 24.756918
37 45 15.384514 14.206077 201.812610 17.050233 4.858910 23.609008
38 46 14.031064 13.772567 189.683596 15.729633 4.634434 21.477976
39 47 14.420816 13.114836 171.998927 15.964006 3.796732 14.415173
40 48 14.315026 12.870558 165.651276 15.795660 3.944346 15.557863
41 49 14.940997 13.273755 176.192569 16.414414 5.361897 28.749934
42 50 14.788938 13.009707 169.252482 16.171940 5.423683 29.416340
1 10 85.136654 51.815443 2684.840100 83.934900 nan nan
2 11 81.292998 51.924707 2696.175191 79.884047 nan nan
3 12 77.488559 51.519605 2654.269664 76.021040 nan nan
4 13 73.926248 51.021695 2603.213315 72.463117 nan nan
5 14 70.465482 50.391173 2539.270321 69.083984 nan nan
6 15 67.209571 49.706165 2470.702802 65.937798 nan nan
7 16 64.091444 48.927805 2393.930094 62.964603 nan nan
8 17 61.153670 48.109400 2314.514393 60.180905 nan nan
9 18 58.435484 47.290816 2236.421280 57.607211 nan nan
10 19 55.790858 46.351055 2148.420323 55.136619 nan nan
11 20 53.471073 45.568979 2076.531872 52.933193 nan nan
12 21 51.265131 44.736066 2001.315644 50.852463 nan nan
13 22 49.130399 43.819109 1920.114274 48.858242 nan nan
14 23 47.248195 43.041224 1852.546968 47.071317 5.025337 25.254008
15 24 45.523673 42.343800 1792.997431 45.419751 9.862185 97.262697
16 25 44.000022 41.712366 1739.921458 43.946514 12.560992 157.778525
17 26 42.212519 40.620134 1649.995247 42.313948 13.985185 195.585393
18 27 39.695609 38.375216 1472.657225 40.191303 13.953282 194.694071
19 28 36.913550 35.589153 1266.587796 37.846026 13.061318 170.598018
20 29 34.627091 33.309582 1109.528272 35.842857 12.305701 151.430281
21 30 32.280469 30.955985 958.273033 33.755474 11.193122 125.285984
22 31 30.373597 28.733611 825.620399 32.030324 10.040342 100.808465
23 32 28.621208 26.739027 714.975550 30.392488 8.811469 77.641992
24 33 26.998589 24.997344 624.867188 28.882905 7.725078 59.676831
25 34 25.781131 23.265179 541.268566 27.682903 6.386292 40.784719
26 35 24.374195 21.805454 475.477815 26.303642 5.072214 25.727359
27 36 23.473579 20.570122 423.129899 25.371420 3.757228 14.116763
28 37 22.285997 19.368027 375.120479 24.161892 1.317116 1.734794
29 38 21.780573 18.532938 343.469788 23.595571 nan nan
30 39 20.895245 17.726266 314.220495 22.690318 nan nan
31 40 20.402878 17.011798 289.401256 22.127770 nan nan
32 41 19.733489 16.179530 261.777204 21.401278 nan nan
33 42 19.647509 15.776316 248.892143 21.260576 nan nan
34 43 18.853061 14.916671 222.507059 20.405457 nan nan
35 44 18.009505 14.408501 207.604901 19.537585 nan nan
36 45 17.834222 13.997307 195.924592 19.315818 nan nan
37 46 18.142422 13.815677 190.872931 19.551331 nan nan
38 47 16.857684 13.178664 173.677179 18.349315 nan nan
39 48 16.434618 13.182579 173.780390 17.922382 nan nan
40 49 18.078103 13.073865 170.925957 19.308954 nan nan
41 50 17.990359 12.772784 163.144011 19.163774 nan nan
1 11 79.267100 51.084068 2609.581954 79.119051 nan nan
2 12 72.475295 50.577556 2558.089172 72.952718 nan nan
3 13 67.074297 49.678938 2467.996854 67.917988 nan nan
4 14 63.203295 49.150203 2415.742482 64.143165 nan nan
5 15 59.819588 48.485739 2350.866890 60.842596 nan nan
6 16 57.314826 48.167783 2320.135301 58.278843 nan nan
7 17 55.195234 47.864222 2290.983728 56.086568 nan nan
8 18 53.006551 47.272025 2234.644354 53.910376 nan nan
9 19 51.366214 47.021623 2211.032995 52.176802 nan nan
10 20 49.775594 46.627855 2174.156877 50.538382 nan nan
11 21 47.881941 45.811950 2098.734753 48.718401 nan nan
12 22 46.306585 45.240371 2046.691129 47.143513 nan nan
13 23 44.790072 44.589043 1988.182782 45.647087 nan nan
14 24 42.243983 42.645559 1818.643735 43.439699 nan nan
15 25 39.765532 40.627563 1650.598863 41.257778 nan nan
16 26 37.810951 39.281940 1543.070825 39.425963 nan nan
17 27 36.234010 38.210891 1460.072180 37.919595 nan nan
18 28 34.229771 36.671284 1344.783078 36.066214 3.046172 9.279166
19 29 32.548460 34.957949 1222.058200 34.545013 4.816337 23.197099
20 30 30.433959 32.848936 1079.052599 32.561237 3.958059 15.666233
21 31 28.877802 31.598674 998.476210 31.097947 5.060561 25.609275
22 32 26.998965 29.211674 853.321887 29.310171 2.117190 4.482492
23 33 25.033355 26.846832 720.752381 27.516409 nan nan
24 34 24.109085 24.533572 601.896146 26.526146 nan nan
25 35 22.460874 22.676111 514.205999 24.903419 nan nan
26 36 21.895053 21.483730 461.550675 24.313796 nan nan
27 37 20.895556 20.206256 408.292766 23.255824 nan nan
28 38 20.537645 19.146053 366.571334 22.786295 nan nan
29 39 19.633305 18.190141 330.881232 21.847806 nan nan
30 40 19.593017 17.787494 316.394938 21.784479 nan nan
31 41 18.961134 16.814222 282.718077 21.026500 nan nan
32 42 18.102337 16.401206 268.999544 20.175246 nan nan
33 43 18.118178 15.941891 254.143896 20.111506 nan nan
34 44 18.624612 15.549098 241.774438 20.486938 nan nan
35 45 17.764217 15.287584 233.710232 19.711162 nan nan
36 46 16.349862 15.105803 228.185298 18.383854 nan nan
37 47 16.576642 14.129658 199.647229 18.394752 nan nan
38 48 16.137216 13.755616 189.216973 17.897674 nan nan
39 49 17.206730 14.114217 199.211129 18.913617 nan nan
40 50 16.898665 13.888458 192.889270 18.542852 nan nan
1 12 85.235464 51.784161 2681.599291 84.330537 nan nan
2 13 81.231469 51.823149 2685.638821 80.291852 nan nan
3 14 77.570089 51.468363 2648.992395 76.632073 nan nan
4 15 74.014471 50.942637 2595.152291 73.149354 nan nan
5 16 70.675202 50.353617 2535.486741 69.907204 nan nan
6 17 67.464607 49.660476 2466.162840 66.830845 nan nan
7 18 64.435032 48.921682 2393.330925 63.944717 nan nan
8 19 61.627358 48.172571 2320.596641 61.271947 nan nan
9 20 58.885572 47.294074 2236.729469 58.697153 nan nan
10 21 56.483324 46.571093 2168.866673 56.401749 nan nan
11 22 54.183504 45.783711 2096.148238 54.222252 nan nan
12 23 51.981632 44.909604 2016.872497 52.151238 nan nan
13 24 50.005194 44.165483 1950.589865 50.265688 nan nan
14 25 48.246778 43.512105 1893.303247 48.567649 nan nan
15 26 46.605596 42.884686 1839.096305 46.975330 nan nan
16 27 44.722705 41.811331 1748.187441 45.253486 nan nan
17 28 41.909788 39.461825 1557.235662 42.875514 nan nan
18 29 38.992156 36.654618 1343.561003 40.407784 nan nan
19 30 36.368884 34.211694 1170.439990 38.087661 nan nan
20 31 34.142939 31.905060 1017.932832 36.086290 nan nan
21 32 31.820926 29.444491 866.978050 33.971693 nan nan
22 33 30.041464 27.525017 757.626544 32.309211 nan nan
23 34 28.485743 25.532997 651.933950 30.782326 nan nan
24 35 26.814252 23.813534 567.084410 29.185229 nan nan
25 36 25.701067 22.251873 495.145854 28.036025 nan nan
26 37 24.164439 20.828235 433.815385 26.486384 nan nan
27 38 23.449277 19.795499 391.861766 25.700095 nan nan
28 39 22.592123 18.817134 354.084521 24.785013 nan nan
29 40 22.085524 18.025397 324.914932 24.191360 nan nan
30 41 21.146242 17.136689 293.666124 23.195499 nan nan
31 42 20.983691 16.719028 279.525901 22.995038 nan nan
32 43 20.049360 15.683859 245.983427 21.966598 nan nan
33 44 19.121506 15.219671 231.638381 21.030959 nan nan
34 45 19.138126 14.679143 215.477229 20.934843 nan nan
35 46 19.537774 14.389636 207.061618 21.229576 nan nan
36 47 17.985654 13.797810 190.379573 19.782443 nan nan
37 48 17.479922 13.893391 193.026315 19.296012 nan nan
38 49 19.127322 13.578173 184.366770 20.649363 nan nan
39 50 18.852778 13.223522 174.861534 20.318371 nan nan
1 13 81.302316 51.358533 2637.698959 81.111548 nan nan
2 14 75.478781 51.084131 2609.588397 75.792220 nan nan
3 15 71.479648 50.799834 2580.623174 71.935746 nan nan
4 16 67.905930 50.281174 2528.196466 68.486766 nan nan
5 17 65.325062 50.086824 2508.689949 65.851948 nan nan
6 18 63.093284 49.850701 2485.092412 63.560285 nan nan
7 19 60.732970 49.325544 2433.009327 61.236487 nan nan
8 20 59.012419 49.140863 2414.824422 59.419262 nan nan
9 21 57.282635 48.782254 2379.708329 57.653884 nan nan
10 22 55.150406 47.998797 2303.884490 55.635241 nan nan
11 23 53.427171 47.484447 2254.772663 53.923270 nan nan
12 24 51.743997 46.857869 2195.659907 52.281305 nan nan
13 25 48.794286 44.884049 2014.577840 49.759295 nan nan
14 26 45.749015 42.816327 1833.237837 47.115627 nan nan
15 27 43.770085 41.600272 1730.582602 45.258540 nan nan
16 28 41.775352 40.441374 1635.504699 43.381891 nan nan
17 29 39.962964 39.112476 1529.785817 41.704401 nan nan
18 30 36.882405 36.736639 1349.580621 38.959441 nan nan
19 31 35.041650 35.191264 1238.425036 37.290981 nan nan
20 32 32.929716 33.333292 1111.108374 35.256901 nan nan
21 33 30.827151 31.336111 981.951822 33.369877 nan nan
22 34 28.532325 28.068938 787.865266 31.174737 nan nan
23 35 26.344023 25.812459 666.283049 29.122861 nan nan
24 36 25.704985 24.053467 578.569274 28.405207 nan nan
25 37 24.296690 22.470747 504.934454 26.983208 nan nan
26 38 23.622666 21.153302 447.462190 26.223572 nan nan
27 39 22.451472 19.972545 398.902541 24.993580 nan nan
28 40 22.374029 19.226956 369.675822 24.837875 nan nan
29 41 21.485584 18.079781 326.878482 23.826699 nan nan
30 42 20.795153 17.781745 316.190457 23.158663 nan nan
31 43 20.506101 17.167817 294.733946 22.793754 nan nan
32 44 20.753951 16.634142 276.694665 22.915582 nan nan
33 45 19.946086 16.255582 264.243959 22.140734 nan nan
34 46 18.694393 16.271861 264.773456 21.019990 nan nan
35 47 18.764680 15.119300 228.593231 20.834905 nan nan
36 48 17.889705 14.754100 217.683454 19.947277 nan nan
37 49 19.059884 14.988194 224.645958 21.047843 nan nan
38 50 18.699595 14.626811 213.943612 20.592462 nan nan
1 14 85.075642 51.747356 2677.788828 84.420145 nan nan
2 15 81.277178 51.831710 2686.526136 80.663786 nan nan
3 16 77.630660 51.439852 2646.058391 77.100663 nan nan
4 17 74.224604 50.952729 2596.180565 73.790543 nan nan
5 18 70.935712 50.348494 2534.970861 70.634739 nan nan
6 19 67.830301 49.694586 2469.551842 67.669361 nan nan
7 20 64.950141 49.020220 2402.982006 64.920329 nan nan
8 21 62.119510 48.208607 2324.069759 62.256044 nan nan
9 22 59.647993 47.552638 2261.253362 59.886535 nan nan
10 23 57.287949 46.818836 2192.003369 57.641727 nan nan
11 24 54.983459 45.986400 2114.748972 55.471197 nan nan
12 25 52.951520 45.292316 2051.393874 53.525272 nan nan
13 26 51.063153 44.663124 1994.794680 51.705773 nan nan
14 27 49.430621 44.103241 1945.095863 50.109967 nan nan
15 28 47.393635 42.990991 1848.225275 48.250238 nan nan
16 29 44.457310 40.611366 1649.283085 45.767354 nan nan
17 30 41.139354 37.641149 1416.856081 42.943605 nan nan
18 31 38.535637 35.265327 1243.643261 40.634967 nan nan
19 32 35.836790 32.698789 1069.210797 38.202307 nan nan
20 33 33.732284 30.314613 918.975781 36.258786 nan nan
21 34 31.591719 28.075778 788.249309 34.209327 nan nan
22 35 29.677555 26.225695 687.787054 32.420467 nan nan
23 36 28.243087 24.234869 587.328898 30.963078 nan nan
24 37 26.245899 22.553355 508.653808 29.001607 nan nan
25 38 25.305083 21.274556 452.606743 27.984453 nan nan
26 39 24.265793 20.011669 400.466894 26.852638 nan nan
27 40 23.757949 19.131326 366.007624 26.244459 nan nan
28 41 22.668905 18.262694 333.525995 25.120947 nan nan
29 42 22.382630 17.698641 313.241885 24.771695 nan nan
30 43 21.297069 16.519169 272.882931 23.565124 nan nan
31 44 20.463091 16.037114 257.189031 22.689651 nan nan
32 45 20.362536 15.470320 239.330803 22.505038 nan nan
33 46 20.679456 15.010103 225.303179 22.680248 nan nan
34 47 19.137551 14.506020 210.424623 21.241525 nan nan
35 48 18.628174 14.681171 215.536774 20.766886 nan nan
36 49 20.046228 14.121544 199.418007 21.871037 nan nan
37 50 19.686851 13.721531 188.280418 21.451843 nan nan
1 15 82.631893 51.500820 2652.334465 82.435609 nan nan
2 16 78.489058 51.673988 2670.201019 78.528763 nan nan
3 17 74.738298 51.285511 2630.203638 74.947323 nan nan
4 18 72.132681 51.184129 2619.815010 72.289751 nan nan
5 19 69.812959 50.985504 2599.521617 69.922878 nan nan
6 20 67.317272 50.518133 2552.081798 67.479119 nan nan
7 21 65.524756 50.385827 2538.731599 65.587986 nan nan
8 22 63.689612 50.065533 2506.557589 63.727999 nan nan
9 23 61.381191 49.320826 2432.543922 61.558760 nan nan
10 24 59.544480 48.867493 2388.031855 59.738054 nan nan
11 25 57.684428 48.266804 2329.684404 57.943163 nan nan
12 26 54.301650 46.296712 2143.385555 55.080992 nan nan
13 27 51.196728 44.321052 1964.355692 52.384848 nan nan
14 28 48.771053 43.071372 1855.143053 50.136618 nan nan
15 29 46.786969 42.069775 1769.866010 48.268760 nan nan
16 30 43.684785 40.439088 1635.319808 45.510742 nan nan
17 31 41.679188 38.626561 1492.011189 43.722408 nan nan
18 32 38.588188 36.316756 1318.906755 40.888818 nan nan
19 33 36.676798 35.124816 1233.752721 39.132389 nan nan
20 34 33.568973 32.095797 1030.140162 36.261368 nan nan
21 35 30.825761 29.452960 867.476828 33.827047 nan nan
22 36 29.549017 26.782137 717.282881 32.466870 nan nan
23 37 27.646502 24.852769 617.660121 30.616126 nan nan
24 38 26.898714 23.180113 537.317661 29.769210 nan nan
25 39 25.275033 21.841226 477.039172 28.146936 nan nan
26 40 24.784064 20.696432 428.342311 27.560026 nan nan
27 41 23.675524 19.347635 374.330995 26.315398 nan nan
28 42 23.379130 18.971941 359.934556 25.997110 nan nan
29 43 22.778198 18.260874 333.459503 25.329214 nan nan
30 44 22.660989 17.683051 312.690294 25.107887 nan nan
31 45 21.867140 17.182719 295.245843 24.312566 nan nan
32 46 20.949350 17.248911 297.524937 23.523593 nan nan
33 47 20.550735 15.999166 255.973325 22.894638 nan nan
34 48 19.480012 15.728306 247.379600 21.833307 nan nan
35 49 20.893523 15.571601 242.474755 23.054220 nan nan
36 50 20.401856 15.304356 234.223316 22.530191 nan nan
1 16 85.287558 51.743252 2677.364137 84.770224 nan nan
2 17 81.446230 51.786901 2681.883154 81.061756 nan nan
3 18 77.948912 51.440250 2646.099343 77.677983 nan nan
4 19 74.566365 50.936788 2594.556327 74.440525 nan nan
5 20 71.375565 50.378196 2537.962674 71.396289 nan nan
6 21 68.413606 49.787108 2478.756097 68.571490 nan nan
7 22 65.491790 49.053108 2406.207377 65.822924 nan nan
8 23 62.945253 48.471551 2349.491231 63.381515 nan nan
9 24 60.480223 47.796423 2284.498095 61.041878 nan nan
10 25 58.108850 47.021183 2210.991622 58.808118 nan nan
11 26 55.965264 46.373403 2150.492539 56.761695 nan nan
12 27 54.093525 45.808943 2098.459231 54.945333 nan nan
13 28 52.342172 45.256049 2048.110011 53.238108 nan nan
14 29 50.231536 44.172799 1951.236146 51.318356 nan nan
15 30 46.854128 41.659264 1735.494308 48.471387 nan nan
16 31 43.536098 38.723796 1499.532409 45.648023 nan nan
17 32 40.455368 36.117514 1304.474812 42.899423 nan nan
18 33 37.906800 33.618495 1130.203187 40.584540 nan nan
19 34 34.913275 30.878165 953.461088 37.844923 nan nan
20 35 32.947480 28.901282 835.284121 35.994723 nan nan
21 36 31.101359 26.634743 709.409532 34.155083 nan nan
22 37 28.693584 24.713372 610.750776 31.884630 nan nan
23 38 27.466198 23.044116 531.031272 30.571393 nan nan
24 39 26.147044 21.433141 459.379550 29.118396 nan nan
25 40 25.528238 20.352210 414.212442 28.377487 nan nan
26 41 24.446100 19.427522 377.428621 27.245611 nan nan
27 42 24.010241 18.709151 350.032342 26.721117 nan nan
28 43 22.598770 17.400281 302.769765 25.192449 nan nan
29 44 21.841269 16.994877 288.825853 24.423435 nan nan
30 45 21.737389 16.161180 261.183725 24.149260 nan nan
31 46 21.743544 15.611415 243.716290 24.031015 nan nan
32 47 20.354260 15.222554 231.726136 22.731726 nan nan
33 48 20.023722 15.488506 239.893828 22.445868 nan nan
34 49 21.039737 14.588753 212.831707 23.110853 nan nan
35 50 20.545837 14.169067 200.762463 22.566703 nan nan
1 17 84.701672 51.690238 2671.880683 84.343503 nan nan
2 18 80.611860 51.706418 2673.553666 80.492966 nan nan
3 19 77.946806 51.712080 2674.139251 77.792461 nan nan
4 20 75.492751 51.544289 2656.813709 75.317865 nan nan
5 21 72.848803 51.138561 2615.152374 72.745981 nan nan
6 22 71.007275 51.061111 2607.237061 70.803866 nan nan
7 23 69.041032 50.773673 2577.965830 68.830838 nan nan
8 24 66.512310 50.076895 2507.695370 66.478137 nan nan
9 25 64.595626 49.704835 2470.570627 64.579176 nan nan
10 26 62.574575 49.137457 2414.489691 62.649445 nan nan
11 27 58.941202 47.192003 2227.085133 59.587035 nan nan
12 28 55.263530 45.236168 2046.310936 56.415536 nan nan
13 29 52.918258 44.160923 1950.187133 54.228716 nan nan
14 30 50.263431 43.123204 1859.610750 51.799659 nan nan
15 31 48.269679 41.806729 1747.802624 49.954056 nan nan
16 32 44.021838 39.264828 1541.726732 46.248356 nan nan
17 33 41.883383 37.797734 1428.668661 44.330762 nan nan
18 34 38.843707 35.713617 1275.462445 41.482347 nan nan
19 35 36.292684 33.561891 1126.400546 39.239829 nan nan
20 36 33.423723 29.886206 893.185310 36.503139 nan nan
21 37 30.854901 27.571143 760.167939 34.136231 nan nan
22 38 30.212188 25.373051 643.791727 33.311454 nan nan
23 39 28.190434 23.826350 567.694954 31.362169 nan nan
24 40 27.219157 22.268193 495.872427 30.282152 nan nan
25 41 25.706733 20.673438 427.391047 28.653040 nan nan
26 42 25.655730 20.048285 401.933717 28.529847 nan nan
27 43 24.849942 19.265764 371.169648 27.649848 nan nan
28 44 24.567354 18.773965 352.461776 27.288871 nan nan
29 45 23.635024 18.096410 327.480047 26.333782 nan nan
30 46 22.963864 18.065981 326.379686 25.764391 nan nan
31 47 22.207286 16.767237 281.140241 24.788391 nan nan
32 48 21.235222 16.700833 278.917824 23.843431 nan nan
33 49 22.373346 16.130053 260.178610 24.746240 nan nan
34 50 22.023177 15.763150 248.476883 24.307142 nan nan
1 18 85.255400 51.726626 2675.643807 84.876131 nan nan
2 19 81.620263 51.814267 2684.718289 81.407999 nan nan
3 20 78.136934 51.441811 2646.259899 78.094173 nan nan
4 21 74.876524 50.983769 2599.344663 74.993035 nan nan
5 22 71.856725 50.476191 2547.845881 72.118123 nan nan
6 23 68.846270 49.821349 2482.166820 69.292442 nan nan
7 24 66.230333 49.320333 2432.495219 66.788270 nan nan
8 25 63.736882 48.709097 2372.576114 64.419634 nan nan
9 26 61.284043 47.984238 2302.487057 62.113216 nan nan
10 27 59.110498 47.400322 2246.790543 60.034171 nan nan
11 28 57.077903 46.870006 2196.797450 58.078780 nan nan
12 29 55.392141 46.398813 2152.849862 56.423664 nan nan
13 30 53.050528 45.255886 2048.095196 54.312365 nan nan
14 31 49.636915 42.727997 1825.681719 51.436969 nan nan
15 32 45.626477 39.582069 1566.740183 48.017725 nan nan
16 33 42.577108 37.104982 1376.779700 45.306960 nan nan
17 34 39.155731 34.267057 1174.231178 42.231790 nan nan
18 35 36.893889 31.772819 1009.512038 40.115997 nan nan
19 36 34.471248 29.313762 859.296640 37.767725 nan nan
20 37 31.965136 27.332383 747.059168 35.457754 nan nan
21 38 30.283905 25.129170 631.475186 33.710856 nan nan
22 39 28.128184 23.134027 535.183202 31.506412 nan nan
23 40 27.379850 21.798267 475.164447 30.619060 nan nan
24 41 26.198402 20.706634 428.764691 29.369874 nan nan
25 42 25.615653 19.835240 393.436730 28.672889 nan nan
26 43 23.967015 18.482100 341.588038 26.928859 nan nan
27 44 23.324714 18.047474 325.711329 26.275254 nan nan
28 45 23.020915 16.916362 286.163316 25.731255 nan nan
29 46 22.647830 16.318032 266.278157 25.258889 nan nan
30 47 21.582208 16.038246 257.225344 24.259228 nan nan
31 48 21.374898 16.316877 266.240466 24.093842 nan nan
32 49 22.034276 15.103755 228.123413 24.358172 nan nan
33 50 21.303193 14.690313 215.805307 23.609378 nan nan
1 19 84.900748 51.692950 2672.161070 84.631521 nan nan
2 20 82.264214 52.065024 2710.766775 82.010815 nan nan
3 21 79.728504 51.918014 2695.480195 79.480907 nan nan
4 22 77.011566 51.555611 2657.981012 76.841493 nan nan
5 23 75.165249 51.515269 2653.822934 74.888973 nan nan
6 24 73.127535 51.246923 2626.247158 72.854016 nan nan
7 25 70.528487 50.585534 2558.896234 70.434467 nan nan
8 26 68.597113 50.274715 2527.546999 68.506030 nan nan
9 27 66.449120 49.723684 2472.444791 66.467580 nan nan
10 28 62.378068 47.789756 2283.860798 63.049402 nan nan
11 29 58.910018 45.960441 2112.362108 60.030009 nan nan
12 30 56.237271 44.919780 2017.786605 57.551623 nan nan
13 31 54.044368 44.035666 1939.139843 55.482007 nan nan
14 32 49.860337 42.360031 1794.372255 51.840544 nan nan
15 33 47.641388 40.521923 1642.026257 49.870294 nan nan
16 34 43.924158 38.251060 1463.143561 46.504612 nan nan
17 35 41.996589 37.092770 1375.873557 44.717291 nan nan
18 36 37.872924 33.577710 1127.462618 40.951562 nan nan
19 37 34.840481 30.897673 954.666190 38.294778 nan nan
20 38 33.574962 27.919848 779.517928 36.887358 nan nan
21 39 31.206444 26.079575 680.144225 34.650495 nan nan
22 40 29.724385 24.091799 580.414770 33.086356 nan nan
23 41 27.641573 22.196617 492.689793 30.936764 nan nan
24 42 27.685457 21.129700 446.464210 30.827251 nan nan
25 43 26.577959 20.285670 411.508412 29.663180 nan nan
26 44 26.379104 20.002499 400.099947 29.428886 nan nan
27 45 25.266209 19.024548 361.933434 28.228573 nan nan
28 46 24.785034 18.832171 354.650658 27.811028 nan nan
29 47 23.764365 17.527157 307.201234 26.578982 nan nan
30 48 22.736303 17.696333 313.160194 25.652153 nan nan
31 49 23.400527 16.621346 276.269156 26.012994 nan nan
32 50 22.725436 16.246988 263.964618 25.299533 nan nan
1 20 85.497067 51.732752 2676.277678 85.188598 nan nan
2 21 81.834567 51.786472 2681.838669 81.750557 nan nan
3 22 78.490128 51.458487 2647.975893 78.588552 nan nan
4 23 75.401163 51.043245 2605.412817 75.659840 nan nan
5 24 72.306149 50.477102 2547.937824 72.765230 nan nan
6 25 69.662556 50.059068 2505.910255 70.234858 nan nan
7 26 67.088023 49.508187 2451.060621 67.797656 nan nan
8 27 64.555635 48.855061 2386.816994 65.425480 nan nan
9 28 62.247575 48.340073 2336.762614 63.235865 nan nan
10 29 60.338721 47.878387 2292.339979 61.375493 nan nan
11 30 58.506328 47.395308 2246.315260 59.590829 nan nan
12 31 56.042579 46.286815 2142.469239 57.386845 nan nan
13 32 51.858527 43.622552 1902.927068 53.893741 nan nan
14 33 48.024497 40.596955 1648.112789 50.635834 nan nan
15 34 44.314751 37.821829 1430.490752 47.328360 nan nan
16 35 41.461139 35.161738 1236.347788 44.722169 nan nan
17 36 38.131909 32.200336 1036.861623 41.644210 nan nan
18 37 35.905622 30.175032 910.532585 39.559546 nan nan
19 38 33.551470 27.615891 762.637424 37.216115 nan nan
20 39 30.351659 25.292038 639.687203 34.175649 nan nan
21 40 29.461250 23.523175 553.339760 33.102073 nan nan
22 41 28.139387 22.082646 487.643266 31.643174 nan nan
23 42 27.309692 21.092757 444.904394 30.718787 nan nan
24 43 25.569539 19.638142 385.656608 28.863847 nan nan
25 44 25.073033 19.010839 361.411994 28.295515 nan nan
26 45 24.151201 17.725156 314.181145 27.189081 nan nan
27 46 23.686799 16.996627 288.885324 26.569129 nan nan
28 47 22.927180 16.830687 283.272024 25.864758 nan nan
29 48 22.935485 17.067240 291.290681 25.883815 nan nan
30 49 22.790839 15.791796 249.380834 25.457289 nan nan
31 50 22.223129 15.160221 229.832290 24.755516 nan nan
1 21 86.647594 51.796425 2682.869591 86.210370 nan nan
2 22 83.814184 51.950606 2698.865499 83.429073 nan nan
3 23 80.953191 51.686975 2671.543428 80.656787 nan nan
4 24 79.093590 51.699358 2672.823663 78.691085 nan nan
5 25 76.942672 51.457122 2647.835388 76.561853 nan nan
6 26 74.156479 50.850812 2585.805061 73.981892 nan nan
7 27 72.179695 50.623896 2562.778839 72.006687 nan nan
8 28 69.808592 50.101134 2510.123656 69.789991 nan nan
9 29 65.679397 48.204792 2323.702015 66.316844 nan nan
10 30 61.757597 46.454697 2158.038888 62.911268 nan nan
11 31 59.124428 45.578228 2077.374829 60.458958 nan nan
12 32 55.638303 44.639716 1992.704206 57.346915 nan nan
13 33 53.655932 43.344917 1878.781860 55.493279 nan nan
14 34 48.886574 40.840976 1667.985293 51.371725 nan nan
15 35 46.657429 39.432093 1554.889934 49.345937 nan nan
16 36 42.348243 37.015758 1370.166335 45.405501 nan nan
17 37 39.840064 34.884544 1216.931404 43.222649 nan nan
18 38 37.068292 30.920798 956.095767 40.526836 nan nan
19 39 34.181091 28.747509 826.419275 37.923597 nan nan
20 40 32.256504 26.289606 691.143390 35.955618 nan nan
21 41 29.704899 24.073681 579.542094 33.395787 nan nan
22 42 29.653442 22.286125 496.671373 33.039637 nan nan
23 43 28.321831 21.405083 458.177596 31.685557 nan nan
24 44 28.302173 21.238837 451.088199 31.649390 nan nan
25 45 26.895002 20.005176 400.207070 30.127333 nan nan
26 46 26.577684 19.557447 382.493744 29.791478 nan nan
27 47 25.001296 18.288554 334.471205 28.088020 nan nan
28 48 24.271254 18.723487 350.568947 27.503441 nan nan
29 49 24.130812 17.087707 291.989739 27.004464 nan nan
30 50 23.511482 16.617637 276.145861 26.301897 nan nan
1 22 85.457298 51.721092 2675.071345 85.242818 nan nan
2 23 81.979437 51.822371 2685.558175 82.005783 nan nan
3 24 78.835873 51.527933 2655.127911 79.046682 nan nan
4 25 75.650804 51.050085 2606.111185 76.082614 nan nan
5 26 72.941763 50.717154 2572.229725 73.501143 nan nan
6 27 70.343782 50.237258 2523.782046 71.047853 nan nan
7 28 67.755079 49.650973 2465.219092 68.630665 nan nan
8 29 65.488857 49.190964 2419.750945 66.469103 nan nan
9 30 63.338099 48.743263 2375.905700 64.408912 nan nan
10 31 61.511239 48.372896 2339.937057 62.637281 nan nan
11 32 58.714934 47.239679 2231.587303 60.176088 nan nan
12 33 54.846283 44.575400 1986.966260 56.939339 nan nan
13 34 50.080551 41.250103 1701.571018 52.871456 nan nan
14 35 46.573630 38.731418 1500.122762 49.754493 nan nan
15 36 42.632085 35.685681 1273.467815 46.210335 nan nan
16 37 40.318705 33.069296 1093.578317 44.018384 nan nan
17 38 37.213756 30.331468 919.997942 41.031548 nan nan
18 39 33.733504 28.041512 786.326385 37.843067 nan nan
19 40 32.317071 25.600744 655.398095 36.245440 nan nan
20 41 30.214015 23.710509 562.188258 34.061609 nan nan
21 42 29.214880 22.501767 506.329503 32.955458 nan nan
22 43 27.274163 20.934294 438.244653 30.918904 nan nan
23 44 26.787885 20.054394 402.178709 30.309118 nan nan
24 45 25.403925 18.440103 340.037396 28.681864 nan nan
25 46 24.664213 17.813589 317.323961 27.862108 nan nan
26 47 24.264599 17.670868 312.259563 27.478861 nan nan
27 48 24.326887 17.852812 318.722883 27.544054 nan nan
28 49 23.956535 16.222076 263.155748 26.796146 nan nan
29 50 23.115040 15.666158 245.428491 25.889203 nan nan
1 23 86.435563 51.779124 2681.077640 86.111765 nan nan
2 24 83.508077 51.941394 2697.908453 83.306511 nan nan
3 25 81.677299 52.026268 2706.732611 81.386920 nan nan
4 26 79.435810 51.800524 2683.294260 79.190439 nan nan
5 27 76.618416 51.218414 2623.325969 76.581273 nan nan
6 28 74.664195 51.046634 2605.758846 74.617291 nan nan
7 29 72.238588 50.530635 2553.345036 72.353198 nan nan
8 30 67.687937 48.647598 2366.588759 68.531555 nan nan
9 31 63.954595 47.031396 2211.952186 65.262077 nan nan
10 32 60.824904 46.181702 2132.749590 62.392716 nan nan
11 33 58.689730 45.404707 2061.587445 60.339462 nan nan
12 34 54.189551 43.781314 1916.803450 56.439049 nan nan
13 35 51.607752 41.876867 1753.672015 54.159210 nan nan
14 36 46.660342 39.467879 1557.713486 49.762237 nan nan
15 37 45.254395 38.502494 1482.442065 48.400533 nan nan
16 38 41.280348 34.644413 1200.235368 44.700312 nan nan
17 39 38.131297 32.023238 1025.487786 41.979145 nan nan
18 40 35.487000 28.915538 836.108321 39.408679 nan nan
19 41 32.310104 26.363741 695.046846 36.332911 nan nan
20 42 31.539308 23.720194 562.647580 35.202536 nan nan
21 43 30.124692 22.674383 514.127651 33.751760 nan nan
22 44 30.465511 22.504577 506.455965 34.062850 nan nan
23 45 28.517198 21.055569 443.336978 32.030858 nan nan
24 46 28.210447 20.351796 414.195592 31.642964 nan nan
25 47 26.280631 19.085905 364.271778 29.626634 nan nan
26 48 25.837523 19.669151 386.875509 29.339292 nan nan
27 49 25.013842 17.648520 311.470241 28.148942 nan nan
28 50 24.116814 17.131644 293.493242 27.196274 nan nan
1 24 85.723227 51.732663 2676.268424 85.542510 nan nan
2 25 82.419705 51.839678 2687.352197 82.480254 nan nan
3 26 79.108051 51.487190 2650.930779 79.420557 nan nan
4 27 76.430391 51.238687 2625.403000 76.868894 nan nan
5 28 73.811210 50.812632 2581.923588 74.401813 nan nan
6 29 71.123508 50.293858 2529.472132 71.904393 nan nan
7 30 68.623194 49.899752 2489.985202 69.555643 nan nan
8 31 66.692171 49.548247 2455.028829 67.674846 nan nan
9 32 64.882855 49.203036 2420.938721 65.910296 nan nan
10 33 62.138728 48.045467 2308.366925 63.487269 nan nan
11 34 56.911271 45.163572 2039.748268 59.153134 nan nan
12 35 52.494544 42.146659 1776.340907 55.411028 nan nan
13 36 48.265362 39.356669 1548.947408 51.655173 nan nan
14 37 45.230408 36.441104 1327.954042 48.849578 nan nan
15 38 41.118721 33.139579 1098.231728 45.048622 nan nan
16 39 38.299921 31.039526 963.452155 42.441192 nan nan
17 40 35.785800 28.107412 790.026598 39.875134 nan nan
18 41 32.223539 25.768318 664.006207 36.496915 nan nan
19 42 31.109756 24.218690 586.544965 35.260453 nan nan
20 43 29.115734 22.393318 501.460694 33.126057 nan nan
21 44 28.485342 21.132505 446.582780 32.303594 nan nan
22 45 26.602646 19.314305 373.042392 30.169426 nan nan
23 46 25.791060 18.689610 349.301507 29.280719 nan nan
24 47 25.684047 18.457489 340.678892 29.128028 nan nan
25 48 25.784785 18.550625 344.125674 29.218898 nan nan
26 49 24.771311 16.799164 282.211919 27.893501 nan nan
27 50 23.972984 16.129360 260.156248 26.968332 nan nan
1 25 86.507635 51.777485 2680.907963 86.240664 nan nan
2 26 84.702210 52.157456 2720.400240 84.379211 nan nan
3 27 82.428440 51.931778 2696.909577 82.153890 nan nan
4 28 79.495273 51.364115 2638.272273 79.435585 nan nan
5 29 77.568812 51.290939 2630.760403 77.481137 nan nan
6 30 74.892933 50.798990 2580.537426 75.018305 nan nan
7 31 70.419325 48.942577 2395.375843 71.243845 nan nan
8 32 66.306668 47.402001 2246.949666 67.641997 nan nan
9 33 63.518359 46.719037 2182.668388 65.024596 nan nan
10 34 59.733551 45.953170 2111.693793 61.653155 nan nan
11 35 57.539660 44.655903 1994.149686 59.630056 nan nan
12 36 51.729702 41.994755 1763.559437 54.677196 nan nan
13 37 50.127196 40.814530 1665.825839 53.113993 nan nan
14 38 45.691971 38.223682 1461.049872 49.003744 nan nan
15 39 43.129393 36.033309 1298.399390 46.811214 nan nan
16 40 39.368130 32.042498 1026.721701 43.365951 nan nan
17 41 35.445996 29.209103 853.171699 39.762101 nan nan
18 42 33.330524 25.637955 657.304745 37.340600 nan nan
19 43 31.667104 24.287532 589.884225 35.658304 nan nan
20 44 32.582772 23.835034 568.108858 36.426563 nan nan
21 45 30.050674 22.221940 493.814610 33.881226 nan nan
22 46 29.681164 21.255747 451.806760 33.377279 nan nan
23 47 27.682975 19.919551 396.788503 31.260701 nan nan
24 48 27.529474 20.649377 426.396778 31.288942 nan nan
25 49 26.084245 18.219895 331.964579 29.441090 nan nan
26 50 25.008508 17.626611 310.697404 28.304500 nan nan
1 26 85.871128 51.736894 2676.706194 85.730670 nan nan
2 27 82.411575 51.807630 2684.030516 82.574394 nan nan
3 28 79.699247 51.662576 2669.021708 80.013983 nan nan
4 29 76.994361 51.315451 2633.275473 77.486745 nan nan
5 30 74.180733 50.875762 2588.343205 74.894220 nan nan
6 31 71.888317 50.532906 2553.574589 72.708854 nan nan
7 32 69.858256 50.206807 2520.723426 70.743732 nan nan
8 33 67.876092 49.943322 2494.335394 68.850244 nan nan
9 34 64.157420 48.724257 2374.053204 65.670595 nan nan
10 35 59.802784 45.987735 2114.871737 62.054887 nan nan
11 36 54.580828 42.712295 1824.340124 57.599087 nan nan
12 37 50.543983 40.026616 1602.130023 53.989276 nan nan
13 38 45.566135 36.551374 1336.002939 49.522894 nan nan
14 39 43.108740 33.971084 1154.034538 47.193431 nan nan
15 40 39.502591 30.936393 957.060410 43.714292 nan nan
16 41 35.277673 28.526592 813.766445 39.877621 nan nan
17 42 33.914892 26.329653 693.250627 38.359065 nan nan
18 43 31.400538 24.034505 577.657422 35.709983 nan nan
19 44 30.351127 22.296751 497.145086 34.432435 nan nan
20 45 27.937092 20.296652 411.954097 31.774767 nan nan
21 46 27.098303 19.681246 387.351434 30.867523 nan nan
22 47 27.058511 19.294184 372.265517 30.756194 nan nan
23 48 27.197266 19.224011 369.562593 30.837383 nan nan
24 49 25.711305 17.182461 295.236973 29.005122 nan nan
25 50 24.681871 16.620904 276.254437 27.926465 nan nan
1 27 87.618740 51.821754 2685.494205 87.241315 nan nan
2 28 85.017936 51.929642 2696.687703 84.734797 nan nan
3 29 81.849084 51.509521 2653.230731 81.811072 nan nan
4 30 79.926682 51.592664 2661.802972 79.865105 nan nan
5 31 77.231422 51.059883 2607.111602 77.393721 nan nan
6 32 72.234269 49.213384 2421.957186 73.179909 nan nan
7 33 68.036539 47.894988 2293.929895 69.495057 nan nan
8 34 64.490345 47.399686 2246.730262 66.280988 nan nan
9 35 62.469617 46.751144 2185.669492 64.317818 nan nan
10 36 57.454556 44.965815 2021.924514 60.017059 nan nan
11 37 54.874193 43.099303 1857.549914 57.709873 nan nan
12 38 49.248930 40.764052 1661.707911 52.708955 nan nan
13 39 47.990488 39.881555 1590.538445 51.508772 nan nan
14 40 43.827668 35.904445 1289.129197 47.751098 nan nan
15 41 39.668542 32.682907 1068.172405 44.065449 nan nan
16 42 35.537483 28.199314 795.201310 39.895065 nan nan
17 43 33.208101 26.539670 704.354102 37.694311 nan nan
18 44 34.513006 25.424120 646.385897 38.673140 nan nan
19 45 31.843907 23.544895 554.362084 35.967076 nan nan
20 46 31.303302 22.269657 495.937604 35.245254 nan nan
21 47 28.947107 20.881940 436.055436 32.809177 nan nan
22 48 29.305106 21.641807 468.367810 33.303147 nan nan
23 49 26.950394 18.796888 353.322997 30.548706 nan nan
24 50 25.774727 18.220222 331.976475 29.334774 nan nan
1 28 85.742892 51.723283 2675.297955 85.675794 nan nan
2 29 83.047422 51.967765 2700.648633 83.173262 nan nan
3 30 80.319192 51.697370 2672.618054 80.639697 nan nan
4 31 77.472713 51.298870 2631.574042 78.017753 nan nan
5 32 74.969397 51.004964 2601.506338 75.663696 nan nan
6 33 72.988062 50.799383 2580.577263 73.747959 nan nan
7 34 70.794570 50.548526 2555.153511 71.693410 nan nan
8 35 67.941513 49.312602 2431.732735 69.190169 nan nan
9 36 62.186457 46.382572 2151.342947 64.426410 nan nan
10 37 56.699995 43.274657 1872.695964 59.775312 nan nan
11 38 51.214007 40.255893 1620.536944 54.938430 nan nan
12 39 48.340926 37.350875 1395.087871 52.251370 nan nan
13 40 43.731741 33.803780 1142.695557 47.964057 nan nan
14 41 40.239681 31.646485 1001.500042 44.776751 nan nan
15 42 37.967108 28.871244 833.548728 42.441363 nan nan
16 43 33.899190 26.028545 677.485135 38.512266 nan nan
17 44 32.202571 23.674741 560.493355 36.579082 nan nan
18 45 29.147160 21.550561 464.426693 33.342245 nan nan
19 46 28.369157 20.875350 435.780225 32.479664 nan nan
20 47 28.409175 20.140725 405.648801 32.354117 nan nan
21 48 28.492296 19.889633 395.597484 32.342613 nan nan
22 49 26.475207 17.613128 310.222277 29.978120 nan nan
23 50 25.472613 16.959757 287.633366 28.879035 nan nan
1 29 86.821277 51.785556 2681.743762 86.614887 nan nan
2 30 83.655432 51.846321 2688.041010 83.710341 nan nan
3 31 81.919476 51.989764 2702.935544 81.945471 nan nan
4 32 78.789608 51.397832 2641.737115 79.133520 nan nan
5 33 73.719674 49.697180 2469.809675 74.854161 nan nan
6 34 69.377950 48.605687 2362.512785 71.050720 nan nan
7 35 66.827418 48.127286 2316.235623 68.604567 nan nan
8 36 62.887454 47.189748 2226.872356 65.088071 nan nan
9 37 60.405956 46.044706 2120.114989 62.857615 nan nan
10 38 53.640124 43.491267 1891.490346 57.145433 nan nan
11 39 52.576449 42.439427 1801.104940 56.014203 nan nan
12 40 48.772495 39.645845 1571.793040 52.445157 nan nan
13 41 45.210344 36.975178 1367.163752 49.345120 nan nan
14 42 38.774629 31.616028 999.573203 43.377607 nan nan
15 43 35.936983 29.595334 875.883820 40.839995 nan nan
16 44 36.867924 27.418460 751.771928 41.299479 nan nan
17 45 33.951946 25.075310 628.771149 38.301467 nan nan
18 46 33.162380 23.402030 547.655010 37.300321 nan nan
19 47 30.255959 21.956996 482.109693 34.409151 nan nan
20 48 31.074995 22.701247 515.346635 35.323318 nan nan
21 49 27.704888 19.478674 379.418723 31.595212 nan nan
22 50 26.455415 18.884635 356.629457 30.312191 nan nan
1 30 86.632769 51.774427 2680.591260 86.476476 nan nan
2 31 83.577110 51.867618 2690.249821 83.682571 nan nan
3 32 80.475180 51.580460 2660.543808 80.856733 nan nan
4 33 78.220209 51.389530 2640.883797 78.709720 nan nan
5 34 76.218976 51.217041 2623.185271 76.781588 nan nan
6 35 74.214665 50.967793 2597.715899 74.869771 nan nan
7 36 69.986409 49.741668 2474.233549 71.276540 nan nan
8 37 64.253030 46.873432 2197.118654 66.562986 nan nan
9 38 57.628028 43.529876 1894.850114 60.940833 nan nan
10 39 53.995228 41.018970 1682.555875 57.617881 nan nan
11 40 48.484293 37.239260 1386.762514 52.636929 nan nan
12 41 45.482095 34.598596 1197.062844 49.837014 nan nan
13 42 41.971512 31.735809 1007.161573 46.475870 nan nan
14 43 36.895762 28.682152 822.665844 41.789742 nan nan
15 44 34.320238 25.445255 647.461025 38.992529 nan nan
16 45 30.481794 23.160417 536.404918 35.094253 nan nan
17 46 29.756404 22.356175 499.798570 34.269888 nan nan
18 47 29.862262 21.051836 443.179787 34.044264 nan nan
19 48 29.770146 20.582743 423.649293 33.831134 nan nan
20 49 27.202135 18.004928 324.177426 30.890411 nan nan
21 50 26.095829 17.364856 301.538226 29.706988 nan nan
1 31 86.217603 51.748545 2677.911956 86.146940 nan nan
2 32 84.330320 52.187581 2723.543608 84.320857 nan nan
3 33 81.433271 51.659362 2668.689684 81.700904 nan nan
4 34 76.315882 50.057510 2505.754317 77.357586 nan nan
5 35 71.926272 49.065449 2407.418273 73.463094 nan nan
6 36 67.839810 48.533430 2355.493839 69.777519 nan nan
7 37 66.043556 48.289772 2331.902042 68.042988 nan nan
8 38 60.822089 46.953534 2204.634310 63.668842 nan nan
9 39 58.325216 44.630396 1991.872227 61.377830 nan nan
10 40 53.130746 41.976348 1762.013795 56.643349 nan nan
11 41 51.045847 41.183195 1696.055562 54.748563 nan nan
12 42 43.515661 36.197880 1310.286518 48.113459 nan nan
13 43 40.787053 33.535976 1124.661711 45.761617 nan nan
14 44 39.910056 29.920134 895.214413 44.500153 nan nan
15 45 35.838299 27.177782 738.631841 40.539397 nan nan
16 46 34.753360 24.893373 619.680034 39.195921 nan nan
17 47 31.593933 23.295840 542.696163 36.098023 nan nan
18 48 32.947538 23.859245 569.263554 37.447844 nan nan
19 49 28.619876 20.224532 409.031697 32.787744 nan nan
20 50 27.270642 19.654377 386.294525 31.437995 nan nan
1 32 86.207015 51.746591 2677.709668 86.156616 nan nan
2 33 83.228918 51.881118 2691.650360 83.464813 nan nan
3 34 80.953743 51.787898 2681.986363 81.322657 nan nan
4 35 78.771117 51.652996 2668.032021 79.262940 nan nan
5 36 76.206950 51.484685 2650.672759 76.912283 nan nan
6 37 72.615038 50.197116 2519.750420 73.847808 nan nan
7 38 65.498501 47.049827 2213.686229 68.000873 nan nan
8 39 60.189837 44.190772 1952.824287 63.408785 nan nan
9 40 54.110274 41.144429 1692.864045 57.994689 nan nan
10 41 50.605789 38.048552 1447.692287 54.799019 nan nan
11 42 46.025951 34.603365 1197.392838 50.583408 nan nan
12 43 41.493166 31.778648 1009.882465 46.354573 nan nan
13 44 37.525006 27.813852 773.610347 42.313324 nan nan
14 45 32.580809 25.421402 646.247697 37.616950 nan nan
15 46 31.791876 24.233680 587.271266 36.689921 nan nan
16 47 31.437537 22.043601 485.920358 35.828200 nan nan
17 48 31.101898 21.302142 453.781235 35.345411 nan nan
18 49 27.799512 18.420951 339.331450 31.687983 nan nan
19 50 26.672135 17.726371 314.224233 30.462515 nan nan
1 33 87.882665 51.822885 2685.611448 87.596761 nan nan
2 34 84.641203 51.635821 2666.257992 84.647991 nan nan
3 35 78.201244 50.262935 2526.362671 79.184828 nan nan
4 36 72.639041 49.567845 2456.971278 74.351272 nan nan
5 37 70.908557 49.590955 2459.262849 72.628183 nan nan
6 38 68.378708 49.425635 2442.893422 70.341008 nan nan
7 39 64.685143 47.565367 2262.464149 67.129978 nan nan
8 40 56.630725 44.090489 1943.971201 60.253277 nan nan
9 41 55.334565 44.020247 1937.782121 58.980633 nan nan
10 42 49.137741 41.180402 1695.825513 53.564373 nan nan
11 43 47.283006 38.490905 1481.549730 51.971179 nan nan
12 44 43.244251 33.204792 1102.558237 48.022175 nan nan
13 45 37.992945 30.166163 909.997370 43.160937 nan nan
14 46 36.395733 27.046024 731.487401 41.259309 nan nan
15 47 33.165220 25.086311 629.322994 38.101334 nan nan
16 48 34.983944 25.225289 636.315219 39.755932 nan nan
17 49 29.814867 21.180741 448.623803 34.290984 nan nan
18 50 28.466053 20.593471 424.091065 32.941671 nan nan
1 34 86.333599 51.751622 2678.230335 86.299323 nan nan
2 35 83.906045 52.009166 2704.953300 84.071753 nan nan
3 36 81.505719 51.927206 2696.434697 81.846511 nan nan
4 37 79.711660 51.750867 2678.152197 80.118776 nan nan
5 38 74.761497 50.280774 2528.156245 75.976031 nan nan
6 39 68.241080 47.437207 2250.288649 70.557453 nan nan
7 40 60.714434 44.490670 1979.419692 64.093351 nan nan
8 41 56.764944 41.943065 1759.220683 60.549411 nan nan
9 42 51.242065 37.913828 1437.458343 55.613852 nan nan
10 43 46.846927 34.637131 1199.730874 51.434053 nan nan
11 44 41.315145 30.678973 941.199404 46.095413 nan nan
12 45 36.134922 28.659529 821.368577 41.456246 nan nan
13 46 34.823590 26.666395 711.096636 40.018899 nan nan
14 47 32.796941 23.271723 541.573095 37.464127 nan nan
15 48 32.207585 22.164512 491.265604 36.687089 nan nan
16 49 28.267576 18.827914 354.490363 32.343579 nan nan
17 50 27.064563 18.070062 326.527145 31.031415 nan nan
1 35 85.355920 51.681286 2670.955333 85.486545 nan nan
2 36 78.346557 50.951678 2596.073533 79.585840 nan nan
3 37 75.173885 50.715176 2572.029107 76.765757 nan nan
4 38 73.475357 50.821309 2582.805446 75.114947 nan nan
5 39 70.096434 50.279324 2528.010402 72.167853 nan nan
6 40 61.918547 47.530203 2259.120194 65.352646 nan nan
7 41 60.216578 46.497596 2162.026470 63.782388 nan nan
8 42 55.380509 44.906801 2016.620746 59.488058 nan nan
9 43 55.053956 43.476036 1890.165719 59.036094 nan nan
10 44 48.120889 37.667921 1418.872289 52.828999 nan nan
11 45 42.310578 34.293833 1176.066981 47.704515 nan nan
12 46 39.398916 30.041151 902.470778 44.559411 nan nan
13 47 35.813859 27.578338 760.564730 41.131040 nan nan
14 48 37.608497 26.894530 723.315766 42.598764 nan nan
15 49 31.663415 22.149335 490.593044 36.300248 nan nan
16 50 30.410117 21.571767 465.341121 35.060945 nan nan
1 36 86.804780 51.775807 2680.734152 86.733700 nan nan
2 37 84.779396 52.052731 2709.486762 84.832269 nan nan
3 38 82.366276 51.834056 2686.769330 82.617441 nan nan
4 39 77.315635 50.467817 2547.000558 78.355532 nan nan
5 40 68.655428 47.776820 2282.624560 71.166686 nan nan
6 41 63.561658 45.132318 2036.926135 66.762408 nan nan
7 42 57.574476 41.694432 1738.425628 61.474474 nan nan
8 43 51.769764 37.922570 1438.121343 56.148740 nan nan
9 44 44.810481 33.631912 1131.105532 49.665892 nan nan
10 45 41.458287 32.717689 1070.447203 46.758771 nan nan
11 46 39.150671 29.961419 897.686601 44.455976 nan nan
12 47 34.235628 25.002327 625.116349 39.259995 nan nan
13 48 33.244295 23.321935 543.912656 38.028625 nan nan
14 49 28.565196 19.340164 374.041952 32.860106 nan nan
15 50 27.276782 18.484777 341.686999 31.455523 nan nan
1 37 82.829062 51.412045 2643.198358 83.367128 nan nan
2 38 79.442452 51.617908 2664.408377 80.516369 nan nan
3 39 76.978708 51.756323 2678.717006 78.315351 nan nan
4 40 71.236006 50.673012 2567.754189 73.499744 nan nan
5 41 69.448850 49.560380 2456.231285 71.862399 nan nan
6 42 63.702422 47.547062 2260.723085 66.944098 nan nan
7 43 62.930293 46.306043 2144.249582 66.012038 nan nan
8 44 55.043404 42.433412 1800.594473 59.167450 nan nan
9 45 50.166134 39.786958 1583.002025 55.038313 nan nan
10 46 44.307585 33.974482 1154.265399 49.463241 nan nan
11 47 40.120153 30.926646 956.457459 45.602687 nan nan
12 48 41.011827 29.018612 842.079818 46.112161 nan nan
13 49 33.545967 23.279970 541.956996 38.336811 nan nan
14 50 32.634290 22.564509 509.157077 37.387344 nan nan
1 38 87.419059 51.803078 2683.558875 87.281574 nan nan
2 39 84.525156 51.920465 2695.734654 84.677338 nan nan
3 40 77.954808 50.781377 2578.748218 79.163076 nan nan
4 41 71.827292 48.184236 2321.720589 74.034981 nan nan
5 42 64.359180 44.859731 2012.395478 67.632225 nan nan
6 43 57.142140 42.013710 1765.151866 61.209311 nan nan
7 44 48.805112 37.371759 1396.648338 53.717194 nan nan
8 45 47.473713 36.687188 1345.949761 52.555149 nan nan
9 46 44.403046 34.089798 1162.114353 49.656986 nan nan
10 47 36.534237 27.728631 768.876993 41.913753 nan nan
11 48 34.653392 25.036069 626.804769 39.781621 nan nan
12 49 28.712608 20.139777 405.610622 33.310990 nan nan
13 50 27.346340 19.122743 365.679295 31.799276 nan nan
1 39 85.382570 51.677202 2670.533208 85.564702 nan nan
2 40 81.781089 51.879540 2691.486684 82.466782 nan nan
3 41 79.417105 51.436670 2645.731059 80.348853 nan nan
4 42 73.378072 50.148065 2514.828374 75.279241 nan nan
5 43 69.448091 47.710694 2276.310367 71.886335 nan nan
6 44 61.543397 45.324187 2054.281971 65.064771 nan nan
7 45 60.147836 45.393670 2060.585250 63.742404 nan nan
8 46 50.915913 39.274759 1542.506703 55.716756 nan nan
9 47 45.903103 35.135050 1234.471705 51.317979 nan nan
10 48 45.007993 31.915254 1018.583445 50.169330 nan nan
11 49 35.086088 24.962181 623.110460 40.185260 nan nan
12 50 34.470908 23.769953 565.010668 39.417266 nan nan
1 40 86.168074 51.734529 2676.461496 86.247014 nan nan
2 41 81.365568 51.132344 2614.516637 82.163140 nan nan
3 42 72.198978 48.270645 2330.055135 74.547753 nan nan
4 43 62.704698 45.533219 2073.274015 66.422730 nan nan
5 44 54.343401 42.470435 1803.737881 59.088701 nan nan
6 45 53.651776 41.230396 1699.945584 58.523034 nan nan
7 46 49.990017 38.342965 1470.182947 55.162440 nan nan
8 47 40.363167 31.831721 1013.258461 46.002616 nan nan
9 48 37.033510 27.884454 777.542779 42.509739 nan nan
10 49 29.207699 21.598862 466.510824 34.212460 nan nan
11 50 27.667210 20.256966 410.344663 32.496438 nan nan
1 41 86.348343 51.743942 2677.435583 86.410091 nan nan
2 42 81.835515 51.757363 2678.824646 82.552184 nan nan
3 43 77.196216 50.098726 2509.882318 78.643454 nan nan
4 44 67.604930 46.964566 2205.670500 70.603899 nan nan
5 45 67.741884 48.681816 2369.919229 70.359439 nan nan
6 46 58.886215 45.503584 2070.576158 62.943198 nan nan
7 47 53.600150 40.564812 1645.503933 58.560389 nan nan
8 48 49.984489 35.761555 1278.888828 55.097560 nan nan
9 49 37.055270 27.612407 762.444997 42.581056 nan nan
10 50 36.182749 25.640144 657.416973 41.463257 nan nan
